T68550740 000:000.477   SEGGER J-Link V7.82c Log File
T68550740 000:000.606   DLL Compiled: Nov 16 2022 17:02:50
T68550740 000:000.610   Logging started @ 2023-11-01 14:30
T68550740 000:000.614 - 0.616ms
T68550740 000:000.619 JLINK_GetDLLVersion()
T68550740 000:000.623 - 0.005ms returns 78203
T68550740 000:000.798 JLINK_OpenEx(...)
T68550740 000:226.717   Firmware: J-Link V9 compiled May  7 2021 16:26:12
T68550740 000:256.736   Firmware: J-Link V9 compiled May  7 2021 16:26:12
T68550740 000:256.946   Decompressing FW timestamp took 181 us
T68550740 000:411.028   Hardware: V9.30
T68550740 000:411.056   S/N: 36310083
T68550740 000:411.062   OEM: SEGGER
T68550740 000:411.068   Feature(s): RDI, GDB, FlashDL, FlashBP, JFlash
T68550740 000:487.916   TELNET listener socket opened on port 19021
T68550740 000:488.007   WEBSRV WEBSRV_Init(): Starting webserver thread(s)
T68550740 000:488.077   WEBSRV Webserver running on local port 19080
T68550740 000:488.085 - 487.289ms returns "O.K."
T68550740 000:488.172 JLINK_ExecCommand("ProjectFile="/opt/work/workspaces/defaut/ADC_UART_FREERTOS/ADC_UART_FREERTOS Debug_Flat.jlink"", ...). 
T68550740 000:498.017 - 9.864ms returns 0x00
T68550740 000:498.183 JLINK_ExecCommand("device=R7FA2L1A9", ...). 
T68550740 000:498.447   Device "R7FA2L1A9" selected.
T68550740 000:498.557 - 0.370ms returns 0x00
T68550740 000:498.581 JLINK_ExecCommand("SetCPUConnectIDCODE = FFFFFFFFFFFFFFFFFFFFFFFFFFFFFFFF", ...). 
T68550740 000:498.587 - 0.004ms returns 0x00
T68550740 000:498.592 JLINK_TIF_GetAvailable(...)
T68550740 000:518.832 - 20.263ms
T68550740 000:518.874 JLINK_TIF_Select(JLINKARM_TIF_SWD)
T68550740 000:579.078 - 60.231ms returns 0x00
T68550740 000:579.121 JLINK_SetSpeed(4000)
T68550740 000:593.667 - 14.572ms
T68550740 000:593.710 JLINK_SetEndian(ARM_ENDIAN_LITTLE)
T68550740 000:593.715 - 0.009ms returns 0
T68550740 000:593.725 JLINK_SetInitRegsOnReset(OFF)
T68550740 000:593.731 - 0.008ms returns 1
T68550740 000:593.741 JLINK_SetResetType(JLINKARM_RESET_TYPE_NO_RESET)
T68550740 000:593.746 - 0.008ms returns JLINKARM_RESET_TYPE_NORMAL
T68550740 000:593.758 JLINK_ExecCommand("EnableFlashBPs", ...). 
T68550740 000:593.769 - 0.004ms returns 0x00
T68550740 000:593.818 JLINK_ExecCommand("SetAllowFlashCache = 1", ...). 
T68550740 000:593.826 - 0.004ms returns 0x01
T68550740 000:593.832 JLINK_ExecCommand("SetRestartOnClose = 0", ...). 
T68550740 000:593.839 - 0.014ms returns 0x01
T68550740 000:593.856 JLINK_EnableSoftBPs(ON)
T68550740 000:593.861 - 0.007ms
T68550740 000:593.866 JLINK_Connect()
T68550740 000:638.894   Found SW-DP with ID 0x5BA02477
T68550740 001:000.353   Found SW-DP with ID 0x5BA02477
T68550740 001:091.451   DPIDR: 0x5BA02477
T68550740 001:091.476   CoreSight SoC-400 or earlier
T68550740 001:091.483   Scanning AP map to find all available APs
T68550740 001:137.013   AP[2]: Stopped AP scan as end of AP map has been reached
T68550740 001:137.041   AP[0]: AHB-AP (IDR: 0x74770001)
T68550740 001:137.046   AP[1]: APB-AP (IDR: 0x44770002)
T68550740 001:137.052   Iterating through AP map to find AHB-AP to use
T68550740 001:167.426   AP[0]: Core found
T68550740 001:167.452   AP[0]: AHB-AP ROM base: 0x4001A000
T68550740 001:182.484   CPUID register: 0x411CD200. Implementer code: 0x41 (ARM)
T68550740 001:182.513   Feature set: Baseline
T68550740 001:182.520   Found Cortex-M23 r1p0, Little endian.
T68550740 001:213.019   -- Max. mem block: 0x00010AA0
T68550740 001:242.682   CPU_ReadMem(4 bytes @ 0xE000EDF0)
T68550740 001:257.382   CPU_WriteMem(4 bytes @ 0xE000EDF0)
T68550740 001:272.296   CPU_ReadMem(4 bytes @ 0xE0002000)
T68550740 001:288.774   FPUnit: 4 code (BP) slots and 0 literal slots
T68550740 001:288.806   CPU_ReadMem(4 bytes @ 0xE000EDFC)
T68550740 001:303.632   CPU_WriteMem(4 bytes @ 0xE000EDFC)
T68550740 001:318.497   CPU_ReadMem(4 bytes @ 0xE0001000)
T68550740 001:333.375   CPU_ReadMem(4 bytes @ 0xE0001000)
T68550740 001:348.339   CPU_ReadMem(4 bytes @ 0xE0001028)
T68550740 001:363.324   CPU_ReadMem(4 bytes @ 0xE0001038)
T68550740 001:378.085   CPU_WriteMem(4 bytes @ 0xE0001000)
T68550740 001:392.777   CPU_ReadMem(4 bytes @ 0xE000ED88)
T68550740 001:407.489   CPU_WriteMem(4 bytes @ 0xE000ED88)
T68550740 001:422.217   CPU_ReadMem(4 bytes @ 0xE000ED88)
T68550740 001:437.219   CPU_WriteMem(4 bytes @ 0xE000ED88)
T68550740 001:452.074   CPU_ReadMem(4 bytes @ 0xE000EFB8)
T68550740 001:467.502   Security extension: not implemented
T68550740 001:467.529   CoreSight components:
T68550740 001:467.536   ROMTbl[0] @ 4001A000
T68550740 001:467.546   CPU_ReadMem(64 bytes @ 0x4001A000)
T68550740 001:482.728   CPU_ReadMem(32 bytes @ 0xE000EFE0)
T68550740 001:497.600   CPU_ReadMem(4 bytes @ 0xE000EFBC)
T68550740 001:512.593   CPU_ReadMem(4 bytes @ 0xE000EFCC)
T68550740 001:527.483   [0][0]: E000E000 CID B105900D PID 000BBD20 DEVARCH 47702A04 DEVTYPE 00 Cortex-M23
T68550740 001:527.514   CPU_ReadMem(32 bytes @ 0xE0001FE0)
T68550740 001:542.929   CPU_ReadMem(4 bytes @ 0xE0001FBC)
T68550740 001:557.880   CPU_ReadMem(4 bytes @ 0xE0001FCC)
T68550740 001:572.575   [0][1]: E0001000 CID B105900D PID 000BBD20 DEVARCH 47701A02 DEVTYPE 00 DWT
T68550740 001:572.602   CPU_ReadMem(32 bytes @ 0xE0002FE0)
T68550740 001:587.738   CPU_ReadMem(4 bytes @ 0xE0002FBC)
T68550740 001:602.451   CPU_ReadMem(4 bytes @ 0xE0002FCC)
T68550740 001:617.198   [0][2]: E0002000 CID B105900D PID 000BBD20 DEVARCH 47701A03 DEVTYPE 00 FPB
T68550740 001:617.224   CPU_ReadMem(32 bytes @ 0x40019FE0)
T68550740 001:632.097   CPU_ReadMem(4 bytes @ 0x40019FBC)
T68550740 001:647.006   CPU_ReadMem(4 bytes @ 0x40019FCC)
T68550740 001:661.679   [0][3]: 40019000 CID B105900D PID 000BBD20 DEVARCH 47710A31 DEVTYPE 31 MTB
T68550740 001:661.750 - 1067.887ms returns 0x00
T68550740 001:661.768 JLINK_ResetPullsRESET(ON)
T68550740 001:661.773 - 0.007ms
T68550740 001:661.781 JLINK_Halt()
T68550740 001:692.960 - 31.201ms returns 0x00
T68550740 001:692.996 JLINK_IsHalted()
T68550740 001:707.583 - 14.607ms returns TRUE
T68550740 001:707.618 JLINK_Reset()
T68550740 001:707.645   CPU_WriteMem(4 bytes @ 0xE000EDF0)
T68550740 001:722.812   CPU_ReadMem(4 bytes @ 0xE000ED44)
T68550740 001:737.608   CPU_WriteMem(4 bytes @ 0xE000EDFC)
T68550740 001:752.636   Reset: Halt core after reset via DEMCR.VC_CORERESET.
T68550740 001:782.131   Reset: Reset device via AIRCR.SYSRESETREQ.
T68550740 001:782.166   CPU_WriteMem(4 bytes @ 0xE000ED0C)
T68550740 001:913.803   CPU_ReadMem(4 bytes @ 0xE000EDF0)
T68550740 001:928.820   CPU_ReadMem(4 bytes @ 0xE000EDF0)
T68550740 001:943.649   CPU_WriteMem(4 bytes @ 0xE000EDF0)
T68550740 001:958.489   CPU_WriteMem(4 bytes @ 0xE000EDFC)
T68550740 001:978.545   CPU_ReadMem(4 bytes @ 0xE000EDF0)
T68550740 002:028.037   CPU_WriteMem(4 bytes @ 0xE0002000)
T68550740 002:042.646   CPU_ReadMem(4 bytes @ 0xE000EDFC)
T68550740 002:057.851   CPU_ReadMem(4 bytes @ 0xE0001000)
T68550740 002:073.129   CPU_WriteMem(4 bytes @ 0xE0001000)
T68550740 002:088.090   CPU_ReadMem(4 bytes @ 0xE000EE08)
T68550740 002:103.558 - 395.959ms
T68550740 002:118.899 JLINK_IsHalted()
T68550740 002:118.928 - 0.032ms returns TRUE
T68550740 002:119.137 JLINK_MeasureCPUSpeed(RAMAddr = 0xFFFFFFFF)
T68550740 002:119.156   CPU_ReadMem(16 bytes @ 0x20000000)
T68550740 002:136.833   CPU_ReadMem(64 bytes @ 0x20000000)
T68550740 002:152.391    -- Updating C cache (64 bytes @ 0x20000000)
T68550740 002:152.417    -- Read from C cache (6 bytes @ 0x20000000)
T68550740 002:152.431   CPU_ReadMem(4 bytes @ 0x40019004)
T68550740 002:167.577   CPU_ReadMem(4 bytes @ 0xE000ED90)
T68550740 002:182.262   CPU_ReadMem(4 bytes @ 0xE000ED94)
T68550740 002:197.375   CPU_WriteMem(16 bytes @ 0x20000000)
T68550740 002:212.332   CPU_WriteMem(6 bytes @ 0x20000000)
T68550740 002:227.171   CPU_ReadMem(64 bytes @ 0x20000000)
T68550740 002:242.469    -- Updating C cache (64 bytes @ 0x20000000)
T68550740 002:242.492    -- Read from C cache (6 bytes @ 0x20000000)
T68550740 002:242.508   CPU_ReadMem(4 bytes @ 0xE000EE08)
T68550740 002:257.490   CPU_WriteMem(4 bytes @ 0xE0002008)
T68550740 002:257.519   CPU_WriteMem(4 bytes @ 0xE000200C)
T68550740 002:257.537   CPU_WriteMem(4 bytes @ 0xE0002010)
T68550740 002:257.542   CPU_WriteMem(4 bytes @ 0xE0002014)
T68550740 002:394.596   CPU_WriteMem(4 bytes @ 0xE0002008)
T68550740 002:409.959   CPU_WriteMem(4 bytes @ 0xE000200C)
T68550740 002:425.262   CPU_WriteMem(4 bytes @ 0xE0002010)
T68550740 002:439.894   CPU_WriteMem(4 bytes @ 0xE0002014)
T68550740 002:454.799   CPU_ReadMem(4 bytes @ 0xE000EE08)
T68550740 002:469.733   CPU_ReadMem(4 bytes @ 0xE000EE08)
T68550740 002:484.459   CPU_ReadMem(4 bytes @ 0xE000EE08)
T68550740 002:589.088   CPU_WriteMem(6 bytes @ 0x20000000)
T68550740 002:604.564   ClockFreq: 500400 Hz
T68550740 002:604.598 - 485.463ms returns 500400
T68550740 002:604.616 JLINK_ReadReg(XPSR)
T68550740 002:619.658   CPU_ReadMem(4 bytes @ 0xE000EE08)
T68550740 002:634.880 - 30.287ms returns 0x21000000
T68550740 002:634.990 JLINK_IsHalted()
T68550740 002:634.997 - 0.009ms returns TRUE
T68550740 002:635.004 JLINK_ReadReg(XPSR)
T68550740 002:635.012 - 0.010ms returns 0x21000000
T68550740 002:635.017 JLINK_ReadReg(R15 (PC))
T68550740 002:635.022 - 0.006ms returns 0x00002700
T68550740 002:635.028 JLINK_ReadReg(XPSR)
T68550740 002:635.032 - 0.006ms returns 0x21000000
T68550740 002:635.038 JLINK_ReadMem(0x00002700, 0x1 Bytes, ...)
T68550740 002:635.049   CPU_ReadMem(64 bytes @ 0x00002700)
T68550740 002:650.597    -- Updating C cache (64 bytes @ 0x00002700)
T68550740 002:650.624    -- Read from C cache (1 bytes @ 0x00002700)
T68550740 002:650.633   Data:  10
T68550740 002:650.640 - 15.605ms returns 0
T5BFFF6C0 002:706.946 JLINK_ReadReg(XPSR)
T5BFFF6C0 002:706.988 - 0.047ms returns 0x21000000
T5BFFF6C0 002:759.935 JLINK_Halt()
T5BFFF6C0 002:759.969 - 0.038ms returns 0x00
T5BFFF6C0 002:762.246 JLINK_WriteMem(0x200010B4, 0x4 Bytes, ...)
T5BFFF6C0 002:762.271   Data:  00 00 00 00
T5BFFF6C0 002:763.213   CPU_WriteMem(4 bytes @ 0x200010B4)
T5BFFF6C0 002:782.931 - 20.718ms returns 0x4
T5BFFF6C0 002:833.843 JLINK_ReadReg(XPSR)
T5BFFF6C0 002:833.890 - 0.062ms returns 0x21000000
T5BFFF6C0 002:833.930 JLINK_ReadMem(0x200010B4, 0x4 Bytes, ...)
T5BFFF6C0 002:833.948   CPU_ReadMem(64 bytes @ 0x20001080)
T5BFFF6C0 002:852.917    -- Updating C cache (64 bytes @ 0x20001080)
T5BFFF6C0 002:852.958    -- Read from C cache (4 bytes @ 0x200010B4)
T5BFFF6C0 002:852.970   Data:  00 00 00 00
T5BFFF6C0 002:852.982 - 19.056ms returns 0
T5BFFF6C0 002:853.013 JLINK_ReadMem(0x2000118C, 0x4 Bytes, ...)
T5BFFF6C0 002:853.033   CPU_ReadMem(64 bytes @ 0x20001180)
T5BFFF6C0 002:868.606    -- Updating C cache (64 bytes @ 0x20001180)
T5BFFF6C0 002:868.634    -- Read from C cache (4 bytes @ 0x2000118C)
T5BFFF6C0 002:868.642   Data:  04 0F 00 20
T5BFFF6C0 002:868.649 - 15.638ms returns 0
T5BFFF6C0 002:868.676 JLINK_ReadMem(0x00000000, 0x4 Bytes, ...)
T5BFFF6C0 002:868.691   CPU_ReadMem(64 bytes @ 0x00000000)
T5BFFF6C0 002:885.061    -- Updating C cache (64 bytes @ 0x00000000)
T5BFFF6C0 002:885.097    -- Read from C cache (4 bytes @ 0x00000000)
T5BFFF6C0 002:885.109   Data:  90 16 00 20
T5BFFF6C0 002:885.119 - 16.446ms returns 0
T5BFFF6C0 002:936.375 JLINK_ReadReg(XPSR)
T5BFFF6C0 002:936.428 - 0.057ms returns 0x21000000
T5BFFF6C0 002:936.453 JLINK_ReadMem(0x200010B4, 0x4 Bytes, ...)
T5BFFF6C0 002:936.469    -- Read from C cache (4 bytes @ 0x200010B4)
T5BFFF6C0 002:936.478   Data:  00 00 00 00
T5BFFF6C0 002:936.487 - 0.037ms returns 0
T5BFFF6C0 002:936.495 JLINK_ReadMem(0x2000118C, 0x4 Bytes, ...)
T5BFFF6C0 002:936.503    -- Read from C cache (4 bytes @ 0x2000118C)
T5BFFF6C0 002:936.511   Data:  04 0F 00 20
T5BFFF6C0 002:936.519 - 0.027ms returns 0
T5BFFF6C0 002:936.526 JLINK_ReadMem(0x00000000, 0x4 Bytes, ...)
T5BFFF6C0 002:936.534    -- Read from C cache (4 bytes @ 0x00000000)
T5BFFF6C0 002:936.551   Data:  90 16 00 20
T5BFFF6C0 002:936.559 - 0.036ms returns 0
T5BFFF6C0 002:937.062 JLINK_ReadReg(XPSR)
T5BFFF6C0 002:937.086 - 0.028ms returns 0x21000000
T5BFFF6C0 002:937.102 JLINK_ReadMem(0x200010B4, 0x4 Bytes, ...)
T5BFFF6C0 002:937.116    -- Read from C cache (4 bytes @ 0x200010B4)
T5BFFF6C0 002:937.141   Data:  00 00 00 00
T5BFFF6C0 002:937.149 - 0.050ms returns 0
T5BFFF6C0 002:937.156 JLINK_ReadMem(0x2000118C, 0x4 Bytes, ...)
T5BFFF6C0 002:937.164    -- Read from C cache (4 bytes @ 0x2000118C)
T5BFFF6C0 002:937.172   Data:  04 0F 00 20
T5BFFF6C0 002:937.179 - 0.026ms returns 0
T5BFFF6C0 002:937.186 JLINK_ReadMem(0x00000000, 0x4 Bytes, ...)
T5BFFF6C0 002:937.194    -- Read from C cache (4 bytes @ 0x00000000)
T5BFFF6C0 002:937.202   Data:  90 16 00 20
T5BFFF6C0 002:937.210 - 0.027ms returns 0
T5BFFF6C0 003:140.809 JLINK_ReadMem(0x2000050E, 0x2 Bytes, ...)
T5BFFF6C0 003:140.866   CPU_ReadMem(64 bytes @ 0x20000500)
T5BFFF6C0 003:217.182    -- Updating C cache (64 bytes @ 0x20000500)
T5BFFF6C0 003:217.213    -- Read from C cache (2 bytes @ 0x2000050E)
T5BFFF6C0 003:217.221   Data:  6E 0E
T5BFFF6C0 003:217.229 - 76.423ms returns 0
T5BFFF6C0 003:267.642 JLINK_ReadMem(0x200004FC, 0x1 Bytes, ...)
T5BFFF6C0 003:267.695   CPU_ReadMem(64 bytes @ 0x200004C0)
T5BFFF6C0 003:340.730    -- Updating C cache (64 bytes @ 0x200004C0)
T5BFFF6C0 003:340.766    -- Read from C cache (1 bytes @ 0x200004FC)
T5BFFF6C0 003:340.776   Data:  01
T5BFFF6C0 003:340.793 - 73.156ms returns 0
T5BFFF6C0 003:391.563 JLINK_ReadMem(0x20000500, 0x4 Bytes, ...)
T5BFFF6C0 003:391.617    -- Read from C cache (4 bytes @ 0x20000500)
T5BFFF6C0 003:391.630   Data:  00 00 00 00
T5BFFF6C0 003:391.643 - 0.085ms returns 0
T5BFFF6C0 003:442.066 JLINK_ReadMem(0x20000504, 0x4 Bytes, ...)
T5BFFF6C0 003:442.108    -- Read from C cache (4 bytes @ 0x20000504)
T5BFFF6C0 003:442.117   Data:  99 C9 CF 3F
T5BFFF6C0 003:442.126 - 0.063ms returns 0
T5BFFF6C0 006:041.061 JLINK_ReadMem(0x2000050E, 0x2 Bytes, ...)
T5BFFF6C0 006:041.114    -- Read from C cache (2 bytes @ 0x2000050E)
T5BFFF6C0 006:041.124   Data:  6E 0E
T5BFFF6C0 006:041.134 - 0.075ms returns 0
T5BFFF6C0 006:091.553 JLINK_ReadMem(0x200004FC, 0x1 Bytes, ...)
T5BFFF6C0 006:091.601    -- Read from C cache (1 bytes @ 0x200004FC)
T5BFFF6C0 006:091.610   Data:  01
T5BFFF6C0 006:091.620 - 0.070ms returns 0
T5BFFF6C0 006:092.716 JLINK_ReadMem(0x20000500, 0x4 Bytes, ...)
T5BFFF6C0 006:092.754    -- Read from C cache (4 bytes @ 0x20000500)
T5BFFF6C0 006:092.764   Data:  00 00 00 00
T5BFFF6C0 006:092.773 - 0.061ms returns 0
T5BFFF6C0 006:143.307 JLINK_ReadMem(0x20000504, 0x4 Bytes, ...)
T5BFFF6C0 006:143.352    -- Read from C cache (4 bytes @ 0x20000504)
T5BFFF6C0 006:143.362   Data:  99 C9 CF 3F
T5BFFF6C0 006:143.371 - 0.068ms returns 0
T5BFFF6C0 006:295.665 JLINK_SetEndian(ARM_ENDIAN_LITTLE)
T5BFFF6C0 006:295.692 - 0.030ms returns 0
T5BFFF6C0 006:295.757 JLINK_BeginDownload(Flags = 0x00000000)
T5BFFF6C0 006:295.767 - 0.014ms
T5BFFF6C0 006:346.656 JLINK_WriteMem(0x00000000, 0xBC0 Bytes, ...)
T5BFFF6C0 006:346.688   Data:  90 16 00 20 B1 26 00 00 9D 25 00 00 AD 26 00 00 ...
T5BFFF6C0 006:347.629   completely In flash
T5BFFF6C0 006:347.645 - 0.992ms returns 0xBC0
T5BFFF6C0 006:348.394 JLINK_WriteMem(0x00000BC0, 0xBC0 Bytes, ...)
T5BFFF6C0 006:348.413   Data:  1D D9 30 21 05 A8 FF F7 E1 FD 08 9B 01 3E 00 2B ...
T5BFFF6C0 006:348.437   completely In flash
T5BFFF6C0 006:348.446 - 0.055ms returns 0xBC0
T5BFFF6C0 006:348.702 JLINK_WriteMem(0x00001780, 0xBB0 Bytes, ...)
T5BFFF6C0 006:348.713   Data:  01 26 55 46 37 00 15 40 AF 40 4E F2 00 15 CE F2 ...
T5BFFF6C0 006:348.725   completely In flash
T5BFFF6C0 006:348.734 - 0.035ms returns 0xBB0
T5BFFF6C0 006:348.950 JLINK_WriteMem(0x00002330, 0xBC0 Bytes, ...)
T5BFFF6C0 006:348.962   Data:  00 04 D9 B2 1B 07 C0 18 80 18 43 08 8A 46 1F 22 ...
T5BFFF6C0 006:348.975   completely In flash
T5BFFF6C0 006:348.984 - 0.038ms returns 0xBC0
T5BFFF6C0 006:349.224 JLINK_WriteMem(0x00002EF0, 0xBD0 Bytes, ...)
T5BFFF6C0 006:349.234   Data:  4F 8F BF F3 6F 8F B2 E7 44 F6 80 73 45 F2 10 02 ...
T5BFFF6C0 006:349.247   completely In flash
T5BFFF6C0 006:349.255 - 0.035ms returns 0xBD0
T5BFFF6C0 006:349.491 JLINK_WriteMem(0x00003AC0, 0xB90 Bytes, ...)
T5BFFF6C0 006:349.502   Data:  13 60 C2 F2 00 04 23 68 C2 F2 00 00 01 E0 23 B3 ...
T5BFFF6C0 006:349.529   completely In flash
T5BFFF6C0 006:349.538 - 0.050ms returns 0xB90
T5BFFF6C0 006:349.816 JLINK_WriteMem(0x00004650, 0xBC0 Bytes, ...)
T5BFFF6C0 006:349.829   Data:  00 22 F3 1A 0C 40 E8 E7 54 4B 2A 1A 3B 40 E4 E7 ...
T5BFFF6C0 006:349.842   completely In flash
T5BFFF6C0 006:349.851 - 0.038ms returns 0xBC0
T5BFFF6C0 006:349.950 JLINK_WriteMem(0x00005210, 0x1E4 Bytes, ...)
T5BFFF6C0 006:349.960   Data:  43 42 00 FF 70 78 54 69 6D 65 4F 75 74 00 FF FF ...
T5BFFF6C0 006:349.970   completely In flash
T5BFFF6C0 006:349.978 - 0.031ms returns 0x1E4
T5BFFF6C0 006:350.293 JLINK_WriteMem(0x000053F4, 0x10 Bytes, ...)
T5BFFF6C0 006:350.307   Data:  08 00 07 00 04 00 00 00 81 05 00 00 51 05 00 00
T5BFFF6C0 006:350.324   completely In flash
T5BFFF6C0 006:350.341 - 0.053ms returns 0x10
T5BFFF6C0 006:350.735 JLINK_WriteMem(0x01010018, 0x1C Bytes, ...)
T5BFFF6C0 006:350.755   Data:  FF FF FF FF FF FF FF FF FF FF FF FF FF FF FF FF ...
T5BFFF6C0 006:351.802   completely In flash
T5BFFF6C0 006:351.817 - 1.086ms returns 0x1C
T5BFFF6C0 006:402.886 JLINK_WriteMem(0x200010B4, 0x4 Bytes, ...)
T5BFFF6C0 006:402.918   Data:  00 00 00 00
T5BFFF6C0 006:421.811   CPU_ReadMem(4 bytes @ 0x40019004)
T5BFFF6C0 006:436.827   CPU_ReadMem(4 bytes @ 0xE000ED90)
T5BFFF6C0 006:451.695   CPU_ReadMem(4 bytes @ 0xE000ED94)
T5BFFF6C0 006:525.174    -- --------------------------------------
T5BFFF6C0 006:525.218   Flash bank @ 0x01010010: Default: L2 verify disabled because algorithm performs L1 verify
T5BFFF6C0 006:525.225    -- Start of determining dirty areas in flash cache
T5BFFF6C0 006:525.239    -- Filling invalid ranges in sector buffer (flash cache) for sector @ 0x01010010 if necessary
T5BFFF6C0 006:525.248    -- End of determining dirty areas
T5BFFF6C0 006:525.253    -- Start of preparing flash programming
T5BFFF6C0 006:525.260    -- Calculating RAM usage
T5BFFF6C0 006:525.275    -- RAM usage = 3492 Bytes
T5BFFF6C0 006:525.281    -- Preserving CPU registers
T5BFFF6C0 006:525.313    -- Determining CPU clock frequency
T5BFFF6C0 007:024.960    -- Preparing target
T5BFFF6C0 007:426.290    -- Preserving target RAM temporarily used for programming
T5BFFF6C0 007:457.437    -- Downloading RAMCode
T5BFFF6C0 007:580.148    -- Preparing RAMCode
T5BFFF6C0 007:779.777    -- Checking target RAM
T5BFFF6C0 007:809.748    -- CPU frequency = 8000 kHz
T5BFFF6C0 007:809.774    -- End of preparing flash programming
T5BFFF6C0 007:809.807   Looking for J-Link GUI Server exe at: ARM/Segger_v7.82.3/JLinkGUIServerExe
T5BFFF6C0 007:809.815   Looking for J-Link GUI Server exe at: /opt/SEGGER/JLink/JLinkGUIServerExe
T5BFFF6C0 008:111.618   Failed to connect to J-Link GUI Server.
T5BFFF6C0 008:111.655   CPU is running at low speed (8000 kHz).
T5BFFF6C0 008:111.661    -- CPU is running at 8000 kHz.
T5BFFF6C0 008:111.670    -- Start of comparing flash
T5BFFF6C0 008:111.679    -- CRC check was estimated as fastest method
T5BFFF6C0 008:111.689    -- Comparing range 0x1010010 - 0x101003F (1 Sector, 48 Bytes), using multi-block CRC calculation
T5BFFF6C0 008:203.743    -- All CRCs match
T5BFFF6C0 008:203.776    -- Comparing range 0x1010010 - 0x101003F (1 Sector, 48 Bytes), using alternative multi-block CRC calculation
T5BFFF6C0 008:233.295    -- All CRCs match
T5BFFF6C0 008:233.321    -- End of comparing flash
T5BFFF6C0 008:233.328    -- Start of erasing sectors
T5BFFF6C0 008:233.334    -- End of erasing sectors
T5BFFF6C0 008:233.340    -- Start of flash programming
T5BFFF6C0 008:233.345    -- End of flash programming
T5BFFF6C0 008:233.351    -- Start of restoring
T5BFFF6C0 008:233.358    -- Restoring RAMCode
T5BFFF6C0 008:288.733    -- Restoring target memory
T5BFFF6C0 008:317.795    -- Restore target
T5BFFF6C0 008:375.703    -- Restoring CPU registers
T5BFFF6C0 008:390.193    -- End of restoring
T5BFFF6C0 008:390.224    -- Bank 0 @ 0x01010010: Skipped. Contents already match
T5BFFF6C0 008:390.230    -- Bank 0 @ 0x01010010: Skipped. Contents already match
T5BFFF6C0 008:390.240    -- --------------------------------------
T5BFFF6C0 008:390.258   Flash bank @ 0x00000000: Default: L2 verify disabled because algorithm performs L1 verify
T5BFFF6C0 008:390.264    -- Start of determining dirty areas in flash cache
T5BFFF6C0 008:390.272    -- Filling invalid ranges in sector buffer (flash cache) for sector @ 0x00000000 if necessary
T5BFFF6C0 008:390.279    -- Filling invalid ranges in sector buffer (flash cache) for sector @ 0x00000800 if necessary
T5BFFF6C0 008:390.285    -- Filling invalid ranges in sector buffer (flash cache) for sector @ 0x00001000 if necessary
T5BFFF6C0 008:390.292    -- Filling invalid ranges in sector buffer (flash cache) for sector @ 0x00001800 if necessary
T5BFFF6C0 008:390.297    -- Filling invalid ranges in sector buffer (flash cache) for sector @ 0x00002000 if necessary
T5BFFF6C0 008:390.303    -- Filling invalid ranges in sector buffer (flash cache) for sector @ 0x00002800 if necessary
T5BFFF6C0 008:390.309    -- Filling invalid ranges in sector buffer (flash cache) for sector @ 0x00003000 if necessary
T5BFFF6C0 008:390.315    -- Filling invalid ranges in sector buffer (flash cache) for sector @ 0x00003800 if necessary
T5BFFF6C0 008:390.321    -- Filling invalid ranges in sector buffer (flash cache) for sector @ 0x00004000 if necessary
T5BFFF6C0 008:390.327    -- Filling invalid ranges in sector buffer (flash cache) for sector @ 0x00004800 if necessary
T5BFFF6C0 008:390.333    -- Filling invalid ranges in sector buffer (flash cache) for sector @ 0x00005000 if necessary
T5BFFF6C0 008:390.361    -- End of determining dirty areas
T5BFFF6C0 008:390.367    -- Start of preparing flash programming
T5BFFF6C0 008:390.373    -- Calculating RAM usage
T5BFFF6C0 008:390.389    -- RAM usage = 4308 Bytes
T5BFFF6C0 008:390.394    -- Preserving CPU registers
T5BFFF6C0 008:390.414    -- Determining CPU clock frequency
T5BFFF6C0 008:718.979    -- Preparing target
T5BFFF6C0 008:951.840    -- Preserving target RAM temporarily used for programming
T5BFFF6C0 008:989.747    -- Downloading RAMCode
T5BFFF6C0 009:063.433    -- Preparing RAMCode
T5BFFF6C0 009:288.232    -- Checking target RAM
T5BFFF6C0 009:318.462    -- CPU frequency = 8000 kHz
T5BFFF6C0 009:318.495    -- End of preparing flash programming
T5BFFF6C0 009:318.510   CPU is running at low speed (8000 kHz).
T5BFFF6C0 009:318.518    -- CPU is running at 8000 kHz.
T5BFFF6C0 009:318.527    -- Start of comparing flash
T5BFFF6C0 009:318.538    -- CRC check was estimated as fastest method
T5BFFF6C0 009:318.549    -- Comparing range 0x0000 - 0x57FF (11 Sectors, 22 KB), using multi-block CRC calculation
T5BFFF6C0 009:363.897    -- CRC does not match for sectors 0-10
T5BFFF6C0 009:363.936    -- End of comparing flash
T5BFFF6C0 009:363.948    -- Start of erasing sectors
T5BFFF6C0 009:363.961    -- Erasing range 0x00000000 - 0x000057FF ( 11 Sectors, 22 KB)
T5BFFF6C0 009:617.465    -- End of erasing sectors
T5BFFF6C0 009:617.500    -- Start of flash programming
T5BFFF6C0 009:617.509    -- Programming range 0x00000000 - 0x00003FFF (  8 Sectors, 16 KB)
T5BFFF6C0 010:065.357    -- Programming range 0x00004000 - 0x000057FF (  3 Sectors, 6 KB)
T5BFFF6C0 010:267.029    -- End of flash programming
T5BFFF6C0 010:267.055    -- 0x0000 - 0x57FF ( 11 Sectors, 22 KiB)
T5BFFF6C0 010:267.062    -- Start of restoring
T5BFFF6C0 010:267.068    -- Restoring RAMCode
T5BFFF6C0 010:355.430    -- Restoring target memory
T5BFFF6C0 010:392.773    -- Restore target
T5BFFF6C0 010:462.119    -- Restoring CPU registers
T5BFFF6C0 010:476.865    -- End of restoring
T5BFFF6C0 010:476.913    -- Bank 1 @ 0x00000000: 1 range affected (22528 bytes)
T5BFFF6C0 010:476.921    -- Total: 2.086s (Prepare: 0.928s, Compare: 0.045s, Erase: 0.253s, Program & Verify: 0.691s, Restore: 0.168s)
T5BFFF6C0 010:476.928    -- Program & Verify speed: 31 KB/s
T5BFFF6C0 010:491.986   CPU_WriteMem(4 bytes @ 0x200010B4)
T5BFFF6C0 010:506.909 - 4104.048ms returns 0x4
T5BFFF6C0 010:536.183 JLINK_EndDownload()
T5BFFF6C0 010:536.220 - 0.040ms returns 0 (0x0)
T5BFFF6C0 010:536.324 JLINK_WriteReg(R15 (PC), 0x000026B0)
T5BFFF6C0 010:536.338 - 0.016ms returns 0
T5BFFF6C0 010:536.343 JLINK_WriteReg(XPSR, 0x01000000)
T5BFFF6C0 010:536.348 - 0.007ms returns 0
T5BFFF6C0 010:536.361 JLINK_ResetPullsRESET(ON)
T5BFFF6C0 010:536.365 - 0.006ms
T5BFFF6C0 010:536.369 JLINK_Halt()
T5BFFF6C0 010:551.706 - 15.362ms returns 0x00
T5BFFF6C0 010:551.740 JLINK_IsHalted()
T5BFFF6C0 010:551.747 - 0.009ms returns TRUE
T5BFFF6C0 010:551.753 JLINK_Reset()
T5BFFF6C0 010:551.929   CPU_ReadMem(4 bytes @ 0x20000000)
T5BFFF6C0 010:567.145   CPU_WriteMem(4 bytes @ 0x20000000)
T5BFFF6C0 010:582.516   CPU_WriteMem(4 bytes @ 0xE000EDF0)
T5BFFF6C0 010:597.762   CPU_ReadMem(4 bytes @ 0xE000ED44)
T5BFFF6C0 010:612.938   CPU_WriteMem(4 bytes @ 0xE000EDFC)
T5BFFF6C0 010:688.711   Reset: Halt core after reset via DEMCR.VC_CORERESET.
T5BFFF6C0 010:782.588   Reset: Reset device via AIRCR.SYSRESETREQ.
T5BFFF6C0 010:782.632   CPU_WriteMem(4 bytes @ 0xE000ED0C)
T5BFFF6C0 011:212.916   CPU_ReadMem(4 bytes @ 0xE000EDF0)
T5BFFF6C0 011:231.261   CPU_ReadMem(4 bytes @ 0xE000EDF0)
T5BFFF6C0 011:246.535   CPU_WriteMem(4 bytes @ 0xE000EDF0)
T5BFFF6C0 011:319.807   CPU_WriteMem(4 bytes @ 0xE000EDFC)
T5BFFF6C0 011:340.005   CPU_ReadMem(4 bytes @ 0xE000EDF0)
T5BFFF6C0 011:511.099   CPU_WriteMem(4 bytes @ 0xE0002000)
T5BFFF6C0 011:584.901   CPU_ReadMem(4 bytes @ 0xE000EDFC)
T5BFFF6C0 011:599.949   CPU_ReadMem(4 bytes @ 0xE0001000)
T5BFFF6C0 011:680.164   CPU_WriteMem(4 bytes @ 0xE0001000)
T5BFFF6C0 011:703.949   CPU_ReadMem(4 bytes @ 0xE000EE08)
T5BFFF6C0 011:723.050 - 1171.321ms
T5BFFF6C0 011:723.092 JLINK_SetEndian(ARM_ENDIAN_LITTLE)
T5BFFF6C0 011:723.099 - 0.010ms returns 0
T5BFFF6C0 011:773.524 JLINK_ResetPullsRESET(ON)
T5BFFF6C0 011:773.555 - 0.035ms
T5BFFF6C0 011:773.562 JLINK_Halt()
T5BFFF6C0 011:773.568 - 0.008ms returns 0x00
T5BFFF6C0 011:773.573 JLINK_IsHalted()
T5BFFF6C0 011:773.581 - 0.011ms returns TRUE
T5BFFF6C0 011:773.587 JLINK_Reset()
T5BFFF6C0 011:773.608   CPU_WriteMem(4 bytes @ 0xE000EDF0)
T5BFFF6C0 011:792.679   CPU_ReadMem(4 bytes @ 0xE000ED44)
T5BFFF6C0 011:807.737   CPU_WriteMem(4 bytes @ 0xE000EDFC)
T5BFFF6C0 011:823.245   Reset: Halt core after reset via DEMCR.VC_CORERESET.
T5BFFF6C0 011:853.958   Reset: Reset device via AIRCR.SYSRESETREQ.
T5BFFF6C0 011:854.002   CPU_WriteMem(4 bytes @ 0xE000ED0C)
T5BFFF6C0 011:985.977   CPU_ReadMem(4 bytes @ 0xE000EDF0)
T5BFFF6C0 012:001.740   CPU_ReadMem(4 bytes @ 0xE000EDF0)
T5BFFF6C0 012:016.738   CPU_WriteMem(4 bytes @ 0xE000EDF0)
T5BFFF6C0 012:031.857   CPU_WriteMem(4 bytes @ 0xE000EDFC)
T5BFFF6C0 012:052.076   CPU_ReadMem(4 bytes @ 0xE000EDF0)
T5BFFF6C0 012:102.899   CPU_WriteMem(4 bytes @ 0xE0002000)
T5BFFF6C0 012:117.682   CPU_ReadMem(4 bytes @ 0xE000EDFC)
T5BFFF6C0 012:132.581   CPU_ReadMem(4 bytes @ 0xE0001000)
T5BFFF6C0 012:147.485   CPU_WriteMem(4 bytes @ 0xE0001000)
T5BFFF6C0 012:162.838   CPU_ReadMem(4 bytes @ 0xE000EE08)
T5BFFF6C0 012:177.726 - 404.159ms
T5BFFF6C0 012:177.759 JLINK_SetEndian(ARM_ENDIAN_LITTLE)
T5BFFF6C0 012:177.763 - 0.009ms returns 0
T5BFFF6C0 012:177.806 JLINK_IsHalted()
T5BFFF6C0 012:177.813 - 0.009ms returns TRUE
T5BFFF6C0 012:177.818 JLINK_IsHalted()
T5BFFF6C0 012:177.821 - 0.005ms returns TRUE
T5BFFF6C0 012:177.826 JLINK_GetMOEs(...)
T5BFFF6C0 012:177.834   CPU_ReadMem(4 bytes @ 0xE000ED30)
T5BFFF6C0 012:193.469 - 15.669ms returns 0x01
T5BFFF6C0 012:243.891 JLINK_ReadMem(0x2000050E, 0x2 Bytes, ...)
T5BFFF6C0 012:243.935   CPU_ReadMem(64 bytes @ 0x20000500)
T5BFFF6C0 012:262.857    -- Updating C cache (64 bytes @ 0x20000500)
T5BFFF6C0 012:262.885    -- Read from C cache (2 bytes @ 0x2000050E)
T5BFFF6C0 012:262.893   Data:  6E 0E
T5BFFF6C0 012:262.900 - 19.012ms returns 0
T5BFFF6C0 012:313.308 JLINK_ReadMem(0x20000500, 0x4 Bytes, ...)
T5BFFF6C0 012:313.349    -- Read from C cache (4 bytes @ 0x20000500)
T5BFFF6C0 012:313.358   Data:  00 00 00 00
T5BFFF6C0 012:313.366 - 0.061ms returns 0
T5BFFF6C0 012:363.777 JLINK_ReadMem(0x20000504, 0x4 Bytes, ...)
T5BFFF6C0 012:363.831    -- Read from C cache (4 bytes @ 0x20000504)
T5BFFF6C0 012:363.840   Data:  99 C9 CF 3F
T5BFFF6C0 012:363.848 - 0.075ms returns 0
T5BFFF6C0 012:515.564 JLINK_ReadReg(XPSR)
T5BFFF6C0 012:515.602   CPU_ReadMem(4 bytes @ 0xE000EE08)
T5BFFF6C0 012:534.841 - 19.302ms returns 0x61000000
T5BFFF6C0 012:534.895 JLINK_ReadMem(0x200010B4, 0x4 Bytes, ...)
T5BFFF6C0 012:534.930   CPU_ReadMem(64 bytes @ 0x20001080)
T5BFFF6C0 012:551.186    -- Updating C cache (64 bytes @ 0x20001080)
T5BFFF6C0 012:551.214    -- Read from C cache (4 bytes @ 0x200010B4)
T5BFFF6C0 012:551.222   Data:  00 00 00 00
T5BFFF6C0 012:551.229 - 16.337ms returns 0
T5BFFF6C0 012:551.258 JLINK_ReadMem(0x2000118C, 0x4 Bytes, ...)
T5BFFF6C0 012:551.273   CPU_ReadMem(64 bytes @ 0x20001180)
T5BFFF6C0 012:567.461    -- Updating C cache (64 bytes @ 0x20001180)
T5BFFF6C0 012:567.493    -- Read from C cache (4 bytes @ 0x2000118C)
T5BFFF6C0 012:567.503   Data:  04 0F 00 20
T5BFFF6C0 012:567.512 - 16.257ms returns 0
T5BFFF6C0 012:567.570 JLINK_ReadMem(0x00000000, 0x4 Bytes, ...)
T5BFFF6C0 012:567.582    -- Read from flash cache (4 bytes @ 0x00000000)
T5BFFF6C0 012:567.589   Data:  90 16 00 20
T5BFFF6C0 012:567.596 - 0.028ms returns 0
T5BFFF6C0 012:618.081 JLINK_ReadMem(0x000026B0, 0x4 Bytes, ...)
T5BFFF6C0 012:618.112    -- Read from flash cache (4 bytes @ 0x000026B0)
T5BFFF6C0 012:618.119   Data:  10 B5 00 F0
T5BFFF6C0 012:618.125 - 0.047ms returns 0
T5BFFF6C0 012:718.897 JLINK_ReadReg(XPSR)
T5BFFF6C0 012:738.686 - 19.816ms returns 0x61000000
T5BFFF6C0 012:738.744 JLINK_ReadMem(0x200010B4, 0x4 Bytes, ...)
T5BFFF6C0 012:738.762    -- Read from C cache (4 bytes @ 0x200010B4)
T5BFFF6C0 012:738.771   Data:  00 00 00 00
T5BFFF6C0 012:738.780 - 0.039ms returns 0
T5BFFF6C0 012:738.788 JLINK_ReadMem(0x2000118C, 0x4 Bytes, ...)
T5BFFF6C0 012:738.797    -- Read from C cache (4 bytes @ 0x2000118C)
T5BFFF6C0 012:738.805   Data:  04 0F 00 20
T5BFFF6C0 012:738.813 - 0.028ms returns 0
T5BFFF6C0 012:738.820 JLINK_ReadMem(0x00000000, 0x4 Bytes, ...)
T5BFFF6C0 012:738.827    -- Read from flash cache (4 bytes @ 0x00000000)
T5BFFF6C0 012:738.836   Data:  90 16 00 20
T5BFFF6C0 012:738.844 - 0.027ms returns 0
T5BFFF6C0 012:789.624 JLINK_ReadMem(0x000026B0, 0x4 Bytes, ...)
T5BFFF6C0 012:789.649    -- Read from flash cache (4 bytes @ 0x000026B0)
T5BFFF6C0 012:789.656   Data:  10 B5 00 F0
T5BFFF6C0 012:789.663 - 0.042ms returns 0
T5BFFF6C0 012:840.972 JLINK_ReadMem(0x2000050E, 0x2 Bytes, ...)
T5BFFF6C0 012:841.017    -- Read from C cache (2 bytes @ 0x2000050E)
T5BFFF6C0 012:841.025   Data:  6E 0E
T5BFFF6C0 012:841.034 - 0.065ms returns 0
T5BFFF6C0 012:891.428 JLINK_ReadMem(0x200004FC, 0x1 Bytes, ...)
T5BFFF6C0 012:891.477   CPU_ReadMem(64 bytes @ 0x200004C0)
T5BFFF6C0 012:964.972    -- Updating C cache (64 bytes @ 0x200004C0)
T5BFFF6C0 012:965.010    -- Read from C cache (1 bytes @ 0x200004FC)
T5BFFF6C0 012:965.020   Data:  01
T5BFFF6C0 012:965.030 - 73.607ms returns 0
T5BFFF6C0 013:015.464 JLINK_ReadMem(0x20000500, 0x4 Bytes, ...)
T5BFFF6C0 013:015.510    -- Read from C cache (4 bytes @ 0x20000500)
T5BFFF6C0 013:015.520   Data:  00 00 00 00
T5BFFF6C0 013:015.529 - 0.069ms returns 0
T5BFFF6C0 013:065.941 JLINK_ReadMem(0x20000504, 0x4 Bytes, ...)
T5BFFF6C0 013:065.986    -- Read from C cache (4 bytes @ 0x20000504)
T5BFFF6C0 013:065.996   Data:  99 C9 CF 3F
T5BFFF6C0 013:066.005 - 0.068ms returns 0
T5BFFF6C0 013:116.451 JLINK_ReadMem(0x00001D8C, 0x2 Bytes, ...)
T5BFFF6C0 013:116.486    -- Read from flash cache (2 bytes @ 0x00001D8C)
T5BFFF6C0 013:116.496   Data:  03 68
T5BFFF6C0 013:116.505 - 0.058ms returns 0
T5BFFF6C0 013:116.714 JLINK_ReadMem(0x00001D80, 0x40 Bytes, ...)
T5BFFF6C0 013:116.726    -- Read from flash cache (64 bytes @ 0x00001D80)
T5BFFF6C0 013:116.735   Data:  03 68 82 8A 00 20 1A 80 70 47 C0 46 03 68 10 31 ...
T5BFFF6C0 013:116.743 - 0.032ms returns 0
T5BFFF6C0 013:116.894 JLINK_ReadMem(0x00001D8C, 0x2 Bytes, ...)
T5BFFF6C0 013:116.906    -- Read from flash cache (2 bytes @ 0x00001D8C)
T5BFFF6C0 013:116.929   Data:  03 68
T5BFFF6C0 013:116.937 - 0.047ms returns 0
T5BFFF6C0 013:117.132 JLINK_GetNumBPUnits(Type = 0xFFFFFF00)
T5BFFF6C0 013:117.144 - 0.015ms returns 0x04
T5BFFF6C0 013:117.150 JLINK_GetNumWPUnits()
T5BFFF6C0 013:117.156 - 0.009ms returns 2
T5BFFF6C0 013:117.162 JLINK_GetNumWPUnits()
T5BFFF6C0 013:117.167 - 0.008ms returns 2
T5BFFF6C0 013:117.176 JLINK_GetNumBPUnits(Type = 0xFFFFFF00)
T5BFFF6C0 013:117.182 - 0.009ms returns 0x04
T5BFFF6C0 013:117.188 JLINK_GetNumWPUnits()
T5BFFF6C0 013:117.193 - 0.008ms returns 2
T5BFFF6C0 013:117.199 JLINK_GetNumWPUnits()
T5BFFF6C0 013:117.204 - 0.008ms returns 2
T5BFFF6C0 013:117.212 JLINK_GetNumBPUnits(Type = 0xFFFFFF00)
T5BFFF6C0 013:117.218 - 0.009ms returns 0x04
T5BFFF6C0 013:117.224 JLINK_GetNumWPUnits()
T5BFFF6C0 013:117.229 - 0.008ms returns 2
T5BFFF6C0 013:117.235 JLINK_GetNumWPUnits()
T5BFFF6C0 013:117.240 - 0.008ms returns 2
T5BFFF6C0 013:117.281 JLINK_SetBPEx(Addr = 0x00001D8C, Type = 0xFFFFFF00)
T5BFFF6C0 013:117.293 - 0.014ms returns 0x00000001
T5BFFF6C0 013:171.445 JLINK_ReadReg(XPSR)
T5BFFF6C0 013:171.487 - 0.047ms returns 0x61000000
T5BFFF6C0 013:171.512 JLINK_ReadMem(0x200010B4, 0x4 Bytes, ...)
T5BFFF6C0 013:171.529    -- Read from C cache (4 bytes @ 0x200010B4)
T5BFFF6C0 013:171.538   Data:  00 00 00 00
T5BFFF6C0 013:171.547 - 0.038ms returns 0
T5BFFF6C0 013:171.554 JLINK_ReadMem(0x2000118C, 0x4 Bytes, ...)
T5BFFF6C0 013:171.562    -- Read from C cache (4 bytes @ 0x2000118C)
T5BFFF6C0 013:171.570   Data:  04 0F 00 20
T5BFFF6C0 013:171.578 - 0.026ms returns 0
T5BFFF6C0 013:171.584 JLINK_ReadMem(0x00000000, 0x4 Bytes, ...)
T5BFFF6C0 013:171.592    -- Read from flash cache (4 bytes @ 0x00000000)
T5BFFF6C0 013:171.600   Data:  90 16 00 20
T5BFFF6C0 013:171.608 - 0.027ms returns 0
T5BFFF6C0 013:478.221 JLINK_ClrBPEx(BPHandle = 0x00000001)
T5BFFF6C0 013:498.749 - 20.559ms returns 0x00
T5BFFF6C0 013:498.812 JLINK_SetBPEx(Addr = 0x00001D8C, Type = 0xFFFFFF00)
T5BFFF6C0 013:498.828 - 0.019ms returns 0x00000002
T5BFFF6C0 013:498.834 JLINK_SetBPEx(Addr = 0x000010E4, Type = 0xFFFFFF00)
T5BFFF6C0 013:498.842 - 0.010ms returns 0x00000003
T5BFFF6C0 013:498.861 JLINK_ClrBPEx(BPHandle = 0x00000002)
T5BFFF6C0 013:498.867 - 0.010ms returns 0x00
T5BFFF6C0 013:498.873 JLINK_ClrBPEx(BPHandle = 0x00000003)
T5BFFF6C0 013:498.879 - 0.009ms returns 0x00
T5BFFF6C0 013:498.886 JLINK_SetBPEx(Addr = 0x00001D8C, Type = 0xFFFFFF00)
T5BFFF6C0 013:498.893 - 0.010ms returns 0x00000004
T5BFFF6C0 013:600.794 JLINK_ReadMem(0x000010E4, 0x2 Bytes, ...)
T5BFFF6C0 013:600.833    -- Read from flash cache (2 bytes @ 0x000010E4)
T5BFFF6C0 013:600.843   Data:  40 F6
T5BFFF6C0 013:600.852 - 0.062ms returns 0
T5BFFF6C0 013:601.172 JLINK_ClrBPEx(BPHandle = 0x00000004)
T5BFFF6C0 013:601.190 - 0.021ms returns 0x00
T5BFFF6C0 013:601.201 JLINK_SetBPEx(Addr = 0x00001D8C, Type = 0xFFFFFF00)
T5BFFF6C0 013:601.211 - 0.012ms returns 0x00000005
T5BFFF6C0 013:601.216 JLINK_SetBPEx(Addr = 0x000010E4, Type = 0xFFFFFF00)
T5BFFF6C0 013:601.223 - 0.009ms returns 0x00000006
T5BFFF6C0 013:651.648 JLINK_ReadMem(0x2000050E, 0x2 Bytes, ...)
T5BFFF6C0 013:651.747    -- Read from C cache (2 bytes @ 0x2000050E)
T5BFFF6C0 013:651.757   Data:  6E 0E
T5BFFF6C0 013:651.767 - 0.123ms returns 0
T5BFFF6C0 013:702.118 JLINK_ReadMem(0x200004FC, 0x1 Bytes, ...)
T5BFFF6C0 013:702.172    -- Read from C cache (1 bytes @ 0x200004FC)
T5BFFF6C0 013:702.182   Data:  01
T5BFFF6C0 013:702.191 - 0.077ms returns 0
T5BFFF6C0 013:752.559 JLINK_ReadMem(0x20000500, 0x4 Bytes, ...)
T5BFFF6C0 013:752.605    -- Read from C cache (4 bytes @ 0x20000500)
T5BFFF6C0 013:752.615   Data:  00 00 00 00
T5BFFF6C0 013:752.624 - 0.069ms returns 0
T5BFFF6C0 013:807.186 JLINK_ReadMem(0x20000504, 0x4 Bytes, ...)
T5BFFF6C0 013:807.226    -- Read from C cache (4 bytes @ 0x20000504)
T5BFFF6C0 013:807.237   Data:  99 C9 CF 3F
T5BFFF6C0 013:807.247 - 0.065ms returns 0
T5BFFF6C0 013:908.667 JLINK_IsHalted()
T5BFFF6C0 013:908.704 - 0.041ms returns TRUE
T5BFFF6C0 013:908.714 JLINK_STRACE_Read(..., NumItems = 0x10000)
T5BFFF6C0 013:928.733 - 20.051ms NumItemsRead = 0x00
T5BFFF6C0 013:928.782 JLINK_GoEx(MaxEmulInsts = 0, Flags = 0x01)
T5BFFF6C0 013:928.812   CPU_WriteMem(4 bytes @ 0xE0002000)
T5BFFF6C0 014:004.796   CPU_WriteMem(4 bytes @ 0xE0002000)
T5BFFF6C0 014:020.040   CPU_ReadMem(4 bytes @ 0xE0001000)
T5BFFF6C0 014:035.133   CPU_WriteMem(4 bytes @ 0xE0001000)
T5BFFF6C0 014:050.211   CPU_WriteMem(4 bytes @ 0xE000ED30)
T5BFFF6C0 014:066.527   CPU_WriteMem(4 bytes @ 0xE0002008)
T5BFFF6C0 014:066.559   CPU_WriteMem(4 bytes @ 0xE000200C)
T5BFFF6C0 014:066.565   CPU_WriteMem(4 bytes @ 0xE0002010)
T5BFFF6C0 014:066.570   CPU_WriteMem(4 bytes @ 0xE0002014)
T5BFFF6C0 014:081.967   CPU_WriteMem(4 bytes @ 0xE0001004)
T5BFFF6C0 014:172.435 - 243.679ms
T5BFFF6C0 014:222.793 JLINK_IsHalted()
T5BFFF6C0 014:261.679 - 38.916ms returns TRUE
T5BFFF6C0 014:261.725 JLINK_ReadReg(XPSR)
T5BFFF6C0 014:261.742   CPU_ReadMem(4 bytes @ 0xE000EE08)
T5BFFF6C0 014:276.915 - 15.216ms returns 0x61000000
T5BFFF6C0 014:276.962 JLINK_ReadReg(R15 (PC))
T5BFFF6C0 014:276.974 - 0.015ms returns 0x000010E4
T5BFFF6C0 014:277.441 JLINK_ReadReg(XPSR)
T5BFFF6C0 014:277.468 - 0.030ms returns 0x61000000
T5BFFF6C0 014:277.491 JLINK_ReadMem(0x000010E4, 0x1 Bytes, ...)
T5BFFF6C0 014:277.505    -- Read from flash cache (1 bytes @ 0x000010E4)
T5BFFF6C0 014:277.516   Data:  40
T5BFFF6C0 014:277.525 - 0.037ms returns 0
T5BFFF6C0 014:277.536 JLINK_IsHalted()
T5BFFF6C0 014:277.544 - 0.012ms returns TRUE
T5BFFF6C0 014:277.552 JLINK_GetMOEs(...)
T5BFFF6C0 014:277.562   CPU_ReadMem(4 bytes @ 0xE000ED30)
T5BFFF6C0 014:292.902 - 15.378ms returns 0x01
T5BFFF6C0 014:292.960 JLINK_ReadMem(0x200010B4, 0x4 Bytes, ...)
T5BFFF6C0 014:292.980   CPU_ReadMem(64 bytes @ 0x20001080)
T5BFFF6C0 014:368.868    -- Updating C cache (64 bytes @ 0x20001080)
T5BFFF6C0 014:368.916    -- Read from C cache (4 bytes @ 0x200010B4)
T5BFFF6C0 014:368.928   Data:  00 00 00 00
T5BFFF6C0 014:368.937 - 75.981ms returns 0
T5BFFF6C0 014:368.992 JLINK_ReadMem(0x2000118C, 0x4 Bytes, ...)
T5BFFF6C0 014:369.013   CPU_ReadMem(64 bytes @ 0x20001180)
T5BFFF6C0 014:445.074    -- Updating C cache (64 bytes @ 0x20001180)
T5BFFF6C0 014:445.118    -- Read from C cache (4 bytes @ 0x2000118C)
T5BFFF6C0 014:445.129   Data:  00 00 00 00
T5BFFF6C0 014:445.138 - 76.151ms returns 0
T5BFFF6C0 014:445.206 JLINK_ReadMem(0x00000000, 0x4 Bytes, ...)
T5BFFF6C0 014:445.220    -- Read from flash cache (4 bytes @ 0x00000000)
T5BFFF6C0 014:445.229   Data:  90 16 00 20
T5BFFF6C0 014:445.237 - 0.034ms returns 0
T5BFFF6C0 014:546.581 JLINK_ReadRegs(NumRegs = 22, Indexes: 0, 1, 2, 3, 4, 5, 6, 7, 8, 9, 10, 11, 12, 13, 14, 15, 16, 17, 18, 86, 87, 20)
T5BFFF6C0 014:546.654    -- R0=0x00, R1=0x00, R2=0x37C, R3=0x20, R4=0x200007D4, R5=0x2000082C, R6=0x2000082C, R7=0x375F, R8=0xC4D, R9=0x03, R10=0x4B3C, R11=0x2000052C, R12=0xFFFEFFFF, R13 (SP)=0x20001688, R14=0x26BB, R15 (PC)=0x10E4, XPSR=0x61000000, MSP=0x20001688, PSP=0x20001E60, MSPLIM=0x00, PSPLIM=0x00, CFBP=0x00
T5BFFF6C0 014:546.666 - 0.089ms returns 0x00
T5B7FE6C0 014:570.943 JLINK_GetNumBPUnits(Type = 0xFFFFFF00)
T5B7FE6C0 014:570.974 - 0.034ms returns 0x04
T5B7FE6C0 014:570.983 JLINK_GetNumWPUnits()
T5B7FE6C0 014:570.989 - 0.009ms returns 2
T5B7FE6C0 014:570.996 JLINK_GetNumWPUnits()
T5B7FE6C0 014:571.002 - 0.009ms returns 2
T5B7FE6C0 014:571.234 JLINK_GetNumBPUnits(Type = 0xFFFFFF00)
T5B7FE6C0 014:571.258 - 0.028ms returns 0x04
T5B7FE6C0 014:571.267 JLINK_GetNumWPUnits()
T5B7FE6C0 014:571.273 - 0.008ms returns 2
T5B7FE6C0 014:571.279 JLINK_GetNumWPUnits()
T5B7FE6C0 014:571.284 - 0.008ms returns 2
T5B7FE6C0 014:571.528 JLINK_GetNumBPUnits(Type = 0xFFFFFF00)
T5B7FE6C0 014:571.541 - 0.017ms returns 0x04
T5B7FE6C0 014:571.548 JLINK_GetNumWPUnits()
T5B7FE6C0 014:571.553 - 0.008ms returns 2
T5B7FE6C0 014:571.559 JLINK_GetNumWPUnits()
T5B7FE6C0 014:571.565 - 0.008ms returns 2
T5B7FE6C0 014:571.834 JLINK_GetNumBPUnits(Type = 0xFFFFFF00)
T5B7FE6C0 014:571.848 - 0.017ms returns 0x04
T5B7FE6C0 014:571.854 JLINK_GetNumWPUnits()
T5B7FE6C0 014:571.874 - 0.023ms returns 2
T5B7FE6C0 014:571.880 JLINK_GetNumWPUnits()
T5B7FE6C0 014:571.885 - 0.008ms returns 2
T5B7FE6C0 014:572.832 JLINK_GetNumBPUnits(Type = 0xFFFFFF00)
T5B7FE6C0 014:572.845 - 0.015ms returns 0x04
T5B7FE6C0 014:572.850 JLINK_GetNumWPUnits()
T5B7FE6C0 014:572.854 - 0.006ms returns 2
T5B7FE6C0 014:572.858 JLINK_GetNumWPUnits()
T5B7FE6C0 014:572.862 - 0.006ms returns 2
T5B7FE6C0 014:573.444 JLINK_GetNumBPUnits(Type = 0xFFFFFF00)
T5B7FE6C0 014:573.458 - 0.017ms returns 0x04
T5B7FE6C0 014:573.463 JLINK_GetNumWPUnits()
T5B7FE6C0 014:573.467 - 0.006ms returns 2
T5B7FE6C0 014:573.471 JLINK_GetNumWPUnits()
T5B7FE6C0 014:573.474 - 0.005ms returns 2
T5B7FE6C0 014:573.624 JLINK_GetNumBPUnits(Type = 0xFFFFFF00)
T5B7FE6C0 014:573.633 - 0.011ms returns 0x04
T5B7FE6C0 014:573.638 JLINK_GetNumWPUnits()
T5B7FE6C0 014:573.641 - 0.005ms returns 2
T5B7FE6C0 014:573.645 JLINK_GetNumWPUnits()
T5B7FE6C0 014:573.649 - 0.006ms returns 2
T5B7FE6C0 014:573.774 JLINK_GetNumBPUnits(Type = 0xFFFFFF00)
T5B7FE6C0 014:573.783 - 0.010ms returns 0x04
T5B7FE6C0 014:573.787 JLINK_GetNumWPUnits()
T5B7FE6C0 014:573.791 - 0.005ms returns 2
T5B7FE6C0 014:573.794 JLINK_GetNumWPUnits()
T5B7FE6C0 014:573.798 - 0.006ms returns 2
T5BFFF6C0 014:597.347 JLINK_ReadReg(XPSR)
T5BFFF6C0 014:597.383 - 0.039ms returns 0x61000000
T5BFFF6C0 014:597.400 JLINK_ReadMem(0x200010B4, 0x4 Bytes, ...)
T5BFFF6C0 014:597.414    -- Read from C cache (4 bytes @ 0x200010B4)
T5BFFF6C0 014:597.420   Data:  00 00 00 00
T5BFFF6C0 014:597.426 - 0.028ms returns 0
T5BFFF6C0 014:597.431 JLINK_ReadMem(0x2000118C, 0x4 Bytes, ...)
T5BFFF6C0 014:597.437    -- Read from C cache (4 bytes @ 0x2000118C)
T5BFFF6C0 014:597.442   Data:  00 00 00 00
T5BFFF6C0 014:597.448 - 0.019ms returns 0
T5BFFF6C0 014:597.452 JLINK_ReadMem(0x00000000, 0x4 Bytes, ...)
T5BFFF6C0 014:597.458    -- Read from flash cache (4 bytes @ 0x00000000)
T5BFFF6C0 014:597.463   Data:  90 16 00 20
T5BFFF6C0 014:597.469 - 0.019ms returns 0
T5BFFF6C0 014:647.842 JLINK_ReadMem(0x000010E4, 0x4 Bytes, ...)
T5BFFF6C0 014:647.883    -- Read from flash cache (4 bytes @ 0x000010E4)
T5BFFF6C0 014:647.893   Data:  40 F6 98 63
T5BFFF6C0 014:647.902 - 0.063ms returns 0
T5B7FE6C0 014:651.485 JLINK_IsHalted()
T5B7FE6C0 014:651.514 - 0.034ms returns TRUE
T5B7FE6C0 014:651.527 JLINK_ReadReg(XPSR)
T5B7FE6C0 014:651.553 - 0.030ms returns 0x61000000
T5B7FE6C0 014:651.561 JLINK_ReadReg(R15 (PC))
T5B7FE6C0 014:651.569 - 0.011ms returns 0x000010E4
T5B7FE6C0 014:651.579 JLINK_ReadReg(XPSR)
T5B7FE6C0 014:651.586 - 0.011ms returns 0x61000000
T5B7FE6C0 014:651.595 JLINK_ReadMem(0x000010E4, 0x1 Bytes, ...)
T5B7FE6C0 014:651.605    -- Read from flash cache (1 bytes @ 0x000010E4)
T5B7FE6C0 014:651.613   Data:  40
T5B7FE6C0 014:651.621 - 0.029ms returns 0
T5B7FE6C0 014:651.673 JLINK_WriteMem(0xE0001FB0, 0x4 Bytes, ...)
T5B7FE6C0 014:651.680   Data:  55 CE AC C5
T5B7FE6C0 014:652.763   CPU_WriteMem(4 bytes @ 0xE0001FB0)
T5B7FE6C0 014:672.933 - 21.289ms returns 0x4
T5B7FE6C0 014:672.987 JLINK_WriteMem(0xE0001000, 0x4 Bytes, ...)
T5B7FE6C0 014:672.995   Data:  01 00 00 48
T5B7FE6C0 014:673.006   Debug reg: DWT_CTRL
T5B7FE6C0 014:673.028   CPU_WriteMem(4 bytes @ 0xE0001000)
T5B7FE6C0 014:688.305 - 15.348ms returns 0x4
T5B7FE6C0 014:688.358 JLINK_ReadMem(0xE0001000, 0x4 Bytes, ...)
T5B7FE6C0 014:688.377   CPU_ReadMem(4 bytes @ 0xE0001000)
T5B7FE6C0 014:703.581   Data:  00 00 00 2B
T5B7FE6C0 014:703.608   Debug reg: DWT_CTRL
T5B7FE6C0 014:703.614 - 15.258ms returns 0
T5BFFF6C0 014:703.671 JLINK_ClrBPEx(BPHandle = 0x00000005)
T5BFFF6C0 014:703.698 - 0.031ms returns 0x00
T5BFFF6C0 014:703.708 JLINK_ClrBPEx(BPHandle = 0x00000006)
T5BFFF6C0 014:703.713 - 0.009ms returns 0x00
T5BFFF6C0 014:703.731 JLINK_SetBPEx(Addr = 0x00001D8C, Type = 0xFFFFFF00)
T5BFFF6C0 014:703.740 - 0.011ms returns 0x00000007
T5BFFF6C0 014:804.738 JLINK_ReadMem(0x000010E4, 0x4 Bytes, ...)
T5BFFF6C0 014:804.765    -- Read from flash cache (4 bytes @ 0x000010E4)
T5BFFF6C0 014:804.772   Data:  40 F6 98 63
T5BFFF6C0 014:804.788 - 0.053ms returns 0
T5BFFF6C0 014:855.165 JLINK_ReadMem(0x2000050E, 0x2 Bytes, ...)
T5BFFF6C0 014:855.222   CPU_ReadMem(64 bytes @ 0x20000500)
T5BFFF6C0 014:873.905    -- Updating C cache (64 bytes @ 0x20000500)
T5BFFF6C0 014:873.932    -- Read from C cache (2 bytes @ 0x2000050E)
T5BFFF6C0 014:873.941   Data:  00 00
T5BFFF6C0 014:873.948 - 18.785ms returns 0
T5BFFF6C0 014:874.461 JLINK_ReadMem(0x200004FC, 0x1 Bytes, ...)
T5BFFF6C0 014:874.502   CPU_ReadMem(64 bytes @ 0x200004C0)
T5BFFF6C0 014:949.099    -- Updating C cache (64 bytes @ 0x200004C0)
T5BFFF6C0 014:949.135    -- Read from C cache (1 bytes @ 0x200004FC)
T5BFFF6C0 014:949.146   Data:  00
T5BFFF6C0 014:949.156 - 74.699ms returns 0
T5BFFF6C0 014:965.182 JLINK_ReadMem(0x20000500, 0x4 Bytes, ...)
T5BFFF6C0 014:965.226    -- Read from C cache (4 bytes @ 0x20000500)
T5BFFF6C0 014:965.236   Data:  00 00 00 00
T5BFFF6C0 014:965.245 - 0.067ms returns 0
T5BFFF6C0 014:965.693 JLINK_ReadMem(0x20000504, 0x4 Bytes, ...)
T5BFFF6C0 014:965.720    -- Read from C cache (4 bytes @ 0x20000504)
T5BFFF6C0 014:965.729   Data:  00 00 00 00
T5BFFF6C0 014:965.738 - 0.048ms returns 0
T5BFFF6C0 015:168.079 JLINK_ReadReg(XPSR)
T5BFFF6C0 015:189.242 - 21.191ms returns 0x61000000
T5BFFF6C0 015:189.299 JLINK_ReadMem(0x200010B4, 0x4 Bytes, ...)
T5BFFF6C0 015:189.316    -- Read from C cache (4 bytes @ 0x200010B4)
T5BFFF6C0 015:189.325   Data:  00 00 00 00
T5BFFF6C0 015:189.334 - 0.037ms returns 0
T5BFFF6C0 015:189.341 JLINK_ReadMem(0x2000118C, 0x4 Bytes, ...)
T5BFFF6C0 015:189.349    -- Read from C cache (4 bytes @ 0x2000118C)
T5BFFF6C0 015:189.356   Data:  00 00 00 00
T5BFFF6C0 015:189.364 - 0.026ms returns 0
T5BFFF6C0 015:189.370 JLINK_ReadMem(0x00000000, 0x4 Bytes, ...)
T5BFFF6C0 015:189.378    -- Read from flash cache (4 bytes @ 0x00000000)
T5BFFF6C0 015:189.386   Data:  90 16 00 20
T5BFFF6C0 015:189.393 - 0.026ms returns 0
T5BFFF6C0 015:239.844 JLINK_ReadReg(XPSR)
T5BFFF6C0 015:239.889 - 0.048ms returns 0x61000000
T5BFFF6C0 015:239.912 JLINK_ReadMem(0x200010B4, 0x4 Bytes, ...)
T5BFFF6C0 015:239.928    -- Read from C cache (4 bytes @ 0x200010B4)
T5BFFF6C0 015:239.937   Data:  00 00 00 00
T5BFFF6C0 015:239.944 - 0.035ms returns 0
T5BFFF6C0 015:239.952 JLINK_ReadMem(0x2000118C, 0x4 Bytes, ...)
T5BFFF6C0 015:239.959    -- Read from C cache (4 bytes @ 0x2000118C)
T5BFFF6C0 015:239.967   Data:  00 00 00 00
T5BFFF6C0 015:239.975 - 0.026ms returns 0
T5BFFF6C0 015:239.982 JLINK_ReadMem(0x00000000, 0x4 Bytes, ...)
T5BFFF6C0 015:239.990    -- Read from flash cache (4 bytes @ 0x00000000)
T5BFFF6C0 015:239.997   Data:  90 16 00 20
T5BFFF6C0 015:240.005 - 0.026ms returns 0
T5BFFF6C0 015:340.704 JLINK_ReadMem(0x2000050E, 0x2 Bytes, ...)
T5BFFF6C0 015:340.749    -- Read from C cache (2 bytes @ 0x2000050E)
T5BFFF6C0 015:340.759   Data:  00 00
T5BFFF6C0 015:340.769 - 0.069ms returns 0
T5BFFF6C0 015:341.181 JLINK_ReadMem(0x200004FC, 0x1 Bytes, ...)
T5BFFF6C0 015:341.206    -- Read from C cache (1 bytes @ 0x200004FC)
T5BFFF6C0 015:341.215   Data:  00
T5BFFF6C0 015:341.224 - 0.046ms returns 0
T5BFFF6C0 015:341.501 JLINK_ReadMem(0x20000500, 0x4 Bytes, ...)
T5BFFF6C0 015:341.520    -- Read from C cache (4 bytes @ 0x20000500)
T5BFFF6C0 015:341.529   Data:  00 00 00 00
T5BFFF6C0 015:341.537 - 0.038ms returns 0
T5BFFF6C0 015:341.804 JLINK_ReadMem(0x20000504, 0x4 Bytes, ...)
T5BFFF6C0 015:341.822    -- Read from C cache (4 bytes @ 0x20000504)
T5BFFF6C0 015:341.831   Data:  00 00 00 00
T5BFFF6C0 015:341.839 - 0.039ms returns 0
T5BFFF6C0 018:258.586 JLINK_IsHalted()
T5BFFF6C0 018:332.200 - 73.644ms returns TRUE
T5BFFF6C0 018:332.247 JLINK_STRACE_Read(..., NumItems = 0x10000)
T5BFFF6C0 018:332.256 - 0.011ms NumItemsRead = 0x00
T5BFFF6C0 018:332.264 JLINK_GoEx(MaxEmulInsts = 0, Flags = 0x01)
T5BFFF6C0 018:332.284   CPU_WriteMem(4 bytes @ 0xE0002000)
T5BFFF6C0 018:347.758   CPU_ReadMem(4 bytes @ 0xE0001000)
T5BFFF6C0 018:363.477   CPU_WriteMem(4 bytes @ 0xE0001000)
T5BFFF6C0 018:436.805   CPU_WriteMem(4 bytes @ 0xE000ED30)
T5BFFF6C0 018:452.875   CPU_WriteMem(4 bytes @ 0xE000200C)
T5BFFF6C0 018:482.989 - 150.755ms
T5BFFF6C0 018:533.726 JLINK_IsHalted()
T5BFFF6C0 018:608.830 - 75.129ms returns FALSE
T5BFFF6C0 018:659.153 JLINK_IsHalted()
T5BFFF6C0 018:677.801 - 18.674ms returns FALSE
T5BFFF6C0 018:728.107 JLINK_IsHalted()
T5BFFF6C0 018:747.844 - 19.763ms returns FALSE
T5BFFF6C0 018:798.175 JLINK_IsHalted()
T5BFFF6C0 018:818.179 - 20.026ms returns FALSE
T5BFFF6C0 018:868.537 JLINK_IsHalted()
T5BFFF6C0 018:887.957 - 19.445ms returns FALSE
T5BFFF6C0 018:938.258 JLINK_IsHalted()
T5BFFF6C0 018:957.994 - 19.760ms returns FALSE
T5BFFF6C0 019:008.294 JLINK_IsHalted()
T5BFFF6C0 019:085.049 - 76.785ms returns FALSE
T5BFFF6C0 019:135.372 JLINK_IsHalted()
T5BFFF6C0 019:156.099 - 20.753ms returns FALSE
T5BFFF6C0 019:206.401 JLINK_IsHalted()
T5BFFF6C0 019:225.876 - 19.500ms returns FALSE
T5B7FE6C0 019:234.548 JLINK_IsHalted()
T5B7FE6C0 019:254.067 - 19.546ms returns FALSE
T5BFFF6C0 019:276.191 JLINK_IsHalted()
T5BFFF6C0 019:296.906 - 20.741ms returns FALSE
T5BFFF6C0 019:297.031 JLINK_ReadMem(0x2000050E, 0x2 Bytes, ...)
T5BFFF6C0 019:297.054   CPU_ReadMem(2 bytes @ 0x2000050E)
T5BFFF6C0 019:312.414   Data:  00 00
T5BFFF6C0 019:312.440 - 15.413ms returns 0
T5BFFF6C0 019:362.770 JLINK_IsHalted()
T5BFFF6C0 019:381.978 - 19.239ms returns FALSE
T5BFFF6C0 019:382.112 JLINK_ReadMem(0x20000500, 0x4 Bytes, ...)
T5BFFF6C0 019:382.137   CPU_ReadMem(4 bytes @ 0x20000500)
T5BFFF6C0 019:399.085   Data:  00 00 00 00
T5BFFF6C0 019:399.117 - 17.008ms returns 0
T5BFFF6C0 019:399.547 JLINK_ReadMem(0x20000504, 0x4 Bytes, ...)
T5BFFF6C0 019:399.576   CPU_ReadMem(4 bytes @ 0x20000504)
T5BFFF6C0 019:414.931   Data:  00 00 00 00
T5BFFF6C0 019:414.953 - 15.410ms returns 0
T5BFFF6C0 019:465.258 JLINK_IsHalted()
T5BFFF6C0 019:485.819 - 20.591ms returns FALSE
T5BFFF6C0 019:536.196 JLINK_IsHalted()
T5BFFF6C0 019:572.398 - 36.224ms returns TRUE
T5BFFF6C0 019:572.436 JLINK_ReadReg(XPSR)
T5BFFF6C0 019:572.450   CPU_ReadMem(4 bytes @ 0xE000EE08)
T5BFFF6C0 019:587.920 - 15.511ms returns 0x41000000
T5BFFF6C0 019:587.966 JLINK_ReadReg(R15 (PC))
T5BFFF6C0 019:587.979 - 0.015ms returns 0x00001D8C
T5BFFF6C0 019:603.305 JLINK_ReadReg(XPSR)
T5BFFF6C0 019:603.359 - 0.058ms returns 0x41000000
T5BFFF6C0 019:603.373 JLINK_ReadMem(0x00001D8C, 0x1 Bytes, ...)
T5BFFF6C0 019:603.386    -- Read from flash cache (1 bytes @ 0x00001D8C)
T5BFFF6C0 019:603.395   Data:  03
T5BFFF6C0 019:603.403 - 0.033ms returns 0
T5BFFF6C0 019:603.412 JLINK_IsHalted()
T5BFFF6C0 019:603.419 - 0.010ms returns TRUE
T5BFFF6C0 019:603.425 JLINK_GetMOEs(...)
T5BFFF6C0 019:603.435   CPU_ReadMem(4 bytes @ 0xE000ED30)
T5BFFF6C0 019:618.938 - 15.536ms returns 0x01
T5BFFF6C0 019:618.992 JLINK_ReadMem(0x200010B4, 0x4 Bytes, ...)
T5BFFF6C0 019:619.009   CPU_ReadMem(64 bytes @ 0x20001080)
T5BFFF6C0 019:634.339    -- Updating C cache (64 bytes @ 0x20001080)
T5BFFF6C0 019:634.363    -- Read from C cache (4 bytes @ 0x200010B4)
T5BFFF6C0 019:634.370   Data:  04 00 00 00
T5BFFF6C0 019:634.377 - 15.388ms returns 0
T5BFFF6C0 019:634.428 JLINK_ReadMem(0x2000118C, 0x4 Bytes, ...)
T5BFFF6C0 019:634.443   CPU_ReadMem(64 bytes @ 0x20001180)
T5BFFF6C0 019:649.794    -- Updating C cache (64 bytes @ 0x20001180)
T5BFFF6C0 019:649.819    -- Read from C cache (4 bytes @ 0x2000118C)
T5BFFF6C0 019:649.826   Data:  A0 0E 00 20
T5BFFF6C0 019:649.833 - 15.407ms returns 0
T5BFFF6C0 019:649.855 JLINK_ReadMem(0x00000000, 0x4 Bytes, ...)
T5BFFF6C0 019:649.865    -- Read from flash cache (4 bytes @ 0x00000000)
T5BFFF6C0 019:649.871   Data:  90 16 00 20
T5BFFF6C0 019:649.876 - 0.023ms returns 0
T5BFFF6C0 019:649.887 JLINK_ReadMem(0x00000000, 0x4 Bytes, ...)
T5BFFF6C0 019:649.892    -- Read from flash cache (4 bytes @ 0x00000000)
T5BFFF6C0 019:649.897   Data:  90 16 00 20
T5BFFF6C0 019:649.902 - 0.017ms returns 0
T5BFFF6C0 019:650.154 JLINK_ReadRegs(NumRegs = 22, Indexes: 0, 1, 2, 3, 4, 5, 6, 7, 8, 9, 10, 11, 12, 13, 14, 15, 16, 17, 18, 86, 87, 20)
T5BFFF6C0 019:650.187    -- R0=0x20000934, R1=0x00, R2=0x2000050E, R3=0xC37, R4=0x20000500, R5=0x20000F00, R6=0x20000504, R7=0x2000050E, R8=0x20000500, R9=0x20000F00, R10=0x20000504, R11=0xEB5, R12=0x20000454, R13 (SP)=0x20001A68, R14=0xE1B, R15 (PC)=0x1D8C, XPSR=0x41000000, MSP=0x20001628, PSP=0x20001A68, MSPLIM=0x00, PSPLIM=0x00, CFBP=0x2000000
T5BFFF6C0 019:650.206 - 0.054ms returns 0x00
T5BFFF6C0 019:700.587 JLINK_ReadReg(XPSR)
T5BFFF6C0 019:700.635 - 0.052ms returns 0x41000000
T5BFFF6C0 019:700.655 JLINK_ReadMem(0x200010B4, 0x4 Bytes, ...)
T5BFFF6C0 019:700.668    -- Read from C cache (4 bytes @ 0x200010B4)
T5BFFF6C0 019:700.675   Data:  04 00 00 00
T5BFFF6C0 019:700.681 - 0.028ms returns 0
T5BFFF6C0 019:700.687 JLINK_ReadMem(0x2000118C, 0x4 Bytes, ...)
T5BFFF6C0 019:700.693    -- Read from C cache (4 bytes @ 0x2000118C)
T5BFFF6C0 019:700.699   Data:  A0 0E 00 20
T5BFFF6C0 019:700.705 - 0.020ms returns 0
T5BFFF6C0 019:700.711 JLINK_ReadMem(0x00000000, 0x4 Bytes, ...)
T5BFFF6C0 019:700.717    -- Read from flash cache (4 bytes @ 0x00000000)
T5BFFF6C0 019:700.723   Data:  90 16 00 20
T5BFFF6C0 019:700.729 - 0.020ms returns 0
T5BFFF6C0 019:700.734 JLINK_ReadMem(0x00000000, 0x4 Bytes, ...)
T5BFFF6C0 019:700.739    -- Read from flash cache (4 bytes @ 0x00000000)
T5BFFF6C0 019:700.756   Data:  90 16 00 20
T5BFFF6C0 019:700.762 - 0.030ms returns 0
T5BFFF6C0 019:751.139 JLINK_ReadMem(0x00001D8C, 0x4 Bytes, ...)
T5BFFF6C0 019:751.165    -- Read from flash cache (4 bytes @ 0x00001D8C)
T5BFFF6C0 019:751.172   Data:  03 68 10 31
T5BFFF6C0 019:751.179 - 0.043ms returns 0
T5BFFF6C0 019:801.545 JLINK_ReadMem(0x00000E1A, 0x4 Bytes, ...)
T5BFFF6C0 019:801.576    -- Read from flash cache (4 bytes @ 0x00000E1A)
T5BFFF6C0 019:801.583   Data:  20 60 28 B1
T5BFFF6C0 019:801.589 - 0.047ms returns 0
T5BFFF6C0 019:801.828 JLINK_ReadMem(0x20001A40, 0x40 Bytes, ...)
T5BFFF6C0 019:801.850   CPU_ReadMem(64 bytes @ 0x20001A40)
T5BFFF6C0 019:822.169    -- Updating C cache (64 bytes @ 0x20001A40)
T5BFFF6C0 019:822.197    -- Read from C cache (64 bytes @ 0x20001A40)
T5BFFF6C0 019:822.205   Data:  0E 05 00 20 1B 0C 00 00 54 4A 00 00 5C 1A 00 20 ...
T5BFFF6C0 019:822.212 - 20.386ms returns 0
T5B7FE6C0 019:825.514 JLINK_IsHalted()
T5B7FE6C0 019:825.545 - 0.035ms returns TRUE
T5B7FE6C0 019:825.556 JLINK_ReadReg(XPSR)
T5B7FE6C0 019:825.572 - 0.019ms returns 0x41000000
T5B7FE6C0 019:825.592 JLINK_ReadReg(R15 (PC))
T5B7FE6C0 019:825.599 - 0.010ms returns 0x00001D8C
T5B7FE6C0 019:825.608 JLINK_ReadReg(XPSR)
T5B7FE6C0 019:825.614 - 0.009ms returns 0x41000000
T5B7FE6C0 019:825.622 JLINK_ReadMem(0x00001D8C, 0x1 Bytes, ...)
T5B7FE6C0 019:825.633    -- Read from flash cache (1 bytes @ 0x00001D8C)
T5B7FE6C0 019:825.641   Data:  03
T5B7FE6C0 019:825.649 - 0.030ms returns 0
T5BFFF6C0 019:872.623 JLINK_ReadMem(0x00001D8C, 0x4 Bytes, ...)
T5BFFF6C0 019:872.656    -- Read from flash cache (4 bytes @ 0x00001D8C)
T5BFFF6C0 019:872.665   Data:  03 68 10 31
T5BFFF6C0 019:872.671 - 0.050ms returns 0
T5BFFF6C0 019:923.079 JLINK_ReadMem(0x00000E1A, 0x4 Bytes, ...)
T5BFFF6C0 019:923.115    -- Read from flash cache (4 bytes @ 0x00000E1A)
T5BFFF6C0 019:923.124   Data:  20 60 28 B1
T5BFFF6C0 019:923.132 - 0.057ms returns 0
T5BFFF6C0 019:923.342 JLINK_ReadMem(0x20001A40, 0x40 Bytes, ...)
T5BFFF6C0 019:923.361    -- Read from C cache (64 bytes @ 0x20001A40)
T5BFFF6C0 019:923.374   Data:  0E 05 00 20 1B 0C 00 00 54 4A 00 00 5C 1A 00 20 ...
T5BFFF6C0 019:923.383 - 0.045ms returns 0
T5BFFF6C0 019:923.579 JLINK_ReadMem(0x0000117A, 0x4 Bytes, ...)
T5BFFF6C0 019:923.599    -- Read from flash cache (4 bytes @ 0x0000117A)
T5BFFF6C0 019:923.611   Data:  10 BD 40 F6
T5BFFF6C0 019:923.623 - 0.047ms returns 0
T5BFFF6C0 019:923.759 JLINK_ReadMem(0x20001A80, 0x40 Bytes, ...)
T5BFFF6C0 019:923.792   CPU_ReadMem(64 bytes @ 0x20001A80)
T5BFFF6C0 019:946.510    -- Updating C cache (64 bytes @ 0x20001A80)
T5BFFF6C0 019:946.539    -- Read from C cache (64 bytes @ 0x20001A80)
T5BFFF6C0 019:946.551   Data:  04 0F 00 20 55 12 00 00 E5 2B 5A 05 A0 DE 4C 10 ...
T5BFFF6C0 019:946.573 - 22.818ms returns 0
T5BFFF6C0 019:996.966 JLINK_ReadMem(0x00001254, 0x4 Bytes, ...)
T5BFFF6C0 019:997.007    -- Read from flash cache (4 bytes @ 0x00001254)
T5BFFF6C0 019:997.017   Data:  00 BE FE E7
T5BFFF6C0 019:997.026 - 0.063ms returns 0
T5BFFF6C0 020:047.419 JLINK_ReadMem(0x00001254, 0x4 Bytes, ...)
T5BFFF6C0 020:047.450    -- Read from flash cache (4 bytes @ 0x00001254)
T5BFFF6C0 020:047.457   Data:  00 BE FE E7
T5BFFF6C0 020:047.464 - 0.047ms returns 0
T5BFFF6C0 020:097.848 JLINK_ReadMem(0x2000050E, 0x2 Bytes, ...)
T5BFFF6C0 020:097.930   CPU_ReadMem(64 bytes @ 0x20000500)
T5BFFF6C0 020:116.771    -- Updating C cache (64 bytes @ 0x20000500)
T5BFFF6C0 020:116.801    -- Read from C cache (2 bytes @ 0x2000050E)
T5BFFF6C0 020:116.812   Data:  00 00
T5BFFF6C0 020:116.822 - 18.977ms returns 0
T5BFFF6C0 020:167.215 JLINK_ReadMem(0x200004FC, 0x1 Bytes, ...)
T5BFFF6C0 020:167.259   CPU_ReadMem(64 bytes @ 0x200004C0)
T5BFFF6C0 020:186.917    -- Updating C cache (64 bytes @ 0x200004C0)
T5BFFF6C0 020:186.946    -- Read from C cache (1 bytes @ 0x200004FC)
T5BFFF6C0 020:186.954   Data:  01
T5BFFF6C0 020:186.961 - 19.748ms returns 0
T5BFFF6C0 020:237.357 JLINK_ReadMem(0x20000500, 0x4 Bytes, ...)
T5BFFF6C0 020:237.402    -- Read from C cache (4 bytes @ 0x20000500)
T5BFFF6C0 020:237.412   Data:  00 00 00 00
T5BFFF6C0 020:237.421 - 0.068ms returns 0
T5BFFF6C0 020:237.889 JLINK_ReadMem(0x20000504, 0x4 Bytes, ...)
T5BFFF6C0 020:237.918    -- Read from C cache (4 bytes @ 0x20000504)
T5BFFF6C0 020:237.927   Data:  00 00 00 00
T5BFFF6C0 020:237.936 - 0.050ms returns 0
T5BFFF6C0 020:388.991 JLINK_ReadReg(XPSR)
T5BFFF6C0 020:465.207 - 76.245ms returns 0x41000000
T5BFFF6C0 020:465.274 JLINK_ReadMem(0x200010B4, 0x4 Bytes, ...)
T5BFFF6C0 020:465.292    -- Read from C cache (4 bytes @ 0x200010B4)
T5BFFF6C0 020:465.301   Data:  04 00 00 00
T5BFFF6C0 020:465.309 - 0.038ms returns 0
T5BFFF6C0 020:465.318 JLINK_ReadMem(0x2000118C, 0x4 Bytes, ...)
T5BFFF6C0 020:465.325    -- Read from C cache (4 bytes @ 0x2000118C)
T5BFFF6C0 020:465.333   Data:  A0 0E 00 20
T5BFFF6C0 020:465.340 - 0.025ms returns 0
T5BFFF6C0 020:465.347 JLINK_ReadMem(0x00000000, 0x4 Bytes, ...)
T5BFFF6C0 020:465.355    -- Read from flash cache (4 bytes @ 0x00000000)
T5BFFF6C0 020:465.363   Data:  90 16 00 20
T5BFFF6C0 020:465.371 - 0.026ms returns 0
T5BFFF6C0 020:465.377 JLINK_ReadMem(0x00000000, 0x4 Bytes, ...)
T5BFFF6C0 020:465.383    -- Read from flash cache (4 bytes @ 0x00000000)
T5BFFF6C0 020:465.391   Data:  90 16 00 20
T5BFFF6C0 020:465.398 - 0.024ms returns 0
T5BFFF6C0 020:515.820 JLINK_ReadReg(XPSR)
T5BFFF6C0 020:515.864 - 0.047ms returns 0x41000000
T5BFFF6C0 020:515.885 JLINK_ReadMem(0x200010B4, 0x4 Bytes, ...)
T5BFFF6C0 020:515.901    -- Read from C cache (4 bytes @ 0x200010B4)
T5BFFF6C0 020:515.910   Data:  04 00 00 00
T5BFFF6C0 020:515.918 - 0.036ms returns 0
T5BFFF6C0 020:515.926 JLINK_ReadMem(0x2000118C, 0x4 Bytes, ...)
T5BFFF6C0 020:515.934    -- Read from C cache (4 bytes @ 0x2000118C)
T5BFFF6C0 020:515.942   Data:  A0 0E 00 20
T5BFFF6C0 020:515.950 - 0.027ms returns 0
T5BFFF6C0 020:515.956 JLINK_ReadMem(0x00000000, 0x4 Bytes, ...)
T5BFFF6C0 020:515.964    -- Read from flash cache (4 bytes @ 0x00000000)
T5BFFF6C0 020:515.972   Data:  90 16 00 20
T5BFFF6C0 020:515.980 - 0.027ms returns 0
T5BFFF6C0 020:515.987 JLINK_ReadMem(0x00000000, 0x4 Bytes, ...)
T5BFFF6C0 020:515.993    -- Read from flash cache (4 bytes @ 0x00000000)
T5BFFF6C0 020:516.001   Data:  90 16 00 20
T5BFFF6C0 020:516.009 - 0.024ms returns 0
T5BFFF6C0 020:566.465 JLINK_ReadMem(0x2000050E, 0x2 Bytes, ...)
T5BFFF6C0 020:566.512    -- Read from C cache (2 bytes @ 0x2000050E)
T5BFFF6C0 020:566.522   Data:  00 00
T5BFFF6C0 020:566.531 - 0.070ms returns 0
T5BFFF6C0 020:616.954 JLINK_ReadMem(0x200004FC, 0x1 Bytes, ...)
T5BFFF6C0 020:616.998    -- Read from C cache (1 bytes @ 0x200004FC)
T5BFFF6C0 020:617.007   Data:  01
T5BFFF6C0 020:617.016 - 0.066ms returns 0
T5BFFF6C0 020:667.429 JLINK_ReadMem(0x20000500, 0x4 Bytes, ...)
T5BFFF6C0 020:667.490    -- Read from C cache (4 bytes @ 0x20000500)
T5BFFF6C0 020:667.502   Data:  00 00 00 00
T5BFFF6C0 020:667.513 - 0.087ms returns 0
T5BFFF6C0 020:717.931 JLINK_ReadMem(0x20000504, 0x4 Bytes, ...)
T5BFFF6C0 020:717.984    -- Read from C cache (4 bytes @ 0x20000504)
T5BFFF6C0 020:717.994   Data:  00 00 00 00
T5BFFF6C0 020:718.003 - 0.075ms returns 0
T5BFFF6C0 023:292.757 JLINK_ReadReg(XPSR)
T5BFFF6C0 023:312.941 - 20.212ms returns 0x41000000
T5BFFF6C0 023:313.001 JLINK_ReadMem(0x200010B4, 0x4 Bytes, ...)
T5BFFF6C0 023:313.020    -- Read from C cache (4 bytes @ 0x200010B4)
T5BFFF6C0 023:313.030   Data:  04 00 00 00
T5BFFF6C0 023:313.036 - 0.037ms returns 0
T5BFFF6C0 023:313.046 JLINK_ReadMem(0x2000118C, 0x4 Bytes, ...)
T5BFFF6C0 023:313.055    -- Read from C cache (4 bytes @ 0x2000118C)
T5BFFF6C0 023:313.062   Data:  A0 0E 00 20
T5BFFF6C0 023:313.067 - 0.024ms returns 0
T5BFFF6C0 023:313.076 JLINK_ReadMem(0x00000000, 0x4 Bytes, ...)
T5BFFF6C0 023:313.084    -- Read from flash cache (4 bytes @ 0x00000000)
T5BFFF6C0 023:313.090   Data:  90 16 00 20
T5BFFF6C0 023:313.096 - 0.023ms returns 0
T5BFFF6C0 023:313.103 JLINK_ReadMem(0x00000000, 0x4 Bytes, ...)
T5BFFF6C0 023:313.110    -- Read from flash cache (4 bytes @ 0x00000000)
T5BFFF6C0 023:313.117   Data:  90 16 00 20
T5BFFF6C0 023:313.123 - 0.021ms returns 0
T5BFFF6C0 023:363.539 JLINK_ReadReg(XPSR)
T5BFFF6C0 023:363.576 - 0.039ms returns 0x41000000
T5BFFF6C0 023:363.592 JLINK_ReadMem(0x200010B4, 0x4 Bytes, ...)
T5BFFF6C0 023:363.604    -- Read from C cache (4 bytes @ 0x200010B4)
T5BFFF6C0 023:363.611   Data:  04 00 00 00
T5BFFF6C0 023:363.617 - 0.030ms returns 0
T5BFFF6C0 023:363.626 JLINK_ReadMem(0x2000118C, 0x4 Bytes, ...)
T5BFFF6C0 023:363.634    -- Read from C cache (4 bytes @ 0x2000118C)
T5BFFF6C0 023:363.642   Data:  A0 0E 00 20
T5BFFF6C0 023:363.650 - 0.026ms returns 0
T5BFFF6C0 023:363.656 JLINK_ReadMem(0x00000000, 0x4 Bytes, ...)
T5BFFF6C0 023:363.661    -- Read from flash cache (4 bytes @ 0x00000000)
T5BFFF6C0 023:363.667   Data:  90 16 00 20
T5BFFF6C0 023:363.672 - 0.018ms returns 0
T5BFFF6C0 023:363.677 JLINK_ReadMem(0x00000000, 0x4 Bytes, ...)
T5BFFF6C0 023:363.681    -- Read from flash cache (4 bytes @ 0x00000000)
T5BFFF6C0 023:363.687   Data:  90 16 00 20
T5BFFF6C0 023:363.692 - 0.017ms returns 0
T5BFFF6C0 023:414.126 JLINK_ReadReg(XPSR)
T5BFFF6C0 023:414.173 - 0.050ms returns 0x41000000
T5BFFF6C0 023:414.196 JLINK_ReadMem(0x200010B4, 0x4 Bytes, ...)
T5BFFF6C0 023:414.212    -- Read from C cache (4 bytes @ 0x200010B4)
T5BFFF6C0 023:414.220   Data:  04 00 00 00
T5BFFF6C0 023:414.228 - 0.035ms returns 0
T5BFFF6C0 023:414.236 JLINK_ReadMem(0x2000118C, 0x4 Bytes, ...)
T5BFFF6C0 023:414.244    -- Read from C cache (4 bytes @ 0x2000118C)
T5BFFF6C0 023:414.252   Data:  A0 0E 00 20
T5BFFF6C0 023:414.259 - 0.026ms returns 0
T5BFFF6C0 023:414.266 JLINK_ReadMem(0x00000000, 0x4 Bytes, ...)
T5BFFF6C0 023:414.274    -- Read from flash cache (4 bytes @ 0x00000000)
T5BFFF6C0 023:414.281   Data:  90 16 00 20
T5BFFF6C0 023:414.289 - 0.025ms returns 0
T5BFFF6C0 023:414.295 JLINK_ReadMem(0x00000000, 0x4 Bytes, ...)
T5BFFF6C0 023:414.301    -- Read from flash cache (4 bytes @ 0x00000000)
T5BFFF6C0 023:414.308   Data:  90 16 00 20
T5BFFF6C0 023:414.315 - 0.023ms returns 0
T68550740 023:774.421 JLINK_ClrBPEx(BPHandle = 0x00000007)
T68550740 023:774.534 - 0.117ms returns 0x00
T68550740 023:774.548 JLINK_Halt()
T68550740 023:774.554 - 0.009ms returns 0x00
T68550740 023:774.564 JLINK_ReadReg(XPSR)
T68550740 023:774.581 - 0.020ms returns 0x41000000
T68550740 023:776.796 JLINK_Close()
T68550740 023:852.997   CPU_WriteMem(4 bytes @ 0xE0002008)
T68550740 023:965.971 - 189.204ms
T68550740 023:966.004   
T68550740 023:966.009   Closed
