TBBC1D740 000:000.546   SEGGER J-Link V7.82c Log File
TBBC1D740 000:000.774   DLL Compiled: Nov 16 2022 17:02:50
TBBC1D740 000:000.784   Logging started @ 2023-12-01 13:33
TBBC1D740 000:000.788 - 0.791ms
TBBC1D740 000:000.797 JLINK_GetDLLVersion()
TBBC1D740 000:000.801 - 0.008ms returns 78203
TBBC1D740 000:002.902 JLINK_OpenEx(...)
TBBC1D740 000:435.628   Firmware: J-Link V9 compiled May  7 2021 16:26:12
TBBC1D740 000:481.627   Firmware: J-Link V9 compiled May  7 2021 16:26:12
TBBC1D740 000:481.818   Decompressing FW timestamp took 155 us
TBBC1D740 001:055.649   Hardware: V9.30
TBBC1D740 001:055.683   S/N: 36310083
TBBC1D740 001:055.691   OEM: SEGGER
TBBC1D740 001:055.698   Feature(s): RDI, GDB, FlashDL, FlashBP, JFlash
TBBC1D740 001:366.818   TELNET listener socket opened on port 19021
TBBC1D740 001:366.991   WEBSRV WEBSRV_Init(): Starting webserver thread(s)
TBBC1D740 001:367.103   WEBSRV Webserver running on local port 19080
TBBC1D740 001:367.115 - 1364.216ms returns "O.K."
TBBC1D740 001:367.231 JLINK_ExecCommand("ProjectFile=/opt/work/workspaces/defaut/LittleFS/LittleFS.elf.jlink", ...). 
TBBC1D740 001:388.256 - 21.045ms returns 0x00
TBBC1D740 001:388.716 JLINK_ExecCommand("device=R7FA2L1AB", ...). 
TBBC1D740 001:389.166   Device "R7FA2L1AB" selected.
TBBC1D740 001:389.355 - 0.632ms returns 0x00
TBBC1D740 001:389.400 JLINK_ExecCommand("SetCPUConnectIDCODE = FFFFFFFFFFFFFFFFFFFFFFFFFFFFFFFF", ...). 
TBBC1D740 001:389.409 - 0.004ms returns 0x00
TBBC1D740 001:389.414 JLINK_TIF_GetAvailable(...)
TBBC1D740 001:410.995 - 21.610ms
TBBC1D740 001:411.041 JLINK_TIF_Select(JLINKARM_TIF_SWD)
TBBC1D740 001:482.650 - 71.629ms returns 0x00
TBBC1D740 001:482.689 JLINK_SetSpeed(4000)
TBBC1D740 001:505.311 - 22.641ms
TBBC1D740 001:505.344 JLINK_SetEndian(ARM_ENDIAN_LITTLE)
TBBC1D740 001:505.350 - 0.009ms returns 0
TBBC1D740 001:505.357 JLINK_SetInitRegsOnReset(OFF)
TBBC1D740 001:505.363 - 0.008ms returns 1
TBBC1D740 001:505.370 JLINK_SetResetType(JLINKARM_RESET_TYPE_NO_RESET)
TBBC1D740 001:505.375 - 0.008ms returns JLINKARM_RESET_TYPE_NORMAL
TBBC1D740 001:505.385 JLINK_ExecCommand("EnableFlashBPs", ...). 
TBBC1D740 001:505.393 - 0.005ms returns 0x00
TBBC1D740 001:505.400 JLINK_ExecCommand("SetAllowFlashCache = 1", ...). 
TBBC1D740 001:505.408 - 0.005ms returns 0x01
TBBC1D740 001:505.415 JLINK_ExecCommand("SetRestartOnClose = 0", ...). 
TBBC1D740 001:505.422 - 0.004ms returns 0x01
TBBC1D740 001:505.429 JLINK_EnableSoftBPs(ON)
TBBC1D740 001:505.435 - 0.009ms
TBBC1D740 001:505.441 JLINK_Connect()
TBBC1D740 001:720.003   Found SW-DP with ID 0x5BA02477
TBBC1D740 002:784.675   Found SW-DP with ID 0x5BA02477
TBBC1D740 002:987.957   DPIDR: 0x5BA02477
TBBC1D740 002:987.988   CoreSight SoC-400 or earlier
TBBC1D740 002:987.996   Scanning AP map to find all available APs
TBBC1D740 003:095.706   AP[2]: Stopped AP scan as end of AP map has been reached
TBBC1D740 003:095.739   AP[0]: AHB-AP (IDR: 0x74770001)
TBBC1D740 003:095.746   AP[1]: APB-AP (IDR: 0x44770002)
TBBC1D740 003:095.754   Iterating through AP map to find AHB-AP to use
TBBC1D740 003:247.000   AP[0]: Core found
TBBC1D740 003:247.030   AP[0]: AHB-AP ROM base: 0x4001A000
TBBC1D740 003:319.784   CPUID register: 0x411CD200. Implementer code: 0x41 (ARM)
TBBC1D740 003:319.818   Feature set: Baseline
TBBC1D740 003:319.826   Found Cortex-M23 r1p0, Little endian.
TBBC1D740 003:464.541   -- Max. mem block: 0x00010AA0
TBBC1D740 003:583.154   CPU_ReadMem(4 bytes @ 0xE000EDF0)
TBBC1D740 003:656.045   CPU_ReadMem(4 bytes @ 0xE0002000)
TBBC1D740 003:727.729   FPUnit: 4 code (BP) slots and 0 literal slots
TBBC1D740 003:727.766   CPU_ReadMem(4 bytes @ 0xE000EDFC)
TBBC1D740 003:803.015   CPU_ReadMem(4 bytes @ 0xE0001000)
TBBC1D740 003:875.817   CPU_ReadMem(4 bytes @ 0xE0001000)
TBBC1D740 003:948.080   CPU_ReadMem(4 bytes @ 0xE0001028)
TBBC1D740 003:978.042   CPU_ReadMem(4 bytes @ 0xE0001038)
TBBC1D740 004:047.895   CPU_WriteMem(4 bytes @ 0xE0001000)
TBBC1D740 004:119.812   CPU_ReadMem(4 bytes @ 0xE000ED88)
TBBC1D740 004:192.666   CPU_WriteMem(4 bytes @ 0xE000ED88)
TBBC1D740 004:263.535   CPU_ReadMem(4 bytes @ 0xE000ED88)
TBBC1D740 004:278.653   CPU_WriteMem(4 bytes @ 0xE000ED88)
TBBC1D740 004:293.772   CPU_ReadMem(4 bytes @ 0xE000EFB8)
TBBC1D740 004:367.192   Security extension: not implemented
TBBC1D740 004:367.226   CoreSight components:
TBBC1D740 004:367.233   ROMTbl[0] @ 4001A000
TBBC1D740 004:367.261   CPU_ReadMem(64 bytes @ 0x4001A000)
TBBC1D740 004:382.732   CPU_ReadMem(32 bytes @ 0xE000EFE0)
TBBC1D740 004:398.106   CPU_ReadMem(4 bytes @ 0xE000EFBC)
TBBC1D740 004:414.598   CPU_ReadMem(4 bytes @ 0xE000EFCC)
TBBC1D740 004:488.285   [0][0]: E000E000 CID B105900D PID 000BBD20 DEVARCH 47702A04 DEVTYPE 00 Cortex-M23
TBBC1D740 004:488.323   CPU_ReadMem(32 bytes @ 0xE0001FE0)
TBBC1D740 004:504.744   CPU_ReadMem(4 bytes @ 0xE0001FBC)
TBBC1D740 004:595.707   CPU_ReadMem(4 bytes @ 0xE0001FCC)
TBBC1D740 004:668.140   [0][1]: E0001000 CID B105900D PID 000BBD20 DEVARCH 47701A02 DEVTYPE 00 DWT
TBBC1D740 004:668.175   CPU_ReadMem(32 bytes @ 0xE0002FE0)
TBBC1D740 004:683.755   CPU_ReadMem(4 bytes @ 0xE0002FBC)
TBBC1D740 004:755.759   CPU_ReadMem(4 bytes @ 0xE0002FCC)
TBBC1D740 004:836.882   [0][2]: E0002000 CID B105900D PID 000BBD20 DEVARCH 47701A03 DEVTYPE 00 FPB
TBBC1D740 004:836.913   CPU_ReadMem(32 bytes @ 0x40019FE0)
TBBC1D740 004:909.988   CPU_ReadMem(4 bytes @ 0x40019FBC)
TBBC1D740 004:925.519   CPU_ReadMem(4 bytes @ 0x40019FCC)
TBBC1D740 004:941.805   [0][3]: 40019000 CID B105900D PID 000BBD20 DEVARCH 47710A31 DEVTYPE 31 MTB
TBBC1D740 004:941.875 - 3436.455ms returns 0x00
TBBC1D740 004:941.929 JLINK_ResetPullsRESET(ON)
TBBC1D740 004:941.935 - 0.008ms
TBBC1D740 004:973.651 JLINK_Halt()
TBBC1D740 005:060.478 - 86.856ms returns 0x00
TBBC1D740 005:060.522 JLINK_IsHalted()
TBBC1D740 005:131.750 - 71.249ms returns TRUE
TBBC1D740 005:131.787 JLINK_Reset()
TBBC1D740 005:131.834   CPU_WriteMem(4 bytes @ 0xE000EDF0)
TBBC1D740 005:147.508   CPU_ReadMem(4 bytes @ 0xE000ED44)
TBBC1D740 005:166.985   CPU_WriteMem(4 bytes @ 0xE000EDFC)
TBBC1D740 005:184.151   Reset: Halt core after reset via DEMCR.VC_CORERESET.
TBBC1D740 005:215.111   Reset: Reset device via AIRCR.SYSRESETREQ.
TBBC1D740 005:215.153   CPU_WriteMem(4 bytes @ 0xE000ED0C)
TBBC1D740 005:342.759   CPU_ReadMem(4 bytes @ 0xE000EDF0)
TBBC1D740 005:358.098   CPU_ReadMem(4 bytes @ 0xE000EDF0)
TBBC1D740 005:373.327   CPU_WriteMem(4 bytes @ 0xE000EDF0)
TBBC1D740 005:399.272   CPU_WriteMem(4 bytes @ 0xE000EDFC)
TBBC1D740 005:477.053   CPU_ReadMem(4 bytes @ 0xE000EDF0)
TBBC1D740 005:660.224   CPU_WriteMem(4 bytes @ 0xE0002000)
TBBC1D740 005:675.701   CPU_ReadMem(4 bytes @ 0xE000EDFC)
TBBC1D740 005:692.232   CPU_ReadMem(4 bytes @ 0xE0001000)
TBBC1D740 005:711.239   CPU_WriteMem(4 bytes @ 0xE0001000)
TBBC1D740 005:727.098   CPU_ReadMem(4 bytes @ 0xE000EE08)
TBBC1D740 005:751.449 - 619.692ms
TBBC1D740 005:751.627 JLINK_IsHalted()
TBBC1D740 005:751.640 - 0.016ms returns TRUE
TBBC1D740 005:751.827 JLINK_MeasureCPUSpeed(RAMAddr = 0xFFFFFFFF)
TBBC1D740 005:751.847   CPU_ReadMem(16 bytes @ 0x20000000)
TBBC1D740 005:826.075   CPU_ReadMem(64 bytes @ 0x20000000)
TBBC1D740 005:841.912    -- Updating C cache (64 bytes @ 0x20000000)
TBBC1D740 005:841.958    -- Read from C cache (6 bytes @ 0x20000000)
TBBC1D740 005:841.973   CPU_ReadMem(4 bytes @ 0x40019004)
TBBC1D740 005:917.735   CPU_ReadMem(4 bytes @ 0xE000ED90)
TBBC1D740 005:988.149   CPU_ReadMem(4 bytes @ 0xE000ED94)
TBBC1D740 006:060.059   CPU_WriteMem(16 bytes @ 0x20000000)
TBBC1D740 006:075.523   CPU_WriteMem(6 bytes @ 0x20000000)
TBBC1D740 006:091.049   CPU_ReadMem(64 bytes @ 0x20000000)
TBBC1D740 006:106.475    -- Updating C cache (64 bytes @ 0x20000000)
TBBC1D740 006:106.516    -- Read from C cache (6 bytes @ 0x20000000)
TBBC1D740 006:106.549   CPU_ReadMem(4 bytes @ 0xE000EE08)
TBBC1D740 006:121.952   CPU_WriteMem(4 bytes @ 0xE0002008)
TBBC1D740 006:121.996   CPU_WriteMem(4 bytes @ 0xE000200C)
TBBC1D740 006:122.007   CPU_WriteMem(4 bytes @ 0xE0002010)
TBBC1D740 006:122.029   CPU_WriteMem(4 bytes @ 0xE0002014)
TBBC1D740 006:258.445   CPU_WriteMem(4 bytes @ 0xE0002008)
TBBC1D740 006:276.311   CPU_WriteMem(4 bytes @ 0xE000200C)
TBBC1D740 006:299.218   CPU_WriteMem(4 bytes @ 0xE0002010)
TBBC1D740 006:372.141   CPU_WriteMem(4 bytes @ 0xE0002014)
TBBC1D740 006:388.779   CPU_ReadMem(4 bytes @ 0xE000EE08)
TBBC1D740 006:460.423   CPU_ReadMem(4 bytes @ 0xE000EE08)
TBBC1D740 006:476.587   CPU_ReadMem(4 bytes @ 0xE000EE08)
TBBC1D740 006:667.089   CPU_WriteMem(6 bytes @ 0x20000000)
TBBC1D740 006:741.269   ClockFreq: 501000 Hz
TBBC1D740 006:741.301 - 989.477ms returns 501000
TBBC1D740 006:741.325 JLINK_ReadReg(XPSR)
TBBC1D740 006:756.614   CPU_ReadMem(4 bytes @ 0xE000EE08)
TBBC1D740 006:772.070 - 30.762ms returns 0x41000000
TBBC1D740 006:772.177 JLINK_IsHalted()
TBBC1D740 006:772.186 - 0.026ms returns TRUE
TBBC1D740 006:772.208 JLINK_ReadReg(XPSR)
TBBC1D740 006:772.217 - 0.011ms returns 0x41000000
TBBC1D740 006:772.222 JLINK_ReadReg(R15 (PC))
TBBC1D740 006:772.228 - 0.008ms returns 0x00003EFC
TBBC1D740 006:772.236 JLINK_ReadReg(XPSR)
TBBC1D740 006:772.241 - 0.008ms returns 0x41000000
TBBC1D740 006:772.249 JLINK_ReadMem(0x00003EFC, 0x1 Bytes, ...)
TBBC1D740 006:772.261   CPU_ReadMem(64 bytes @ 0x00003EC0)
TBBC1D740 006:843.791    -- Updating C cache (64 bytes @ 0x00003EC0)
TBBC1D740 006:843.853    -- Read from C cache (1 bytes @ 0x00003EFC)
TBBC1D740 006:843.876   Data:  80
TBBC1D740 006:843.885 - 71.641ms returns 0
TAFBFE6C0 006:973.216 JLINK_ReadReg(XPSR)
TAFBFE6C0 006:973.274 - 0.061ms returns 0x41000000
TAFBFE6C0 007:075.509 JLINK_Halt()
TAFBFE6C0 007:075.540 - 0.033ms returns 0x00
TAFBFE6C0 007:281.170 JLINK_ReadReg(XPSR)
TAFBFE6C0 007:368.115 - 86.977ms returns 0x41000000
TAFBFE6C0 007:419.534 JLINK_ReadReg(XPSR)
TAFBFE6C0 007:419.588 - 0.076ms returns 0x41000000
TAFBFE6C0 007:686.782 JLINK_ReadReg(XPSR)
TAFBFE6C0 007:686.818 - 0.040ms returns 0x41000000
TAFBFE6C0 010:594.474 JLINK_SetEndian(ARM_ENDIAN_LITTLE)
TAFBFE6C0 010:594.505 - 0.035ms returns 0
TAFBFE6C0 010:594.575 JLINK_BeginDownload(Flags = 0x00000000)
TAFBFE6C0 010:594.584 - 0.077ms
TAFBFE6C0 010:646.485 JLINK_WriteMem(0x00000000, 0xBE0 Bytes, ...)
TAFBFE6C0 010:646.506   Data:  18 17 00 20 21 40 00 00 07 3E 00 00 31 40 00 00 ...
TAFBFE6C0 010:647.364   completely In flash
TAFBFE6C0 010:647.394 - 0.911ms returns 0xBE0
TAFBFE6C0 010:650.519 JLINK_WriteMem(0x00000BE0, 0xBA0 Bytes, ...)
TAFBFE6C0 010:650.536   Data:  BB 6A 2B B1 7A 69 BB 6A 9A 42 ED D3 00 E0 C0 46 ...
TAFBFE6C0 010:650.567   completely In flash
TAFBFE6C0 010:650.576 - 0.059ms returns 0xBA0
TAFBFE6C0 010:650.793 JLINK_WriteMem(0x00001780, 0xBC0 Bytes, ...)
TAFBFE6C0 010:650.805   Data:  79 68 8A 61 CB 61 7B 68 1B 6A 18 00 00 F0 79 FB ...
TAFBFE6C0 010:650.817   completely In flash
TAFBFE6C0 010:650.825 - 0.034ms returns 0xBC0
TAFBFE6C0 010:651.162 JLINK_WriteMem(0x00002340, 0xBC0 Bytes, ...)
TAFBFE6C0 010:651.175   Data:  80 BD 80 B5 86 B0 00 AF 78 60 00 23 7B 61 7B 68 ...
TAFBFE6C0 010:651.185   completely In flash
TAFBFE6C0 010:651.193 - 0.034ms returns 0xBC0
TAFBFE6C0 010:651.370 JLINK_WriteMem(0x00002F00, 0xBB0 Bytes, ...)
TAFBFE6C0 010:651.380   Data:  10 88 C0 46 C0 46 BD 46 04 B0 80 BD 80 B5 84 B0 ...
TAFBFE6C0 010:651.390   completely In flash
TAFBFE6C0 010:652.945 - 1.578ms returns 0xBB0
TAFBFE6C0 010:653.194 JLINK_WriteMem(0x00003AB0, 0xBD0 Bytes, ...)
TAFBFE6C0 010:653.207   Data:  31 D0 4E F2 00 03 C4 F2 01 03 36 22 9B 5C DB B2 ...
TAFBFE6C0 010:653.234   completely In flash
TAFBFE6C0 010:653.242 - 0.050ms returns 0xBD0
TAFBFE6C0 010:653.530 JLINK_WriteMem(0x00004680, 0x36C Bytes, ...)
TAFBFE6C0 010:653.543   Data:  69 6E 67 20 36 34 4B 20 62 79 74 65 73 20 6F 6E ...
TAFBFE6C0 010:653.553   completely In flash
TAFBFE6C0 010:653.559 - 0.032ms returns 0x36C
TAFBFE6C0 010:654.097 JLINK_WriteMem(0x000049EC, 0x28 Bytes, ...)
TAFBFE6C0 010:654.110   Data:  00 00 08 10 00 00 00 00 00 00 00 00 00 00 00 00 ...
TAFBFE6C0 010:654.120   completely In flash
TAFBFE6C0 010:654.126 - 0.031ms returns 0x28
TAFBFE6C0 010:654.320 JLINK_WriteMem(0x01010018, 0x1C Bytes, ...)
TAFBFE6C0 010:654.344   Data:  FF FF FF FF FF FF FF FF FF FF FF FF FF FF FF FF ...
TAFBFE6C0 010:657.955   completely In flash
TAFBFE6C0 010:657.973 - 3.657ms returns 0x1C
TAFBFE6C0 010:660.579 JLINK_EndDownload()
TAFBFE6C0 010:690.152   CPU_ReadMem(4 bytes @ 0x40019004)
TAFBFE6C0 010:759.331   CPU_ReadMem(4 bytes @ 0xE000ED90)
TAFBFE6C0 010:831.500   CPU_ReadMem(4 bytes @ 0xE000ED94)
TAFBFE6C0 010:846.255    -- --------------------------------------
TAFBFE6C0 010:846.289   Flash bank @ 0x01010010: Default: L2 verify disabled because algorithm performs L1 verify
TAFBFE6C0 010:846.300    -- Start of determining dirty areas in flash cache
TAFBFE6C0 010:846.316    -- Filling invalid ranges in sector buffer (flash cache) for sector @ 0x01010010 if necessary
TAFBFE6C0 010:846.328    -- End of determining dirty areas
TAFBFE6C0 010:846.336    -- Start of preparing flash programming
TAFBFE6C0 010:846.346    -- Calculating RAM usage
TAFBFE6C0 010:846.368    -- RAM usage = 3492 Bytes
TAFBFE6C0 010:846.376    -- Preserving CPU registers
TAFBFE6C0 010:846.415    -- Determining CPU clock frequency
TAFBFE6C0 012:053.245    -- Preparing target
TAFBFE6C0 012:587.962    -- Preserving target RAM temporarily used for programming
TAFBFE6C0 012:676.025    -- Downloading RAMCode
TAFBFE6C0 012:859.977    -- Preparing RAMCode
TAFBFE6C0 013:619.573    -- Checking target RAM
TAFBFE6C0 013:764.023    -- CPU frequency = 8000 kHz
TAFBFE6C0 013:764.058    -- End of preparing flash programming
TAFBFE6C0 013:764.097   Looking for J-Link GUI Server exe at: ARM/Segger_v7.82.3/JLinkGUIServerExe
TAFBFE6C0 013:764.108   Looking for J-Link GUI Server exe at: /opt/SEGGER/JLink/JLinkGUIServerExe
TAFBFE6C0 014:072.134   Failed to connect to J-Link GUI Server.
TAFBFE6C0 014:072.178   CPU is running at low speed (8000 kHz).
TAFBFE6C0 014:072.198    -- CPU is running at 8000 kHz.
TAFBFE6C0 014:072.209    -- Start of comparing flash
TAFBFE6C0 014:072.219    -- CRC check was estimated as fastest method
TAFBFE6C0 014:072.231    -- Comparing range 0x1010010 - 0x101003F (1 Sector, 48 Bytes), using multi-block CRC calculation
TAFBFE6C0 014:160.027    -- All CRCs match
TAFBFE6C0 014:160.060    -- Comparing range 0x1010010 - 0x101003F (1 Sector, 48 Bytes), using alternative multi-block CRC calculation
TAFBFE6C0 014:304.149    -- All CRCs match
TAFBFE6C0 014:304.184    -- End of comparing flash
TAFBFE6C0 014:304.193    -- Start of erasing sectors
TAFBFE6C0 014:304.202    -- End of erasing sectors
TAFBFE6C0 014:304.210    -- Start of flash programming
TAFBFE6C0 014:304.218    -- End of flash programming
TAFBFE6C0 014:304.226    -- Start of restoring
TAFBFE6C0 014:304.235    -- Restoring RAMCode
TAFBFE6C0 014:521.797    -- Restoring target memory
TAFBFE6C0 014:554.224    -- Restore target
TAFBFE6C0 014:843.801    -- Restoring CPU registers
TAFBFE6C0 014:859.470    -- End of restoring
TAFBFE6C0 014:859.496    -- Bank 0 @ 0x01010010: Skipped. Contents already match
TAFBFE6C0 014:859.505    -- Bank 0 @ 0x01010010: Skipped. Contents already match
TAFBFE6C0 014:859.518    -- --------------------------------------
TAFBFE6C0 014:859.526   Flash bank @ 0x00000000: Default: L2 verify disabled because algorithm performs L1 verify
TAFBFE6C0 014:859.534    -- Start of determining dirty areas in flash cache
TAFBFE6C0 014:859.544    -- Filling invalid ranges in sector buffer (flash cache) for sector @ 0x00000000 if necessary
TAFBFE6C0 014:859.554    -- Filling invalid ranges in sector buffer (flash cache) for sector @ 0x00000800 if necessary
TAFBFE6C0 014:859.563    -- Filling invalid ranges in sector buffer (flash cache) for sector @ 0x00001000 if necessary
TAFBFE6C0 014:859.571    -- Filling invalid ranges in sector buffer (flash cache) for sector @ 0x00001800 if necessary
TAFBFE6C0 014:859.580    -- Filling invalid ranges in sector buffer (flash cache) for sector @ 0x00002000 if necessary
TAFBFE6C0 014:859.588    -- Filling invalid ranges in sector buffer (flash cache) for sector @ 0x00002800 if necessary
TAFBFE6C0 014:859.617    -- Filling invalid ranges in sector buffer (flash cache) for sector @ 0x00003000 if necessary
TAFBFE6C0 014:859.626    -- Filling invalid ranges in sector buffer (flash cache) for sector @ 0x00003800 if necessary
TAFBFE6C0 014:859.635    -- Filling invalid ranges in sector buffer (flash cache) for sector @ 0x00004000 if necessary
TAFBFE6C0 014:859.654    -- Filling invalid ranges in sector buffer (flash cache) for sector @ 0x00004800 if necessary
TAFBFE6C0 014:859.736    -- End of determining dirty areas
TAFBFE6C0 014:859.757    -- Start of preparing flash programming
TAFBFE6C0 014:859.777    -- Calculating RAM usage
TAFBFE6C0 014:859.800    -- RAM usage = 4308 Bytes
TAFBFE6C0 014:859.808    -- Preserving CPU registers
TAFBFE6C0 014:859.835    -- Determining CPU clock frequency
TAFBFE6C0 015:705.766    -- Preparing target
TAFBFE6C0 016:344.258    -- Preserving target RAM temporarily used for programming
TAFBFE6C0 016:435.651    -- Downloading RAMCode
TAFBFE6C0 016:623.495    -- Preparing RAMCode
TAFBFE6C0 016:971.134    -- Checking target RAM
TAFBFE6C0 017:002.299    -- CPU frequency = 8000 kHz
TAFBFE6C0 017:002.321    -- End of preparing flash programming
TAFBFE6C0 017:002.332   CPU is running at low speed (8000 kHz).
TAFBFE6C0 017:002.338    -- CPU is running at 8000 kHz.
TAFBFE6C0 017:002.345    -- Start of comparing flash
TAFBFE6C0 017:002.353    -- CRC check was estimated as fastest method
TAFBFE6C0 017:002.361    -- Comparing range 0x0000 - 0x4FFF (10 Sectors, 20 KB), using multi-block CRC calculation
TAFBFE6C0 017:124.684    -- CRC does not match for sectors 0-9
TAFBFE6C0 017:124.715    -- End of comparing flash
TAFBFE6C0 017:124.722    -- Start of erasing sectors
TAFBFE6C0 017:124.731    -- Erasing range 0x00000000 - 0x00004FFF ( 10 Sectors, 20 KB)
TAFBFE6C0 017:687.754    -- End of erasing sectors
TAFBFE6C0 017:687.794    -- Start of flash programming
TAFBFE6C0 017:687.807    -- Programming range 0x00000000 - 0x00003FFF (  8 Sectors, 16 KB)
TAFBFE6C0 018:659.952    -- Programming range 0x00004000 - 0x00004FFF (  2 Sectors, 4 KB)
TAFBFE6C0 018:777.019    -- End of flash programming
TAFBFE6C0 018:777.071    -- 0x0000 - 0x4FFF ( 10 Sectors, 20 KiB)
TAFBFE6C0 018:777.080    -- Start of restoring
TAFBFE6C0 018:777.089    -- Restoring RAMCode
TAFBFE6C0 019:028.896    -- Restoring target memory
TAFBFE6C0 019:109.159    -- Restore target
TAFBFE6C0 019:403.708    -- Restoring CPU registers
TAFBFE6C0 019:475.017    -- End of restoring
TAFBFE6C0 019:475.053    -- Bank 1 @ 0x00000000: 1 range affected (20480 bytes)
TAFBFE6C0 019:475.070    -- Total: 4.615s (Prepare: 2.142s, Compare: 0.122s, Erase: 0.563s, Program & Verify: 1.179s, Restore: 0.607s)
TAFBFE6C0 019:475.077    -- Program & Verify speed: 17 KB/s
TAFBFE6C0 019:490.678 - 8830.111ms returns 20480 (0x5000)
TAFBFE6C0 019:578.519 JLINK_WriteReg(R15 (PC), 0x00004020)
TAFBFE6C0 019:578.570 - 0.055ms returns 0
TAFBFE6C0 019:578.582 JLINK_WriteReg(XPSR, 0x01000000)
TAFBFE6C0 019:578.588 - 0.008ms returns 0
TAFBFE6C0 019:578.606 JLINK_ResetPullsRESET(ON)
TAFBFE6C0 019:578.611 - 0.007ms
TAFBFE6C0 019:578.616 JLINK_Halt()
TAFBFE6C0 019:652.101 - 73.516ms returns 0x00
TAFBFE6C0 019:652.147 JLINK_IsHalted()
TAFBFE6C0 019:652.156 - 0.012ms returns TRUE
TAFBFE6C0 019:652.163 JLINK_Reset()
TAFBFE6C0 019:652.184   CPU_ReadMem(4 bytes @ 0x20000000)
TAFBFE6C0 019:724.758   CPU_WriteMem(4 bytes @ 0x20000000)
TAFBFE6C0 019:795.111   CPU_WriteMem(4 bytes @ 0xE000EDF0)
TAFBFE6C0 019:878.882   CPU_ReadMem(4 bytes @ 0xE000ED44)
TAFBFE6C0 019:959.193   CPU_WriteMem(4 bytes @ 0xE000EDFC)
TAFBFE6C0 020:039.188   Reset: Halt core after reset via DEMCR.VC_CORERESET.
TAFBFE6C0 020:187.234   Reset: Reset device via AIRCR.SYSRESETREQ.
TAFBFE6C0 020:187.283   CPU_WriteMem(4 bytes @ 0xE000ED0C)
TAFBFE6C0 020:613.074   CPU_ReadMem(4 bytes @ 0xE000EDF0)
TAFBFE6C0 020:683.558   CPU_ReadMem(4 bytes @ 0xE000EDF0)
TAFBFE6C0 020:759.034   CPU_WriteMem(4 bytes @ 0xE000EDF0)
TAFBFE6C0 020:832.297   CPU_WriteMem(4 bytes @ 0xE000EDFC)
TAFBFE6C0 020:912.350   CPU_ReadMem(4 bytes @ 0xE000EDF0)
TAFBFE6C0 020:960.527   CPU_WriteMem(4 bytes @ 0xE0002000)
TAFBFE6C0 021:032.300   CPU_ReadMem(4 bytes @ 0xE000EDFC)
TAFBFE6C0 021:138.674   CPU_ReadMem(4 bytes @ 0xE0001000)
TAFBFE6C0 021:211.984   CPU_WriteMem(4 bytes @ 0xE0001000)
TAFBFE6C0 021:228.013   CPU_ReadMem(4 bytes @ 0xE000EE08)
TAFBFE6C0 021:243.534 - 1591.389ms
TAFBFE6C0 021:243.573 JLINK_SetEndian(ARM_ENDIAN_LITTLE)
TAFBFE6C0 021:243.580 - 0.009ms returns 0
TAFBFE6C0 021:244.163 JLINK_ResetPullsRESET(ON)
TAFBFE6C0 021:244.178 - 0.018ms
TAFBFE6C0 021:244.185 JLINK_Halt()
TAFBFE6C0 021:244.191 - 0.009ms returns 0x00
TAFBFE6C0 021:244.197 JLINK_IsHalted()
TAFBFE6C0 021:244.204 - 0.010ms returns TRUE
TAFBFE6C0 021:244.210 JLINK_Reset()
TAFBFE6C0 021:244.226   CPU_WriteMem(4 bytes @ 0xE000EDF0)
TAFBFE6C0 021:262.332   CPU_ReadMem(4 bytes @ 0xE000ED44)
TAFBFE6C0 021:278.790   CPU_WriteMem(4 bytes @ 0xE000EDFC)
TAFBFE6C0 021:351.751   Reset: Halt core after reset via DEMCR.VC_CORERESET.
TAFBFE6C0 021:496.275   Reset: Reset device via AIRCR.SYSRESETREQ.
TAFBFE6C0 021:496.316   CPU_WriteMem(4 bytes @ 0xE000ED0C)
TAFBFE6C0 021:907.797   CPU_ReadMem(4 bytes @ 0xE000EDF0)
TAFBFE6C0 021:980.235   CPU_ReadMem(4 bytes @ 0xE000EDF0)
TAFBFE6C0 022:051.932   CPU_WriteMem(4 bytes @ 0xE000EDF0)
TAFBFE6C0 022:128.308   CPU_WriteMem(4 bytes @ 0xE000EDFC)
TAFBFE6C0 022:205.198   CPU_ReadMem(4 bytes @ 0xE000EDF0)
TAFBFE6C0 022:422.362   CPU_WriteMem(4 bytes @ 0xE0002000)
TAFBFE6C0 022:492.481   CPU_ReadMem(4 bytes @ 0xE000EDFC)
TAFBFE6C0 022:564.479   CPU_ReadMem(4 bytes @ 0xE0001000)
TAFBFE6C0 022:636.649   CPU_WriteMem(4 bytes @ 0xE0001000)
TAFBFE6C0 022:712.296   CPU_ReadMem(4 bytes @ 0xE000EE08)
TAFBFE6C0 022:856.065 - 1611.882ms
TAFBFE6C0 022:856.108 JLINK_SetEndian(ARM_ENDIAN_LITTLE)
TAFBFE6C0 022:856.115 - 0.009ms returns 0
TAFBFE6C0 022:856.148 JLINK_IsHalted()
TAFBFE6C0 022:856.172 - 0.027ms returns TRUE
TAFBFE6C0 022:856.178 JLINK_IsHalted()
TAFBFE6C0 022:856.183 - 0.008ms returns TRUE
TAFBFE6C0 022:856.190 JLINK_GetMOEs(...)
TAFBFE6C0 022:856.208   CPU_ReadMem(4 bytes @ 0xE000ED30)
TAFBFE6C0 022:928.419 - 72.256ms returns 0x01
TAFBFE6C0 023:015.025 JLINK_ReadReg(XPSR)
TAFBFE6C0 023:015.063   CPU_ReadMem(4 bytes @ 0xE000EE08)
TAFBFE6C0 023:030.891 - 15.885ms returns 0x21000000
TAFBFE6C0 023:031.768 JLINK_ReadMem(0x00004020, 0x4 Bytes, ...)
TAFBFE6C0 023:031.790    -- Read from flash cache (4 bytes @ 0x00004020)
TAFBFE6C0 023:031.814   Data:  80 B5 00 AF
TAFBFE6C0 023:031.823 - 0.058ms returns 0
TAFBFE6C0 023:084.977 JLINK_ReadReg(XPSR)
TAFBFE6C0 023:085.020 - 0.046ms returns 0x21000000
TAFBFE6C0 023:085.498 JLINK_ReadMem(0x00004020, 0x4 Bytes, ...)
TAFBFE6C0 023:085.517    -- Read from flash cache (4 bytes @ 0x00004020)
TAFBFE6C0 023:085.525   Data:  80 B5 00 AF
TAFBFE6C0 023:085.532 - 0.036ms returns 0
TAFBFE6C0 023:170.605 JLINK_ReadMem(0x00001172, 0x2 Bytes, ...)
TAFBFE6C0 023:170.639    -- Read from flash cache (2 bytes @ 0x00001172)
TAFBFE6C0 023:170.649   Data:  C0 46
TAFBFE6C0 023:170.658 - 0.056ms returns 0
TAFBFE6C0 023:221.162 JLINK_ReadMem(0x00001140, 0x40 Bytes, ...)
TAFBFE6C0 023:221.198    -- Read from flash cache (64 bytes @ 0x00001140)
TAFBFE6C0 023:221.207   Data:  03 00 23 70 FB 1D 1B 78 0B B1 C0 46 FD E7 C0 46 ...
TAFBFE6C0 023:221.213 - 0.054ms returns 0
TAFBFE6C0 023:221.630 JLINK_ReadMem(0x00001172, 0x2 Bytes, ...)
TAFBFE6C0 023:221.647    -- Read from flash cache (2 bytes @ 0x00001172)
TAFBFE6C0 023:221.654   Data:  C0 46
TAFBFE6C0 023:221.663 - 0.035ms returns 0
TAFBFE6C0 023:221.888 JLINK_GetNumBPUnits(Type = 0xFFFFFF00)
TAFBFE6C0 023:221.902 - 0.016ms returns 0x04
TAFBFE6C0 023:221.908 JLINK_GetNumWPUnits()
TAFBFE6C0 023:221.929 - 0.024ms returns 2
TAFBFE6C0 023:221.934 JLINK_GetNumWPUnits()
TAFBFE6C0 023:221.939 - 0.007ms returns 2
TAFBFE6C0 023:221.964 JLINK_GetNumBPUnits(Type = 0xFFFFFF00)
TAFBFE6C0 023:221.969 - 0.008ms returns 0x04
TAFBFE6C0 023:221.974 JLINK_GetNumWPUnits()
TAFBFE6C0 023:221.979 - 0.023ms returns 2
TAFBFE6C0 023:221.999 JLINK_GetNumWPUnits()
TAFBFE6C0 023:222.004 - 0.007ms returns 2
TAFBFE6C0 023:222.011 JLINK_GetNumBPUnits(Type = 0xFFFFFF00)
TAFBFE6C0 023:222.016 - 0.008ms returns 0x04
TAFBFE6C0 023:222.021 JLINK_GetNumWPUnits()
TAFBFE6C0 023:222.039 - 0.020ms returns 2
TAFBFE6C0 023:222.044 JLINK_GetNumWPUnits()
TAFBFE6C0 023:222.048 - 0.025ms returns 2
TAFBFE6C0 023:222.112 JLINK_SetBPEx(Addr = 0x00001172, Type = 0xFFFFFF00)
TAFBFE6C0 023:222.123 - 0.013ms returns 0x00000001
TAFBFE6C0 023:226.679 JLINK_ReadMem(0x00001450, 0x2 Bytes, ...)
TAFBFE6C0 023:226.716    -- Read from flash cache (2 bytes @ 0x00001450)
TAFBFE6C0 023:226.724   Data:  BB 68
TAFBFE6C0 023:226.731 - 0.055ms returns 0
TAFBFE6C0 023:227.140 JLINK_ReadMem(0x00001400, 0x40 Bytes, ...)
TAFBFE6C0 023:227.155    -- Read from flash cache (64 bytes @ 0x00001400)
TAFBFE6C0 023:227.163   Data:  98 47 C0 46 BD 46 02 B0 80 BD 90 B5 85 B0 00 AF ...
TAFBFE6C0 023:227.169 - 0.031ms returns 0
TAFBFE6C0 023:227.313 JLINK_ReadMem(0x00001450, 0x2 Bytes, ...)
TAFBFE6C0 023:227.326    -- Read from flash cache (2 bytes @ 0x00001450)
TAFBFE6C0 023:227.333   Data:  BB 68
TAFBFE6C0 023:227.339 - 0.028ms returns 0
TAFBFE6C0 023:227.493 JLINK_ClrBPEx(BPHandle = 0x00000001)
TAFBFE6C0 023:227.506 - 0.016ms returns 0x00
TAFBFE6C0 023:227.514 JLINK_SetBPEx(Addr = 0x00001172, Type = 0xFFFFFF00)
TAFBFE6C0 023:227.520 - 0.009ms returns 0x00000002
TAFBFE6C0 023:227.525 JLINK_SetBPEx(Addr = 0x00001450, Type = 0xFFFFFF00)
TAFBFE6C0 023:227.530 - 0.008ms returns 0x00000003
TAFBFE6C0 023:479.093 JLINK_ReadReg(XPSR)
TAFBFE6C0 023:552.091 - 73.016ms returns 0x21000000
TAFBFE6C0 023:753.769 JLINK_ReadMem(0x200005E8, 0x4 Bytes, ...)
TAFBFE6C0 023:753.855   CPU_ReadMem(64 bytes @ 0x200005C0)
TAFBFE6C0 023:824.461    -- Updating C cache (64 bytes @ 0x200005C0)
TAFBFE6C0 023:824.493    -- Read from C cache (4 bytes @ 0x200005E8)
TAFBFE6C0 023:824.503   Data:  00 00 00 00
TAFBFE6C0 023:824.512 - 70.747ms returns 0
TAFBFE6C0 023:875.088 JLINK_ClrBPEx(BPHandle = 0x00000002)
TAFBFE6C0 023:875.122 - 0.038ms returns 0x00
TAFBFE6C0 023:875.129 JLINK_ClrBPEx(BPHandle = 0x00000003)
TAFBFE6C0 023:875.134 - 0.007ms returns 0x00
TAFBFE6C0 023:875.144 JLINK_SetBPEx(Addr = 0x00001172, Type = 0xFFFFFF00)
TAFBFE6C0 023:875.153 - 0.011ms returns 0x00000004
TAFBFE6C0 023:875.158 JLINK_SetBPEx(Addr = 0x00001450, Type = 0xFFFFFF00)
TAFBFE6C0 023:875.163 - 0.007ms returns 0x00000005
TAFBFE6C0 023:875.168 JLINK_SetBPEx(Addr = 0x00001F0C, Type = 0xFFFFFF00)
TAFBFE6C0 023:875.173 - 0.007ms returns 0x00000006
TAFBFE6C0 023:875.182 JLINK_ClrBPEx(BPHandle = 0x00000004)
TAFBFE6C0 023:875.187 - 0.007ms returns 0x00
TAFBFE6C0 023:875.192 JLINK_ClrBPEx(BPHandle = 0x00000005)
TAFBFE6C0 023:875.197 - 0.007ms returns 0x00
TAFBFE6C0 023:875.202 JLINK_ClrBPEx(BPHandle = 0x00000006)
TAFBFE6C0 023:875.206 - 0.007ms returns 0x00
TAFBFE6C0 023:875.212 JLINK_SetBPEx(Addr = 0x00001172, Type = 0xFFFFFF00)
TAFBFE6C0 023:875.217 - 0.008ms returns 0x00000007
TAFBFE6C0 023:875.222 JLINK_SetBPEx(Addr = 0x00001450, Type = 0xFFFFFF00)
TAFBFE6C0 023:875.227 - 0.007ms returns 0x00000008
TAFBFE6C0 023:926.166 JLINK_ReadMem(0x00001F00, 0x40 Bytes, ...)
TAFBFE6C0 023:926.218    -- Read from flash cache (64 bytes @ 0x00001F00)
TAFBFE6C0 023:926.241   Data:  C0 46 3B 69 18 00 BD 46 06 B0 B0 BD 80 B5 00 AF ...
TAFBFE6C0 023:926.249 - 0.086ms returns 0
TAFBFE6C0 023:976.716 JLINK_ReadMem(0x00001F10, 0x2 Bytes, ...)
TAFBFE6C0 023:976.752    -- Read from flash cache (2 bytes @ 0x00001F10)
TAFBFE6C0 023:976.759   Data:  FF F7
TAFBFE6C0 023:976.767 - 0.054ms returns 0
TAFBFE6C0 024:027.209 JLINK_ClrBPEx(BPHandle = 0x00000007)
TAFBFE6C0 024:102.798 - 75.619ms returns 0x00
TAFBFE6C0 024:102.930 JLINK_ClrBPEx(BPHandle = 0x00000008)
TAFBFE6C0 024:102.948 - 0.021ms returns 0x00
TAFBFE6C0 024:102.970 JLINK_SetBPEx(Addr = 0x00001172, Type = 0xFFFFFF00)
TAFBFE6C0 024:102.981 - 0.013ms returns 0x00000009
TAFBFE6C0 024:102.987 JLINK_SetBPEx(Addr = 0x00001450, Type = 0xFFFFFF00)
TAFBFE6C0 024:103.010 - 0.026ms returns 0x0000000A
TAFBFE6C0 024:103.016 JLINK_SetBPEx(Addr = 0x00001F10, Type = 0xFFFFFF00)
TAFBFE6C0 024:103.022 - 0.009ms returns 0x0000000B
TAFBFE6C0 024:358.420 JLINK_IsHalted()
TAFBFE6C0 024:358.455 - 0.037ms returns TRUE
TAFBFE6C0 024:358.464 JLINK_STRACE_Read(..., NumItems = 0x10000)
TAFBFE6C0 024:431.773 - 73.336ms NumItemsRead = 0x00
TAFBFE6C0 024:431.821 JLINK_GoEx(MaxEmulInsts = 0, Flags = 0x01)
TAFBFE6C0 024:431.850   CPU_WriteMem(4 bytes @ 0xE0002000)
TAFBFE6C0 024:507.042   CPU_WriteMem(4 bytes @ 0xE0002000)
TAFBFE6C0 024:583.873   CPU_WriteMem(4 bytes @ 0xE0002000)
TAFBFE6C0 024:656.186   CPU_ReadMem(4 bytes @ 0xE0001000)
TAFBFE6C0 024:730.429   CPU_WriteMem(4 bytes @ 0xE0001000)
TAFBFE6C0 024:807.154   CPU_WriteMem(4 bytes @ 0xE000ED30)
TAFBFE6C0 024:822.828   CPU_WriteMem(4 bytes @ 0xE0002008)
TAFBFE6C0 024:822.894   CPU_WriteMem(4 bytes @ 0xE000200C)
TAFBFE6C0 024:822.902   CPU_WriteMem(4 bytes @ 0xE0002010)
TAFBFE6C0 024:822.909   CPU_WriteMem(4 bytes @ 0xE0002014)
TAFBFE6C0 024:839.008   CPU_WriteMem(4 bytes @ 0xE0001004)
TAFBFE6C0 024:872.308 - 440.513ms
TAF3FD6C0 024:914.575 JLINK_GetNumBPUnits(Type = 0xFFFFFF00)
TAF3FD6C0 024:914.622 - 0.050ms returns 0x04
TAF3FD6C0 024:914.629 JLINK_GetNumWPUnits()
TAF3FD6C0 024:914.634 - 0.008ms returns 2
TAF3FD6C0 024:914.640 JLINK_GetNumWPUnits()
TAF3FD6C0 024:914.645 - 0.007ms returns 2
TAF3FD6C0 024:914.903 JLINK_GetNumBPUnits(Type = 0xFFFFFF00)
TAF3FD6C0 024:914.918 - 0.034ms returns 0x04
TAF3FD6C0 024:914.940 JLINK_GetNumWPUnits()
TAF3FD6C0 024:914.961 - 0.023ms returns 2
TAF3FD6C0 024:914.966 JLINK_GetNumWPUnits()
TAF3FD6C0 024:914.970 - 0.006ms returns 2
TAF3FD6C0 024:915.204 JLINK_GetNumBPUnits(Type = 0xFFFFFF00)
TAF3FD6C0 024:915.215 - 0.013ms returns 0x04
TAF3FD6C0 024:915.220 JLINK_GetNumWPUnits()
TAF3FD6C0 024:915.224 - 0.005ms returns 2
TAF3FD6C0 024:915.228 JLINK_GetNumWPUnits()
TAF3FD6C0 024:915.231 - 0.005ms returns 2
TAF3FD6C0 024:915.434 JLINK_GetNumBPUnits(Type = 0xFFFFFF00)
TAF3FD6C0 024:915.445 - 0.014ms returns 0x04
TAF3FD6C0 024:915.450 JLINK_GetNumWPUnits()
TAF3FD6C0 024:915.454 - 0.006ms returns 2
TAF3FD6C0 024:915.458 JLINK_GetNumWPUnits()
TAF3FD6C0 024:915.462 - 0.006ms returns 2
TAF3FD6C0 024:915.697 JLINK_GetNumBPUnits(Type = 0xFFFFFF00)
TAF3FD6C0 024:915.709 - 0.014ms returns 0x04
TAF3FD6C0 024:915.714 JLINK_GetNumWPUnits()
TAF3FD6C0 024:915.718 - 0.006ms returns 2
TAF3FD6C0 024:915.722 JLINK_GetNumWPUnits()
TAF3FD6C0 024:915.726 - 0.007ms returns 2
TAF3FD6C0 024:915.946 JLINK_GetNumBPUnits(Type = 0xFFFFFF00)
TAF3FD6C0 024:915.957 - 0.013ms returns 0x04
TAF3FD6C0 024:915.962 JLINK_GetNumWPUnits()
TAF3FD6C0 024:915.966 - 0.006ms returns 2
TAF3FD6C0 024:915.971 JLINK_GetNumWPUnits()
TAF3FD6C0 024:915.975 - 0.006ms returns 2
TAF3FD6C0 024:916.197 JLINK_GetNumBPUnits(Type = 0xFFFFFF00)
TAF3FD6C0 024:916.209 - 0.014ms returns 0x04
TAF3FD6C0 024:916.214 JLINK_GetNumWPUnits()
TAF3FD6C0 024:916.218 - 0.006ms returns 2
TAF3FD6C0 024:916.222 JLINK_GetNumWPUnits()
TAF3FD6C0 024:916.226 - 0.006ms returns 2
TAF3FD6C0 024:916.439 JLINK_GetNumBPUnits(Type = 0xFFFFFF00)
TAF3FD6C0 024:916.450 - 0.013ms returns 0x04
TAF3FD6C0 024:916.455 JLINK_GetNumWPUnits()
TAF3FD6C0 024:916.459 - 0.006ms returns 2
TAF3FD6C0 024:916.463 JLINK_GetNumWPUnits()
TAF3FD6C0 024:916.467 - 0.006ms returns 2
TAFBFE6C0 024:925.298 JLINK_IsHalted()
TAFBFE6C0 024:959.582 - 34.305ms returns TRUE
TAFBFE6C0 024:959.620 JLINK_ReadReg(XPSR)
TAFBFE6C0 024:959.638   CPU_ReadMem(4 bytes @ 0xE000EE08)
TAFBFE6C0 024:975.640 - 16.048ms returns 0x61000000
TAFBFE6C0 024:975.693 JLINK_ReadReg(R15 (PC))
TAFBFE6C0 024:975.707 - 0.017ms returns 0x00001F10
TAFBFE6C0 024:975.720 JLINK_ReadReg(XPSR)
TAFBFE6C0 024:975.727 - 0.010ms returns 0x61000000
TAFBFE6C0 024:975.737 JLINK_ReadMem(0x00001F10, 0x1 Bytes, ...)
TAFBFE6C0 024:975.749    -- Read from flash cache (1 bytes @ 0x00001F10)
TAFBFE6C0 024:975.758   Data:  FF
TAFBFE6C0 024:975.766 - 0.032ms returns 0
TAFBFE6C0 024:975.775 JLINK_IsHalted()
TAFBFE6C0 024:975.798 - 0.026ms returns TRUE
TAFBFE6C0 024:975.804 JLINK_GetMOEs(...)
TAFBFE6C0 024:975.813   CPU_ReadMem(4 bytes @ 0xE000ED30)
TAFBFE6C0 025:049.903 - 74.127ms returns 0x01
TAFBFE6C0 025:054.353 JLINK_ReadRegs(NumRegs = 22, Indexes: 0, 1, 2, 3, 4, 5, 6, 7, 8, 9, 10, 11, 12, 13, 14, 15, 16, 17, 18, 86, 87, 20)
TAFBFE6C0 025:054.396    -- R0=0x00, R1=0x00, R2=0x37C, R3=0x20, R4=0x200007D4, R5=0x2000082C, R6=0x2000082C, R7=0x20001708, R8=0x20B20E94, R9=0x2074180A, R10=0x94CD13CE, R11=0x640F3CB0, R12=0xFFFFF800, R13 (SP)=0x20001708, R14=0x402D, R15 (PC)=0x1F10, XPSR=0x61000000, MSP=0x20001708, PSP=0xDBADD220, MSPLIM=0x00, PSPLIM=0x00, CFBP=0x00
TAFBFE6C0 025:054.404 - 0.055ms returns 0x00
TAFBFE6C0 025:055.857 JLINK_ReadReg(XPSR)
TAFBFE6C0 025:055.918 - 0.069ms returns 0x61000000
TAFBFE6C0 025:057.385 JLINK_ReadMem(0x00001F10, 0x4 Bytes, ...)
TAFBFE6C0 025:057.419    -- Read from flash cache (4 bytes @ 0x00001F10)
TAFBFE6C0 025:057.427   Data:  FF F7 B6 F9
TAFBFE6C0 025:057.435 - 0.053ms returns 0
TAFBFE6C0 025:058.350 JLINK_ClrBPEx(BPHandle = 0x00000009)
TAFBFE6C0 025:058.365 - 0.019ms returns 0x00
TAFBFE6C0 025:058.371 JLINK_ClrBPEx(BPHandle = 0x0000000A)
TAFBFE6C0 025:058.376 - 0.007ms returns 0x00
TAFBFE6C0 025:058.380 JLINK_ClrBPEx(BPHandle = 0x0000000B)
TAFBFE6C0 025:058.384 - 0.007ms returns 0x00
TAFBFE6C0 025:058.394 JLINK_SetBPEx(Addr = 0x00001172, Type = 0xFFFFFF00)
TAFBFE6C0 025:058.401 - 0.009ms returns 0x0000000C
TAFBFE6C0 025:058.406 JLINK_SetBPEx(Addr = 0x00001450, Type = 0xFFFFFF00)
TAFBFE6C0 025:058.411 - 0.007ms returns 0x0000000D
TAF3FD6C0 025:064.429 JLINK_IsHalted()
TAF3FD6C0 025:064.447 - 0.021ms returns TRUE
TAF3FD6C0 025:064.455 JLINK_ReadReg(XPSR)
TAF3FD6C0 025:064.470 - 0.018ms returns 0x61000000
TAF3FD6C0 025:064.476 JLINK_ReadReg(R15 (PC))
TAF3FD6C0 025:064.481 - 0.007ms returns 0x00001F10
TAF3FD6C0 025:064.489 JLINK_ReadReg(XPSR)
TAF3FD6C0 025:064.494 - 0.007ms returns 0x61000000
TAF3FD6C0 025:064.500 JLINK_ReadMem(0x00001F10, 0x1 Bytes, ...)
TAF3FD6C0 025:064.507    -- Read from flash cache (1 bytes @ 0x00001F10)
TAF3FD6C0 025:064.514   Data:  FF
TAF3FD6C0 025:064.520 - 0.022ms returns 0
TAF3FD6C0 025:064.571 JLINK_WriteMem(0xE0001FB0, 0x4 Bytes, ...)
TAF3FD6C0 025:064.605   Data:  55 CE AC C5
TAF3FD6C0 025:065.605   CPU_WriteMem(4 bytes @ 0xE0001FB0)
TAF3FD6C0 025:141.886 - 77.344ms returns 0x4
TAF3FD6C0 025:141.934 JLINK_WriteMem(0xE0001000, 0x4 Bytes, ...)
TAF3FD6C0 025:141.941   Data:  01 00 00 48
TAF3FD6C0 025:141.952   Debug reg: DWT_CTRL
TAF3FD6C0 025:141.971   CPU_WriteMem(4 bytes @ 0xE0001000)
TAF3FD6C0 025:218.738 - 76.850ms returns 0x4
TAF3FD6C0 025:218.809 JLINK_ReadMem(0xE0001000, 0x4 Bytes, ...)
TAF3FD6C0 025:218.850   CPU_ReadMem(4 bytes @ 0xE0001000)
TAF3FD6C0 025:299.251   Data:  00 00 00 2B
TAF3FD6C0 025:299.285   Debug reg: DWT_CTRL
TAF3FD6C0 025:299.293 - 80.487ms returns 0
TAFBFE6C0 025:299.527 JLINK_ReadMem(0x00001F10, 0x4 Bytes, ...)
TAFBFE6C0 025:299.545    -- Read from flash cache (4 bytes @ 0x00001F10)
TAFBFE6C0 025:299.553   Data:  FF F7 B6 F9
TAFBFE6C0 025:299.560 - 0.035ms returns 0
TAFBFE6C0 025:371.931 JLINK_ReadMem(0x200005E8, 0x4 Bytes, ...)
TAFBFE6C0 025:372.005   CPU_ReadMem(64 bytes @ 0x200005C0)
TAFBFE6C0 025:444.357    -- Updating C cache (64 bytes @ 0x200005C0)
TAFBFE6C0 025:444.390    -- Read from C cache (4 bytes @ 0x200005E8)
TAFBFE6C0 025:444.400   Data:  00 00 00 00
TAFBFE6C0 025:444.410 - 72.483ms returns 0
TAFBFE6C0 025:701.756 JLINK_ReadReg(XPSR)
TAFBFE6C0 025:774.353 - 73.219ms returns 0x61000000
TAFBFE6C0 025:775.634 JLINK_ReadReg(XPSR)
TAFBFE6C0 025:775.656 - 0.025ms returns 0x61000000
TAFBFE6C0 025:877.173 JLINK_ReadMem(0x200005E8, 0x4 Bytes, ...)
TAFBFE6C0 025:877.242    -- Read from C cache (4 bytes @ 0x200005E8)
TAFBFE6C0 025:877.252   Data:  00 00 00 00
TAFBFE6C0 025:877.262 - 0.093ms returns 0
TAFBFE6C0 027:842.162 JLINK_ReadReg(XPSR)
TAFBFE6C0 027:922.168 - 80.042ms returns 0x61000000
TAFBFE6C0 027:978.089 JLINK_ReadReg(XPSR)
TAFBFE6C0 027:978.156 - 0.072ms returns 0x61000000
TAFBFE6C0 027:980.067 JLINK_ReadReg(XPSR)
TAFBFE6C0 027:980.179 - 0.123ms returns 0x61000000
TBBC1D740 028:351.658 JLINK_ClrBPEx(BPHandle = 0x0000000C)
TBBC1D740 028:368.503 - 16.864ms returns 0x00
TBBC1D740 028:368.535 JLINK_ClrBPEx(BPHandle = 0x0000000D)
TBBC1D740 028:368.561 - 0.059ms returns 0x00
TBBC1D740 028:368.614 JLINK_Halt()
TBBC1D740 028:368.622 - 0.011ms returns 0x00
TBBC1D740 028:368.633 JLINK_ReadReg(XPSR)
TBBC1D740 028:368.654 - 0.026ms returns 0x61000000
TBBC1D740 028:371.988 JLINK_Close()
TBBC1D740 028:444.026   CPU_WriteMem(4 bytes @ 0xE0002008)
TBBC1D740 028:444.065   CPU_WriteMem(4 bytes @ 0xE000200C)
TBBC1D740 028:444.075   CPU_WriteMem(4 bytes @ 0xE0002010)
TBBC1D740 028:670.630 - 298.670ms
TBBC1D740 028:670.662   
TBBC1D740 028:670.668   Closed
