T8DBB3740 000:000.479   SEGGER J-Link V7.82c Log File
T8DBB3740 000:000.626   DLL Compiled: Nov 16 2022 17:02:50
T8DBB3740 000:000.632   Logging started @ 2023-10-30 13:23
T8DBB3740 000:000.637 - 0.640ms
T8DBB3740 000:000.645 JLINK_GetDLLVersion()
T8DBB3740 000:000.651 - 0.008ms returns 78203
T8DBB3740 000:001.377 JLINK_OpenEx(...)
T8DBB3740 001:278.649   Firmware: J-Link V9 compiled May  7 2021 16:26:12
T8DBB3740 001:307.264   Firmware: J-Link V9 compiled May  7 2021 16:26:12
T8DBB3740 001:307.468   Decompressing FW timestamp took 170 us
T8DBB3740 001:459.510   Hardware: V9.30
T8DBB3740 001:459.539   S/N: 36310083
T8DBB3740 001:459.544   OEM: SEGGER
T8DBB3740 001:459.550   Feature(s): RDI, GDB, FlashDL, FlashBP, JFlash
T8DBB3740 001:537.933   TELNET listener socket opened on port 19021
T8DBB3740 001:538.053   WEBSRV WEBSRV_Init(): Starting webserver thread(s)
T8DBB3740 001:538.083   WEBSRV Failed to put socket into listener state (port 19080)
T8DBB3740 001:538.148   WEBSRV Webserver running on local port 19081
T8DBB3740 001:538.157 - 1536.783ms returns "O.K."
T8DBB3740 001:538.238 JLINK_ExecCommand("ProjectFile="/opt/work/e2_studio/workspace/UART/UART Debug_Flat.jlink"", ...). 
T8DBB3740 001:549.087 - 10.866ms returns 0x00
T8DBB3740 001:549.256 JLINK_ExecCommand("device=R7FA2L1AB", ...). 
T8DBB3740 001:549.577   Device "R7FA2L1AB" selected.
T8DBB3740 001:549.680 - 0.421ms returns 0x00
T8DBB3740 001:549.702 JLINK_ExecCommand("SetCPUConnectIDCODE = FFFFFFFFFFFFFFFFFFFFFFFFFFFFFFFF", ...). 
T8DBB3740 001:549.709 - 0.004ms returns 0x00
T8DBB3740 001:549.714 JLINK_TIF_GetAvailable(...)
T8DBB3740 001:563.944 - 14.251ms
T8DBB3740 001:563.980 JLINK_TIF_Select(JLINKARM_TIF_SWD)
T8DBB3740 001:622.560 - 58.606ms returns 0x00
T8DBB3740 001:622.602 JLINK_SetSpeed(4000)
T8DBB3740 001:636.926 - 14.343ms
T8DBB3740 001:636.967 JLINK_SetEndian(ARM_ENDIAN_LITTLE)
T8DBB3740 001:636.972 - 0.007ms returns 0
T8DBB3740 001:636.982 JLINK_SetInitRegsOnReset(OFF)
T8DBB3740 001:636.987 - 0.007ms returns 1
T8DBB3740 001:637.050 JLINK_SetResetType(JLINKARM_RESET_TYPE_NO_RESET)
T8DBB3740 001:637.055 - 0.008ms returns JLINKARM_RESET_TYPE_NORMAL
T8DBB3740 001:637.064 JLINK_ExecCommand("EnableFlashBPs", ...). 
T8DBB3740 001:637.070 - 0.003ms returns 0x00
T8DBB3740 001:637.075 JLINK_ExecCommand("SetAllowFlashCache = 1", ...). 
T8DBB3740 001:637.081 - 0.003ms returns 0x01
T8DBB3740 001:637.086 JLINK_ExecCommand("SetRestartOnClose = 0", ...). 
T8DBB3740 001:637.091 - 0.003ms returns 0x01
T8DBB3740 001:637.096 JLINK_EnableSoftBPs(ON)
T8DBB3740 001:637.099 - 0.006ms
T8DBB3740 001:637.103 JLINK_Connect()
T8DBB3740 001:680.628   Found SW-DP with ID 0x5BA02477
T8DBB3740 002:025.108   Found SW-DP with ID 0x5BA02477
T8DBB3740 002:112.242   DPIDR: 0x5BA02477
T8DBB3740 002:112.270   CoreSight SoC-400 or earlier
T8DBB3740 002:112.277   Scanning AP map to find all available APs
T8DBB3740 002:155.276   AP[2]: Stopped AP scan as end of AP map has been reached
T8DBB3740 002:155.305   AP[0]: AHB-AP (IDR: 0x74770001)
T8DBB3740 002:155.310   AP[1]: APB-AP (IDR: 0x44770002)
T8DBB3740 002:155.316   Iterating through AP map to find AHB-AP to use
T8DBB3740 002:183.592   AP[0]: Core found
T8DBB3740 002:183.622   AP[0]: AHB-AP ROM base: 0x4001A000
T8DBB3740 002:197.841   CPUID register: 0x411CD200. Implementer code: 0x41 (ARM)
T8DBB3740 002:197.870   Feature set: Baseline
T8DBB3740 002:197.878   Found Cortex-M23 r1p0, Little endian.
T8DBB3740 002:226.186   -- Max. mem block: 0x00010AA0
T8DBB3740 002:254.348   CPU_ReadMem(4 bytes @ 0xE000EDF0)
T8DBB3740 002:269.279   CPU_WriteMem(4 bytes @ 0xE000EDF0)
T8DBB3740 002:283.873   CPU_ReadMem(4 bytes @ 0xE0002000)
T8DBB3740 002:299.152   FPUnit: 4 code (BP) slots and 0 literal slots
T8DBB3740 002:299.181   CPU_ReadMem(4 bytes @ 0xE000EDFC)
T8DBB3740 002:313.671   CPU_WriteMem(4 bytes @ 0xE000EDFC)
T8DBB3740 002:327.973   CPU_ReadMem(4 bytes @ 0xE0001000)
T8DBB3740 002:342.208   CPU_ReadMem(4 bytes @ 0xE0001000)
T8DBB3740 002:356.398   CPU_ReadMem(4 bytes @ 0xE0001028)
T8DBB3740 002:370.634   CPU_ReadMem(4 bytes @ 0xE0001038)
T8DBB3740 002:384.900   CPU_WriteMem(4 bytes @ 0xE0001000)
T8DBB3740 002:399.035   CPU_ReadMem(4 bytes @ 0xE000ED88)
T8DBB3740 002:413.168   CPU_WriteMem(4 bytes @ 0xE000ED88)
T8DBB3740 002:427.418   CPU_ReadMem(4 bytes @ 0xE000ED88)
T8DBB3740 002:441.812   CPU_WriteMem(4 bytes @ 0xE000ED88)
T8DBB3740 002:456.080   CPU_ReadMem(4 bytes @ 0xE000EFB8)
T8DBB3740 002:470.103   Security extension: not implemented
T8DBB3740 002:470.129   CoreSight components:
T8DBB3740 002:470.135   ROMTbl[0] @ 4001A000
T8DBB3740 002:470.143   CPU_ReadMem(64 bytes @ 0x4001A000)
T8DBB3740 002:484.500   CPU_ReadMem(32 bytes @ 0xE000EFE0)
T8DBB3740 002:511.356   CPU_ReadMem(4 bytes @ 0xE000EFBC)
T8DBB3740 002:525.371   CPU_ReadMem(4 bytes @ 0xE000EFCC)
T8DBB3740 002:539.854   [0][0]: E000E000 CID B105900D PID 000BBD20 DEVARCH 47702A04 DEVTYPE 00 Cortex-M23
T8DBB3740 002:539.886   CPU_ReadMem(32 bytes @ 0xE0001FE0)
T8DBB3740 002:554.080   CPU_ReadMem(4 bytes @ 0xE0001FBC)
T8DBB3740 002:568.103   CPU_ReadMem(4 bytes @ 0xE0001FCC)
T8DBB3740 002:582.071   [0][1]: E0001000 CID B105900D PID 000BBD20 DEVARCH 47701A02 DEVTYPE 00 DWT
T8DBB3740 002:582.096   CPU_ReadMem(32 bytes @ 0xE0002FE0)
T8DBB3740 002:596.426   CPU_ReadMem(4 bytes @ 0xE0002FBC)
T8DBB3740 002:673.945   CPU_ReadMem(4 bytes @ 0xE0002FCC)
T8DBB3740 002:687.851   [0][2]: E0002000 CID B105900D PID 000BBD20 DEVARCH 47701A03 DEVTYPE 00 FPB
T8DBB3740 002:687.871   CPU_ReadMem(32 bytes @ 0x40019FE0)
T8DBB3740 002:702.136   CPU_ReadMem(4 bytes @ 0x40019FBC)
T8DBB3740 002:716.536   CPU_ReadMem(4 bytes @ 0x40019FCC)
T8DBB3740 002:784.961   [0][3]: 40019000 CID B105900D PID 000BBD20 DEVARCH 47710A31 DEVTYPE 31 MTB
T8DBB3740 002:785.035 - 1147.935ms returns 0x00
T8DBB3740 002:785.053 JLINK_ResetPullsRESET(ON)
T8DBB3740 002:785.058 - 0.007ms
T8DBB3740 002:799.440 JLINK_Halt()
T8DBB3740 002:829.806 - 30.392ms returns 0x00
T8DBB3740 002:829.842 JLINK_IsHalted()
T8DBB3740 002:904.681 - 74.863ms returns TRUE
T8DBB3740 002:904.721 JLINK_Reset()
T8DBB3740 002:904.747   CPU_WriteMem(4 bytes @ 0xE000EDF0)
T8DBB3740 002:919.466   CPU_ReadMem(4 bytes @ 0xE000ED44)
T8DBB3740 002:933.987   CPU_WriteMem(4 bytes @ 0xE000EDFC)
T8DBB3740 002:948.511   Reset: Halt core after reset via DEMCR.VC_CORERESET.
T8DBB3740 002:977.187   Reset: Reset device via AIRCR.SYSRESETREQ.
T8DBB3740 002:977.228   CPU_WriteMem(4 bytes @ 0xE000ED0C)
T8DBB3740 003:100.339   CPU_ReadMem(4 bytes @ 0xE000EDF0)
T8DBB3740 003:115.230   CPU_ReadMem(4 bytes @ 0xE000EDF0)
T8DBB3740 003:129.590   CPU_WriteMem(4 bytes @ 0xE000EDF0)
T8DBB3740 003:144.140   CPU_WriteMem(4 bytes @ 0xE000EDFC)
T8DBB3740 003:163.679   CPU_ReadMem(4 bytes @ 0xE000EDF0)
T8DBB3740 003:264.053   CPU_WriteMem(4 bytes @ 0xE0002000)
T8DBB3740 003:278.404   CPU_ReadMem(4 bytes @ 0xE000EDFC)
T8DBB3740 003:293.127   CPU_ReadMem(4 bytes @ 0xE0001000)
T8DBB3740 003:307.838   CPU_WriteMem(4 bytes @ 0xE0001000)
T8DBB3740 003:322.296   CPU_ReadMem(4 bytes @ 0xE000EE08)
T8DBB3740 003:336.564 - 431.867ms
T8DBB3740 003:350.845 JLINK_IsHalted()
T8DBB3740 003:350.880 - 0.037ms returns TRUE
T8DBB3740 003:351.143 JLINK_MeasureCPUSpeed(RAMAddr = 0xFFFFFFFF)
T8DBB3740 003:351.168   CPU_ReadMem(16 bytes @ 0x20000000)
T8DBB3740 003:365.406   CPU_ReadMem(64 bytes @ 0x20000000)
T8DBB3740 003:387.759    -- Updating C cache (64 bytes @ 0x20000000)
T8DBB3740 003:387.793    -- Read from C cache (6 bytes @ 0x20000000)
T8DBB3740 003:387.812   CPU_ReadMem(4 bytes @ 0x40019004)
T8DBB3740 003:402.063   CPU_ReadMem(4 bytes @ 0xE000ED90)
T8DBB3740 003:416.781   CPU_ReadMem(4 bytes @ 0xE000ED94)
T8DBB3740 003:431.301   CPU_WriteMem(16 bytes @ 0x20000000)
T8DBB3740 003:445.930   CPU_WriteMem(6 bytes @ 0x20000000)
T8DBB3740 003:460.722   CPU_ReadMem(64 bytes @ 0x20000000)
T8DBB3740 003:475.095    -- Updating C cache (64 bytes @ 0x20000000)
T8DBB3740 003:475.124    -- Read from C cache (6 bytes @ 0x20000000)
T8DBB3740 003:475.146   CPU_ReadMem(4 bytes @ 0xE000EE08)
T8DBB3740 003:489.297   CPU_WriteMem(4 bytes @ 0xE0002008)
T8DBB3740 003:489.336   CPU_WriteMem(4 bytes @ 0xE000200C)
T8DBB3740 003:489.344   CPU_WriteMem(4 bytes @ 0xE0002010)
T8DBB3740 003:489.352   CPU_WriteMem(4 bytes @ 0xE0002014)
T8DBB3740 003:594.333   CPU_WriteMem(4 bytes @ 0xE0002008)
T8DBB3740 003:608.890   CPU_WriteMem(4 bytes @ 0xE000200C)
T8DBB3740 003:623.824   CPU_WriteMem(4 bytes @ 0xE0002010)
T8DBB3740 003:637.959   CPU_WriteMem(4 bytes @ 0xE0002014)
T8DBB3740 003:652.113   CPU_ReadMem(4 bytes @ 0xE000EE08)
T8DBB3740 003:666.220   CPU_ReadMem(4 bytes @ 0xE000EE08)
T8DBB3740 003:680.604   CPU_ReadMem(4 bytes @ 0xE000EE08)
T8DBB3740 003:779.157   CPU_WriteMem(6 bytes @ 0x20000000)
T8DBB3740 003:793.239   ClockFreq: 500550 Hz
T8DBB3740 003:793.269 - 442.130ms returns 500550
T8DBB3740 003:793.294 JLINK_ReadReg(XPSR)
T8DBB3740 003:807.389   CPU_ReadMem(4 bytes @ 0xE000EE08)
T8DBB3740 003:821.877 - 28.645ms returns 0x41000000
T8DBB3740 003:822.039 JLINK_IsHalted()
T8DBB3740 003:822.048 - 0.012ms returns TRUE
T8DBB3740 003:822.058 JLINK_ReadReg(XPSR)
T8DBB3740 003:822.067 - 0.012ms returns 0x41000000
T8DBB3740 003:822.073 JLINK_ReadReg(R15 (PC))
T8DBB3740 003:822.079 - 0.008ms returns 0x000021DC
T8DBB3740 003:822.086 JLINK_ReadReg(XPSR)
T8DBB3740 003:822.092 - 0.008ms returns 0x41000000
T8DBB3740 003:822.099 JLINK_ReadMem(0x000021DC, 0x1 Bytes, ...)
T8DBB3740 003:822.111   CPU_ReadMem(64 bytes @ 0x000021C0)
T8DBB3740 003:836.530    -- Updating C cache (64 bytes @ 0x000021C0)
T8DBB3740 003:836.556    -- Read from C cache (1 bytes @ 0x000021DC)
T8DBB3740 003:836.565   Data:  10
T8DBB3740 003:836.572 - 14.475ms returns 0
T82BFA6C0 003:843.129 JLINK_ReadReg(XPSR)
T82BFA6C0 003:843.165 - 0.041ms returns 0x41000000
T82BFA6C0 003:922.225 JLINK_Halt()
T82BFA6C0 003:922.257 - 0.037ms returns 0x00
T82BFA6C0 003:924.081 JLINK_ReadReg(XPSR)
T82BFA6C0 003:924.113 - 0.035ms returns 0x41000000
T82BFA6C0 003:982.816 JLINK_ReadReg(XPSR)
T82BFA6C0 003:982.852 - 0.041ms returns 0x41000000
T82BFA6C0 004:100.264 JLINK_ReadReg(XPSR)
T82BFA6C0 004:100.309 - 0.049ms returns 0x41000000
T82BFA6C0 006:966.709 JLINK_SetEndian(ARM_ENDIAN_LITTLE)
T82BFA6C0 006:966.744 - 0.039ms returns 0
T82BFA6C0 006:966.819 JLINK_BeginDownload(Flags = 0x00000000)
T82BFA6C0 006:966.827 - 0.011ms
T82BFA6C0 007:069.836 JLINK_WriteMem(0x00000000, 0xBD0 Bytes, ...)
T82BFA6C0 007:069.868   Data:  58 0E 00 20 DD 21 00 00 C9 20 00 00 D9 21 00 00 ...
T82BFA6C0 007:070.805   completely In flash
T82BFA6C0 007:070.824 - 0.992ms returns 0xBD0
T82BFA6C0 007:077.991 JLINK_WriteMem(0x00000BD0, 0xBC0 Bytes, ...)
T82BFA6C0 007:078.018   Data:  10 BD C0 46 F8 B5 DE 46 57 46 4E 46 45 46 E0 B5 ...
T82BFA6C0 007:078.046   completely In flash
T82BFA6C0 007:078.056 - 0.069ms returns 0xBC0
T82BFA6C0 007:078.850 JLINK_WriteMem(0x00001790, 0xBB0 Bytes, ...)
T82BFA6C0 007:078.871   Data:  3C 00 00 9F 01 32 7C 51 67 46 07 40 3C 00 00 9F ...
T82BFA6C0 007:078.886   completely In flash
T82BFA6C0 007:078.895 - 0.049ms returns 0xBB0
T82BFA6C0 007:129.351 JLINK_WriteMem(0x00002340, 0xAF4 Bytes, ...)
T82BFA6C0 007:129.386   Data:  1B 09 98 42 01 D3 00 09 04 39 02 A2 10 5C 40 18 ...
T82BFA6C0 007:129.406   completely In flash
T82BFA6C0 007:129.416 - 0.070ms returns 0xAF4
T82BFA6C0 007:179.798 JLINK_WriteMem(0x00002E34, 0xC Bytes, ...)
T82BFA6C0 007:179.830   Data:  08 00 07 00 2D 05 00 00 01 05 00 00
T82BFA6C0 007:179.850   completely In flash
T82BFA6C0 007:179.859 - 0.064ms returns 0xC
T82BFA6C0 007:230.232 JLINK_WriteMem(0x01010018, 0x1C Bytes, ...)
T82BFA6C0 007:230.265   Data:  FF FF FF FF FF FF FF FF FF FF FF FF FF FF FF FF ...
T82BFA6C0 007:231.218   completely In flash
T82BFA6C0 007:231.231 - 1.003ms returns 0x1C
T82BFA6C0 007:382.466 JLINK_EndDownload()
T82BFA6C0 007:453.078   CPU_ReadMem(4 bytes @ 0x40019004)
T82BFA6C0 007:520.504   CPU_ReadMem(4 bytes @ 0xE000ED90)
T82BFA6C0 007:588.590   CPU_ReadMem(4 bytes @ 0xE000ED94)
T82BFA6C0 007:656.836    -- --------------------------------------
T82BFA6C0 007:656.880   Flash bank @ 0x01010010: Default: L2 verify disabled because algorithm performs L1 verify
T82BFA6C0 007:656.903    -- Start of determining dirty areas in flash cache
T82BFA6C0 007:656.921    -- Filling invalid ranges in sector buffer (flash cache) for sector @ 0x01010010 if necessary
T82BFA6C0 007:656.932    -- End of determining dirty areas
T82BFA6C0 007:656.941    -- Start of preparing flash programming
T82BFA6C0 007:656.950    -- Calculating RAM usage
T82BFA6C0 007:656.981    -- RAM usage = 3492 Bytes
T82BFA6C0 007:656.989    -- Preserving CPU registers
T82BFA6C0 007:657.033    -- Determining CPU clock frequency
T82BFA6C0 008:342.070    -- Preparing target
T82BFA6C0 008:504.832    -- Preserving target RAM temporarily used for programming
T82BFA6C0 008:535.705    -- Downloading RAMCode
T82BFA6C0 008:598.557    -- Preparing RAMCode
T82BFA6C0 008:774.993    -- Checking target RAM
T82BFA6C0 008:804.295    -- CPU frequency = 8000 kHz
T82BFA6C0 008:804.325    -- End of preparing flash programming
T82BFA6C0 008:804.361   Looking for J-Link GUI Server exe at: ARM/Segger_v7.82.3/JLinkGUIServerExe
T82BFA6C0 008:804.370   Looking for J-Link GUI Server exe at: /opt/SEGGER/JLink/JLinkGUIServerExe
T82BFA6C0 009:106.250   Failed to connect to J-Link GUI Server.
T82BFA6C0 009:106.289   CPU is running at low speed (8000 kHz).
T82BFA6C0 009:106.297    -- CPU is running at 8000 kHz.
T82BFA6C0 009:106.307    -- Start of comparing flash
T82BFA6C0 009:106.317    -- CRC check was estimated as fastest method
T82BFA6C0 009:106.329    -- Comparing range 0x1010010 - 0x101003F (1 Sector, 48 Bytes), using multi-block CRC calculation
T82BFA6C0 009:136.571    -- All CRCs match
T82BFA6C0 009:136.606    -- Comparing range 0x1010010 - 0x101003F (1 Sector, 48 Bytes), using alternative multi-block CRC calculation
T82BFA6C0 009:167.157    -- All CRCs match
T82BFA6C0 009:167.188    -- End of comparing flash
T82BFA6C0 009:167.197    -- Start of erasing sectors
T82BFA6C0 009:167.213    -- End of erasing sectors
T82BFA6C0 009:167.221    -- Start of flash programming
T82BFA6C0 009:167.228    -- End of flash programming
T82BFA6C0 009:167.235    -- Start of restoring
T82BFA6C0 009:167.243    -- Restoring RAMCode
T82BFA6C0 009:212.446    -- Restoring target memory
T82BFA6C0 009:255.351    -- Restore target
T82BFA6C0 009:314.157    -- Restoring CPU registers
T82BFA6C0 009:328.159    -- End of restoring
T82BFA6C0 009:328.197    -- Bank 0 @ 0x01010010: Skipped. Contents already match
T82BFA6C0 009:328.205    -- Bank 0 @ 0x01010010: Skipped. Contents already match
T82BFA6C0 009:328.218    -- --------------------------------------
T82BFA6C0 009:328.226   Flash bank @ 0x00000000: Default: L2 verify disabled because algorithm performs L1 verify
T82BFA6C0 009:328.234    -- Start of determining dirty areas in flash cache
T82BFA6C0 009:328.243    -- Filling invalid ranges in sector buffer (flash cache) for sector @ 0x00000000 if necessary
T82BFA6C0 009:328.252    -- Filling invalid ranges in sector buffer (flash cache) for sector @ 0x00000800 if necessary
T82BFA6C0 009:328.260    -- Filling invalid ranges in sector buffer (flash cache) for sector @ 0x00001000 if necessary
T82BFA6C0 009:328.268    -- Filling invalid ranges in sector buffer (flash cache) for sector @ 0x00001800 if necessary
T82BFA6C0 009:328.276    -- Filling invalid ranges in sector buffer (flash cache) for sector @ 0x00002000 if necessary
T82BFA6C0 009:328.283    -- Filling invalid ranges in sector buffer (flash cache) for sector @ 0x00002800 if necessary
T82BFA6C0 009:328.371    -- End of determining dirty areas
T82BFA6C0 009:328.382    -- Start of preparing flash programming
T82BFA6C0 009:328.394    -- Calculating RAM usage
T82BFA6C0 009:328.422    -- RAM usage = 3284 Bytes
T82BFA6C0 009:328.433    -- Preserving CPU registers
T82BFA6C0 009:328.470    -- Determining CPU clock frequency
T82BFA6C0 009:650.087    -- Preparing target
T82BFA6C0 009:919.934    -- Preserving target RAM temporarily used for programming
T82BFA6C0 010:005.563    -- Downloading RAMCode
T82BFA6C0 010:082.437    -- Preparing RAMCode
T82BFA6C0 010:350.751    -- Checking target RAM
T82BFA6C0 010:436.876    -- CPU frequency = 8000 kHz
T82BFA6C0 010:436.911    -- End of preparing flash programming
T82BFA6C0 010:436.925   CPU is running at low speed (8000 kHz).
T82BFA6C0 010:436.934    -- CPU is running at 8000 kHz.
T82BFA6C0 010:436.944    -- Start of comparing flash
T82BFA6C0 010:436.954    -- CRC check was estimated as fastest method
T82BFA6C0 010:436.965    -- Comparing range 0x0000 - 0x2FFF (6 Sectors, 12 KB), using multi-block CRC calculation
T82BFA6C0 010:495.814    -- All CRCs match
T82BFA6C0 010:495.854    -- Comparing range 0x0000 - 0x2FFF (6 Sectors, 12 KB), using alternative multi-block CRC calculation
T82BFA6C0 010:617.757    -- All CRCs match
T82BFA6C0 010:617.806    -- End of comparing flash
T82BFA6C0 010:617.823    -- Start of erasing sectors
T82BFA6C0 010:617.838    -- End of erasing sectors
T82BFA6C0 010:617.853    -- Start of flash programming
T82BFA6C0 010:617.866    -- End of flash programming
T82BFA6C0 010:617.880    -- Start of restoring
T82BFA6C0 010:617.916    -- Restoring RAMCode
T82BFA6C0 010:720.188    -- Restoring target memory
T82BFA6C0 010:749.916    -- Restore target
T82BFA6C0 010:807.162    -- Restoring CPU registers
T82BFA6C0 010:821.189    -- End of restoring
T82BFA6C0 010:821.222    -- Bank 1 @ 0x00000000: Skipped. Contents already match
T82BFA6C0 010:821.229    -- Bank 1 @ 0x00000000: Skipped. Contents already match
T82BFA6C0 010:835.265 - 3452.823ms returns 0 (0x0)
T82BFA6C0 010:863.542 JLINK_WriteReg(R15 (PC), 0x000021DC)
T82BFA6C0 010:863.596 - 0.057ms returns 0
T82BFA6C0 010:863.610 JLINK_WriteReg(XPSR, 0x01000000)
T82BFA6C0 010:863.617 - 0.009ms returns 0
T82BFA6C0 010:863.637 JLINK_ResetPullsRESET(ON)
T82BFA6C0 010:863.643 - 0.009ms
T82BFA6C0 010:863.649 JLINK_Halt()
T82BFA6C0 010:878.370 - 14.748ms returns 0x00
T82BFA6C0 010:878.407 JLINK_IsHalted()
T82BFA6C0 010:878.416 - 0.012ms returns TRUE
T82BFA6C0 010:878.424 JLINK_Reset()
T82BFA6C0 010:878.443   CPU_ReadMem(4 bytes @ 0x20000000)
T82BFA6C0 010:893.277   CPU_WriteMem(4 bytes @ 0x20000000)
T82BFA6C0 010:907.282   CPU_WriteMem(4 bytes @ 0xE000EDF0)
T82BFA6C0 010:921.639   CPU_ReadMem(4 bytes @ 0xE000ED44)
T82BFA6C0 010:935.360   CPU_WriteMem(4 bytes @ 0xE000EDFC)
T82BFA6C0 010:949.114   Reset: Halt core after reset via DEMCR.VC_CORERESET.
T82BFA6C0 011:032.628   Reset: Reset device via AIRCR.SYSRESETREQ.
T82BFA6C0 011:032.674   CPU_WriteMem(4 bytes @ 0xE000ED0C)
T82BFA6C0 011:210.850   CPU_ReadMem(4 bytes @ 0xE000EDF0)
T82BFA6C0 011:224.907   CPU_ReadMem(4 bytes @ 0xE000EDF0)
T82BFA6C0 011:239.875   CPU_WriteMem(4 bytes @ 0xE000EDF0)
T82BFA6C0 011:253.482   CPU_WriteMem(4 bytes @ 0xE000EDFC)
T82BFA6C0 011:272.450   CPU_ReadMem(4 bytes @ 0xE000EDF0)
T82BFA6C0 011:478.178   CPU_WriteMem(4 bytes @ 0xE0002000)
T82BFA6C0 011:548.112   CPU_ReadMem(4 bytes @ 0xE000EDFC)
T82BFA6C0 011:616.058   CPU_ReadMem(4 bytes @ 0xE0001000)
T82BFA6C0 011:684.590   CPU_WriteMem(4 bytes @ 0xE0001000)
T82BFA6C0 011:752.624   CPU_ReadMem(4 bytes @ 0xE000EE08)
T82BFA6C0 011:820.579 - 942.182ms
T82BFA6C0 011:820.626 JLINK_SetEndian(ARM_ENDIAN_LITTLE)
T82BFA6C0 011:820.633 - 0.010ms returns 0
T82BFA6C0 011:871.168 JLINK_ResetPullsRESET(ON)
T82BFA6C0 011:871.196 - 0.032ms
T82BFA6C0 011:871.205 JLINK_Halt()
T82BFA6C0 011:940.143 - 68.964ms returns 0x00
T82BFA6C0 011:940.185 JLINK_IsHalted()
T82BFA6C0 011:940.195 - 0.013ms returns TRUE
T82BFA6C0 011:940.202 JLINK_Reset()
T82BFA6C0 011:940.224   CPU_WriteMem(4 bytes @ 0xE000EDF0)
T82BFA6C0 012:008.547   CPU_ReadMem(4 bytes @ 0xE000ED44)
T82BFA6C0 012:022.169   CPU_WriteMem(4 bytes @ 0xE000EDFC)
T82BFA6C0 012:036.024   Reset: Halt core after reset via DEMCR.VC_CORERESET.
T82BFA6C0 012:063.917   Reset: Reset device via AIRCR.SYSRESETREQ.
T82BFA6C0 012:063.955   CPU_WriteMem(4 bytes @ 0xE000ED0C)
T82BFA6C0 012:186.373   CPU_ReadMem(4 bytes @ 0xE000EDF0)
T82BFA6C0 012:200.398   CPU_ReadMem(4 bytes @ 0xE000EDF0)
T82BFA6C0 012:214.556   CPU_WriteMem(4 bytes @ 0xE000EDF0)
T82BFA6C0 012:228.404   CPU_WriteMem(4 bytes @ 0xE000EDFC)
T82BFA6C0 012:247.771   CPU_ReadMem(4 bytes @ 0xE000EDF0)
T82BFA6C0 012:292.772   CPU_WriteMem(4 bytes @ 0xE0002000)
T82BFA6C0 012:306.552   CPU_ReadMem(4 bytes @ 0xE000EDFC)
T82BFA6C0 012:320.666   CPU_ReadMem(4 bytes @ 0xE0001000)
T82BFA6C0 012:334.712   CPU_WriteMem(4 bytes @ 0xE0001000)
T82BFA6C0 012:348.908   CPU_ReadMem(4 bytes @ 0xE000EE08)
T82BFA6C0 012:362.955 - 422.783ms
T82BFA6C0 012:363.004 JLINK_SetEndian(ARM_ENDIAN_LITTLE)
T82BFA6C0 012:363.010 - 0.008ms returns 0
T82BFA6C0 012:363.057 JLINK_IsHalted()
T82BFA6C0 012:363.065 - 0.011ms returns TRUE
T82BFA6C0 012:363.071 JLINK_IsHalted()
T82BFA6C0 012:363.076 - 0.008ms returns TRUE
T82BFA6C0 012:363.082 JLINK_GetMOEs(...)
T82BFA6C0 012:363.102   CPU_ReadMem(4 bytes @ 0xE000ED30)
T82BFA6C0 012:376.700 - 13.642ms returns 0x01
T82BFA6C0 012:479.713 JLINK_ReadReg(XPSR)
T82BFA6C0 012:479.763   CPU_ReadMem(4 bytes @ 0xE000EE08)
T82BFA6C0 012:548.195 - 68.508ms returns 0x21000000
T82BFA6C0 012:598.786 JLINK_ReadMem(0x000021DC, 0x4 Bytes, ...)
T82BFA6C0 012:598.816    -- Read from flash cache (4 bytes @ 0x000021DC)
T82BFA6C0 012:598.823   Data:  10 B5 00 F0
T82BFA6C0 012:598.831 - 0.049ms returns 0
T82BFA6C0 012:750.005 JLINK_ReadReg(XPSR)
T82BFA6C0 012:750.049 - 0.047ms returns 0x21000000
T82BFA6C0 012:800.476 JLINK_ReadMem(0x000021DC, 0x4 Bytes, ...)
T82BFA6C0 012:800.510    -- Read from flash cache (4 bytes @ 0x000021DC)
T82BFA6C0 012:800.518   Data:  10 B5 00 F0
T82BFA6C0 012:800.527 - 0.053ms returns 0
T82BFA6C0 012:850.943 JLINK_ReadMem(0x00000F60, 0x2 Bytes, ...)
T82BFA6C0 012:850.985    -- Read from flash cache (2 bytes @ 0x00000F60)
T82BFA6C0 012:850.995   Data:  42 F6
T82BFA6C0 012:851.005 - 0.066ms returns 0
T82BFA6C0 012:851.211 JLINK_ReadMem(0x00000F00, 0x40 Bytes, ...)
T82BFA6C0 012:851.230    -- Read from flash cache (64 bytes @ 0x00000F00)
T82BFA6C0 012:851.239   Data:  E8 31 40 F2 E8 30 01 F0 B1 F8 5F E7 42 F6 BC 30 ...
T82BFA6C0 012:851.247 - 0.040ms returns 0
T82BFA6C0 012:851.511 JLINK_ReadMem(0x00000F60, 0x2 Bytes, ...)
T82BFA6C0 012:851.530    -- Read from flash cache (2 bytes @ 0x00000F60)
T82BFA6C0 012:851.538   Data:  42 F6
T82BFA6C0 012:851.548 - 0.041ms returns 0
T82BFA6C0 012:851.782 JLINK_GetNumBPUnits(Type = 0xFFFFFF00)
T82BFA6C0 012:851.795 - 0.017ms returns 0x04
T82BFA6C0 012:851.802 JLINK_GetNumWPUnits()
T82BFA6C0 012:851.808 - 0.009ms returns 2
T82BFA6C0 012:851.814 JLINK_GetNumWPUnits()
T82BFA6C0 012:851.820 - 0.009ms returns 2
T82BFA6C0 012:851.830 JLINK_GetNumBPUnits(Type = 0xFFFFFF00)
T82BFA6C0 012:851.835 - 0.008ms returns 0x04
T82BFA6C0 012:851.841 JLINK_GetNumWPUnits()
T82BFA6C0 012:851.847 - 0.009ms returns 2
T82BFA6C0 012:851.853 JLINK_GetNumWPUnits()
T82BFA6C0 012:851.858 - 0.008ms returns 2
T82BFA6C0 012:851.867 JLINK_GetNumBPUnits(Type = 0xFFFFFF00)
T82BFA6C0 012:851.872 - 0.008ms returns 0x04
T82BFA6C0 012:851.878 JLINK_GetNumWPUnits()
T82BFA6C0 012:851.884 - 0.008ms returns 2
T82BFA6C0 012:851.890 JLINK_GetNumWPUnits()
T82BFA6C0 012:851.895 - 0.008ms returns 2
T82BFA6C0 012:851.939 JLINK_SetBPEx(Addr = 0x00000F60, Type = 0xFFFFFF00)
T82BFA6C0 012:851.951 - 0.015ms returns 0x00000001
T82BFA6C0 012:902.449 JLINK_ReadMem(0x00000D68, 0x2 Bytes, ...)
T82BFA6C0 012:902.483    -- Read from flash cache (2 bytes @ 0x00000D68)
T82BFA6C0 012:902.490   Data:  40 F6
T82BFA6C0 012:902.496 - 0.050ms returns 0
T82BFA6C0 012:902.756 JLINK_ReadMem(0x00000CC0, 0x40 Bytes, ...)
T82BFA6C0 012:902.767    -- Read from flash cache (64 bytes @ 0x00000CC0)
T82BFA6C0 012:902.773   Data:  C9 E7 40 F2 02 08 AA 18 C1 46 C4 E7 40 F6 1C 13 ...
T82BFA6C0 012:902.778 - 0.025ms returns 0
T82BFA6C0 012:902.951 JLINK_ReadMem(0x00000D68, 0x2 Bytes, ...)
T82BFA6C0 012:902.957    -- Read from flash cache (2 bytes @ 0x00000D68)
T82BFA6C0 012:902.963   Data:  40 F6
T82BFA6C0 012:902.968 - 0.019ms returns 0
T82BFA6C0 012:903.177 JLINK_ClrBPEx(BPHandle = 0x00000001)
T82BFA6C0 012:918.179 - 15.021ms returns 0x00
T82BFA6C0 012:918.236 JLINK_SetBPEx(Addr = 0x00000F60, Type = 0xFFFFFF00)
T82BFA6C0 012:918.247 - 0.013ms returns 0x00000002
T82BFA6C0 012:918.252 JLINK_SetBPEx(Addr = 0x00000D68, Type = 0xFFFFFF00)
T82BFA6C0 012:918.256 - 0.006ms returns 0x00000003
T82BFA6C0 013:174.028 JLINK_ReadReg(XPSR)
T82BFA6C0 013:174.070 - 0.046ms returns 0x21000000
T82BFA6C0 013:378.282 JLINK_ClrBPEx(BPHandle = 0x00000002)
T82BFA6C0 013:378.316 - 0.038ms returns 0x00
T82BFA6C0 013:378.324 JLINK_ClrBPEx(BPHandle = 0x00000003)
T82BFA6C0 013:378.330 - 0.009ms returns 0x00
T82BFA6C0 013:378.342 JLINK_SetBPEx(Addr = 0x00000F60, Type = 0xFFFFFF00)
T82BFA6C0 013:378.352 - 0.013ms returns 0x00000004
T82BFA6C0 013:378.358 JLINK_SetBPEx(Addr = 0x00000D68, Type = 0xFFFFFF00)
T82BFA6C0 013:378.365 - 0.010ms returns 0x00000005
T82BFA6C0 013:378.371 JLINK_SetBPEx(Addr = 0x00000FCC, Type = 0xFFFFFF00)
T82BFA6C0 013:378.377 - 0.009ms returns 0x00000006
T82BFA6C0 013:378.386 JLINK_ClrBPEx(BPHandle = 0x00000004)
T82BFA6C0 013:378.393 - 0.009ms returns 0x00
T82BFA6C0 013:378.399 JLINK_ClrBPEx(BPHandle = 0x00000005)
T82BFA6C0 013:378.405 - 0.009ms returns 0x00
T82BFA6C0 013:378.411 JLINK_ClrBPEx(BPHandle = 0x00000006)
T82BFA6C0 013:378.417 - 0.009ms returns 0x00
T82BFA6C0 013:378.424 JLINK_SetBPEx(Addr = 0x00000F60, Type = 0xFFFFFF00)
T82BFA6C0 013:378.431 - 0.009ms returns 0x00000007
T82BFA6C0 013:378.437 JLINK_SetBPEx(Addr = 0x00000D68, Type = 0xFFFFFF00)
T82BFA6C0 013:378.443 - 0.009ms returns 0x00000008
T82BFA6C0 013:431.463 JLINK_ReadMem(0x200004F8, 0x2 Bytes, ...)
T82BFA6C0 013:431.513   CPU_ReadMem(64 bytes @ 0x200004C0)
T82BFA6C0 013:501.883    -- Updating C cache (64 bytes @ 0x200004C0)
T82BFA6C0 013:501.932    -- Read from C cache (2 bytes @ 0x200004F8)
T82BFA6C0 013:501.943   Data:  70 0E
T82BFA6C0 013:501.953 - 70.493ms returns 0
T82BFA6C0 013:552.383 JLINK_ReadMem(0x2000091C, 0x1 Bytes, ...)
T82BFA6C0 013:552.436   CPU_ReadMem(64 bytes @ 0x20000900)
T82BFA6C0 013:620.647    -- Updating C cache (64 bytes @ 0x20000900)
T82BFA6C0 013:620.678    -- Read from C cache (1 bytes @ 0x2000091C)
T82BFA6C0 013:620.690   Data:  01
T82BFA6C0 013:620.700 - 68.321ms returns 0
T82BFA6C0 013:671.090 JLINK_ReadMem(0x200004F4, 0x4 Bytes, ...)
T82BFA6C0 013:671.132    -- Read from C cache (4 bytes @ 0x200004F4)
T82BFA6C0 013:671.142   Data:  66 E6 CF 3F
T82BFA6C0 013:671.152 - 0.066ms returns 0
T82BFA6C0 013:724.006 JLINK_ReadMem(0x00000FC0, 0x40 Bytes, ...)
T82BFA6C0 013:724.044    -- Read from flash cache (64 bytes @ 0x00000FC0)
T82BFA6C0 013:724.055   Data:  00 00 19 00 01 93 00 F0 13 FC ED E7 10 B5 FF F7 ...
T82BFA6C0 013:724.336 - 0.335ms returns 0
T82BFA6C0 013:775.169 JLINK_ReadMem(0x00000FCC, 0x2 Bytes, ...)
T82BFA6C0 013:775.208    -- Read from flash cache (2 bytes @ 0x00000FCC)
T82BFA6C0 013:775.217   Data:  10 B5
T82BFA6C0 013:775.227 - 0.061ms returns 0
T82BFA6C0 013:775.481 JLINK_ClrBPEx(BPHandle = 0x00000007)
T82BFA6C0 013:789.254 - 13.800ms returns 0x00
T82BFA6C0 013:789.301 JLINK_ClrBPEx(BPHandle = 0x00000008)
T82BFA6C0 013:789.313 - 0.015ms returns 0x00
T82BFA6C0 013:789.374 JLINK_SetBPEx(Addr = 0x00000F60, Type = 0xFFFFFF00)
T82BFA6C0 013:789.385 - 0.014ms returns 0x00000009
T82BFA6C0 013:789.393 JLINK_SetBPEx(Addr = 0x00000D68, Type = 0xFFFFFF00)
T82BFA6C0 013:789.400 - 0.010ms returns 0x0000000A
T82BFA6C0 013:789.406 JLINK_SetBPEx(Addr = 0x00000FCC, Type = 0xFFFFFF00)
T82BFA6C0 013:789.413 - 0.010ms returns 0x0000000B
T82BFA6C0 013:941.183 JLINK_ReadRegs(NumRegs = 22, Indexes: 0, 1, 2, 3, 4, 5, 6, 7, 8, 9, 10, 11, 12, 13, 14, 15, 16, 17, 18, 86, 87, 20)
T82BFA6C0 013:941.252    -- R0=0x3FFF, R1=0x40044200, R2=0x00, R3=0x00, R4=0x200007D4, R5=0x2000082C, R6=0x2000082C, R7=0x200004F8, R8=0x200004F4, R9=0x1A3EFE86, R10=0xB7083C9F, R11=0xA37C5291, R12=0x20000758, R13 (SP)=0x20000E58, R14=0x2000032F, R15 (PC)=0x21DC, XPSR=0x21000000, MSP=0x20000E58, PSP=0x1240CDA4, MSPLIM=0x00, PSPLIM=0x00, CFBP=0x00
T82BFA6C0 013:941.262 - 0.083ms returns 0x00
T82BFA6C0 013:941.432 JLINK_ReadReg(XPSR)
T82BFA6C0 013:941.460 - 0.031ms returns 0x21000000
T82BFA6C0 013:942.059 JLINK_ReadMem(0x000021DC, 0x4 Bytes, ...)
T82BFA6C0 013:942.082    -- Read from flash cache (4 bytes @ 0x000021DC)
T82BFA6C0 013:942.092   Data:  10 B5 00 F0
T82BFA6C0 013:942.101 - 0.045ms returns 0
T823F96C0 014:153.832 JLINK_GetNumBPUnits(Type = 0xFFFFFF00)
T823F96C0 014:153.862 - 0.034ms returns 0x04
T823F96C0 014:153.869 JLINK_GetNumWPUnits()
T823F96C0 014:153.875 - 0.009ms returns 2
T823F96C0 014:153.881 JLINK_GetNumWPUnits()
T823F96C0 014:153.887 - 0.008ms returns 2
T823F96C0 014:154.137 JLINK_GetNumBPUnits(Type = 0xFFFFFF00)
T823F96C0 014:154.161 - 0.028ms returns 0x04
T823F96C0 014:154.168 JLINK_GetNumWPUnits()
T823F96C0 014:154.174 - 0.009ms returns 2
T823F96C0 014:154.181 JLINK_GetNumWPUnits()
T823F96C0 014:154.187 - 0.008ms returns 2
T823F96C0 014:154.347 JLINK_GetNumBPUnits(Type = 0xFFFFFF00)
T823F96C0 014:154.357 - 0.013ms returns 0x04
T823F96C0 014:154.364 JLINK_GetNumWPUnits()
T823F96C0 014:154.370 - 0.009ms returns 2
T823F96C0 014:154.376 JLINK_GetNumWPUnits()
T823F96C0 014:154.382 - 0.009ms returns 2
T823F96C0 014:154.531 JLINK_GetNumBPUnits(Type = 0xFFFFFF00)
T823F96C0 014:154.542 - 0.014ms returns 0x04
T823F96C0 014:154.548 JLINK_GetNumWPUnits()
T823F96C0 014:154.554 - 0.009ms returns 2
T823F96C0 014:154.561 JLINK_GetNumWPUnits()
T823F96C0 014:154.567 - 0.008ms returns 2
T823F96C0 014:154.713 JLINK_GetNumBPUnits(Type = 0xFFFFFF00)
T823F96C0 014:154.726 - 0.016ms returns 0x04
T823F96C0 014:154.732 JLINK_GetNumWPUnits()
T823F96C0 014:154.739 - 0.010ms returns 2
T823F96C0 014:154.745 JLINK_GetNumWPUnits()
T823F96C0 014:154.751 - 0.009ms returns 2
T823F96C0 014:154.910 JLINK_GetNumBPUnits(Type = 0xFFFFFF00)
T823F96C0 014:154.922 - 0.015ms returns 0x04
T823F96C0 014:154.929 JLINK_GetNumWPUnits()
T823F96C0 014:154.935 - 0.009ms returns 2
T823F96C0 014:154.941 JLINK_GetNumWPUnits()
T823F96C0 014:154.947 - 0.009ms returns 2
T823F96C0 014:155.079 JLINK_GetNumBPUnits(Type = 0xFFFFFF00)
T823F96C0 014:155.089 - 0.013ms returns 0x04
T823F96C0 014:155.096 JLINK_GetNumWPUnits()
T823F96C0 014:155.102 - 0.009ms returns 2
T823F96C0 014:155.108 JLINK_GetNumWPUnits()
T823F96C0 014:155.114 - 0.019ms returns 2
T823F96C0 014:155.258 JLINK_GetNumBPUnits(Type = 0xFFFFFF00)
T823F96C0 014:155.277 - 0.022ms returns 0x04
T823F96C0 014:155.283 JLINK_GetNumWPUnits()
T823F96C0 014:155.289 - 0.009ms returns 2
T823F96C0 014:155.295 JLINK_GetNumWPUnits()
T823F96C0 014:155.300 - 0.008ms returns 2
T82BFA6C0 014:197.022 JLINK_ReadMem(0x000021DC, 0x4 Bytes, ...)
T82BFA6C0 014:197.065    -- Read from flash cache (4 bytes @ 0x000021DC)
T82BFA6C0 014:197.075   Data:  10 B5 00 F0
T82BFA6C0 014:197.085 - 0.065ms returns 0
T82BFA6C0 014:254.032 JLINK_ReadReg(XPSR)
T82BFA6C0 014:254.079 - 0.052ms returns 0x21000000
T82BFA6C0 014:307.071 JLINK_ReadMem(0x200004F8, 0x2 Bytes, ...)
T82BFA6C0 014:307.279    -- Read from C cache (2 bytes @ 0x200004F8)
T82BFA6C0 014:307.299   Data:  70 0E
T82BFA6C0 014:307.309 - 0.242ms returns 0
T82BFA6C0 014:307.770 JLINK_ReadMem(0x2000091C, 0x1 Bytes, ...)
T82BFA6C0 014:307.824    -- Read from C cache (1 bytes @ 0x2000091C)
T82BFA6C0 014:307.835   Data:  01
T82BFA6C0 014:307.844 - 0.077ms returns 0
T82BFA6C0 014:308.439 JLINK_ReadMem(0x200004F4, 0x4 Bytes, ...)
T82BFA6C0 014:308.463    -- Read from C cache (4 bytes @ 0x200004F4)
T82BFA6C0 014:308.474   Data:  66 E6 CF 3F
T82BFA6C0 014:308.484 - 0.048ms returns 0
T82BFA6C0 014:309.742 JLINK_ReadReg(XPSR)
T82BFA6C0 014:381.015 - 71.304ms returns 0x21000000
T82BFA6C0 014:483.572 JLINK_ReadMem(0x200004F8, 0x2 Bytes, ...)
T82BFA6C0 014:483.619    -- Read from C cache (2 bytes @ 0x200004F8)
T82BFA6C0 014:483.629   Data:  70 0E
T82BFA6C0 014:483.638 - 0.069ms returns 0
T82BFA6C0 014:534.138 JLINK_ReadMem(0x2000091C, 0x1 Bytes, ...)
T82BFA6C0 014:534.185    -- Read from C cache (1 bytes @ 0x2000091C)
T82BFA6C0 014:534.196   Data:  01
T82BFA6C0 014:534.205 - 0.071ms returns 0
T82BFA6C0 014:584.609 JLINK_ReadMem(0x200004F4, 0x4 Bytes, ...)
T82BFA6C0 014:584.659    -- Read from C cache (4 bytes @ 0x200004F4)
T82BFA6C0 014:584.669   Data:  66 E6 CF 3F
T82BFA6C0 014:584.678 - 0.072ms returns 0
T82BFA6C0 024:673.380 JLINK_IsHalted()
T82BFA6C0 024:688.394 - 15.040ms returns TRUE
T82BFA6C0 024:688.441 JLINK_STRACE_Read(..., NumItems = 0x10000)
T82BFA6C0 024:702.353 - 13.930ms NumItemsRead = 0x00
T82BFA6C0 024:702.391 JLINK_GoEx(MaxEmulInsts = 0, Flags = 0x01)
T82BFA6C0 024:702.420   CPU_WriteMem(4 bytes @ 0xE0002000)
T82BFA6C0 024:716.513   CPU_WriteMem(4 bytes @ 0xE0002000)
T82BFA6C0 024:784.240   CPU_WriteMem(4 bytes @ 0xE0002000)
T82BFA6C0 024:852.823   CPU_ReadMem(4 bytes @ 0xE0001000)
T82BFA6C0 024:922.357   CPU_WriteMem(4 bytes @ 0xE0001000)
T82BFA6C0 024:992.288   CPU_WriteMem(4 bytes @ 0xE000ED30)
T82BFA6C0 025:006.133   CPU_WriteMem(4 bytes @ 0xE0002008)
T82BFA6C0 025:006.159   CPU_WriteMem(4 bytes @ 0xE000200C)
T82BFA6C0 025:006.165   CPU_WriteMem(4 bytes @ 0xE0002010)
T82BFA6C0 025:006.170   CPU_WriteMem(4 bytes @ 0xE0002014)
T82BFA6C0 025:020.431   CPU_WriteMem(4 bytes @ 0xE0001004)
T82BFA6C0 025:047.867 - 345.500ms
T82BFA6C0 025:098.193 JLINK_IsHalted()
T82BFA6C0 025:129.539 - 31.370ms returns TRUE
T82BFA6C0 025:129.579 JLINK_ReadReg(XPSR)
T82BFA6C0 025:129.594   CPU_ReadMem(4 bytes @ 0xE000EE08)
T82BFA6C0 025:143.864 - 14.308ms returns 0x61000000
T82BFA6C0 025:143.903 JLINK_ReadReg(R15 (PC))
T82BFA6C0 025:143.914 - 0.013ms returns 0x00000FCC
T82BFA6C0 025:143.928 JLINK_ReadReg(XPSR)
T82BFA6C0 025:143.933 - 0.007ms returns 0x61000000
T82BFA6C0 025:143.942 JLINK_ReadMem(0x00000FCC, 0x1 Bytes, ...)
T82BFA6C0 025:143.953    -- Read from flash cache (1 bytes @ 0x00000FCC)
T82BFA6C0 025:143.959   Data:  10
T82BFA6C0 025:143.965 - 0.025ms returns 0
T82BFA6C0 025:143.975 JLINK_IsHalted()
T82BFA6C0 025:143.980 - 0.007ms returns TRUE
T82BFA6C0 025:143.987 JLINK_GetMOEs(...)
T82BFA6C0 025:143.994   CPU_ReadMem(4 bytes @ 0xE000ED30)
T82BFA6C0 025:158.278 - 14.317ms returns 0x01
T82BFA6C0 025:158.776 JLINK_ReadRegs(NumRegs = 22, Indexes: 0, 1, 2, 3, 4, 5, 6, 7, 8, 9, 10, 11, 12, 13, 14, 15, 16, 17, 18, 86, 87, 20)
T82BFA6C0 025:158.822    -- R0=0x00, R1=0x00, R2=0x37C, R3=0x20, R4=0x200007D4, R5=0x2000082C, R6=0x2000082C, R7=0x200004F8, R8=0x200004F4, R9=0x1A3EFE86, R10=0xB7083C9F, R11=0xA37C5291, R12=0xFFFEFFFF, R13 (SP)=0x20000E50, R14=0x21E7, R15 (PC)=0xFCC, XPSR=0x61000000, MSP=0x20000E50, PSP=0x1240CDA4, MSPLIM=0x00, PSPLIM=0x00, CFBP=0x00
T82BFA6C0 025:158.831 - 0.059ms returns 0x00
T82BFA6C0 025:209.241 JLINK_ReadReg(XPSR)
T82BFA6C0 025:209.284 - 0.047ms returns 0x61000000
T82BFA6C0 025:266.552 JLINK_ReadMem(0x00000FCC, 0x4 Bytes, ...)
T82BFA6C0 025:266.591    -- Read from flash cache (4 bytes @ 0x00000FCC)
T82BFA6C0 025:266.601   Data:  10 B5 FF F7
T82BFA6C0 025:266.611 - 0.062ms returns 0
T823F96C0 025:271.707 JLINK_IsHalted()
T823F96C0 025:271.740 - 0.037ms returns TRUE
T823F96C0 025:271.752 JLINK_ReadReg(XPSR)
T823F96C0 025:271.776 - 0.028ms returns 0x61000000
T823F96C0 025:271.784 JLINK_ReadReg(R15 (PC))
T823F96C0 025:271.791 - 0.010ms returns 0x00000FCC
T823F96C0 025:271.800 JLINK_ReadReg(XPSR)
T823F96C0 025:271.806 - 0.010ms returns 0x61000000
T823F96C0 025:271.815 JLINK_ReadMem(0x00000FCC, 0x1 Bytes, ...)
T823F96C0 025:271.827    -- Read from flash cache (1 bytes @ 0x00000FCC)
T823F96C0 025:271.836   Data:  10
T823F96C0 025:271.845 - 0.033ms returns 0
T823F96C0 025:271.897 JLINK_WriteMem(0xE0001FB0, 0x4 Bytes, ...)
T823F96C0 025:271.903   Data:  55 CE AC C5
T823F96C0 025:272.866   CPU_WriteMem(4 bytes @ 0xE0001FB0)
T823F96C0 025:340.602 - 68.734ms returns 0x4
T823F96C0 025:340.653 JLINK_WriteMem(0xE0001000, 0x4 Bytes, ...)
T823F96C0 025:340.661   Data:  01 00 00 48
T823F96C0 025:340.673   Debug reg: DWT_CTRL
T823F96C0 025:340.694   CPU_WriteMem(4 bytes @ 0xE0001000)
T823F96C0 025:408.734 - 68.107ms returns 0x4
T823F96C0 025:408.781 JLINK_ReadMem(0xE0001000, 0x4 Bytes, ...)
T823F96C0 025:408.800   CPU_ReadMem(4 bytes @ 0xE0001000)
T823F96C0 025:477.025   Data:  00 00 00 2B
T823F96C0 025:477.079   Debug reg: DWT_CTRL
T823F96C0 025:477.088 - 68.310ms returns 0
T82BFA6C0 025:477.326 JLINK_ClrBPEx(BPHandle = 0x00000009)
T82BFA6C0 025:477.342 - 0.020ms returns 0x00
T82BFA6C0 025:477.352 JLINK_ClrBPEx(BPHandle = 0x0000000A)
T82BFA6C0 025:477.358 - 0.009ms returns 0x00
T82BFA6C0 025:477.365 JLINK_ClrBPEx(BPHandle = 0x0000000B)
T82BFA6C0 025:477.371 - 0.009ms returns 0x00
T82BFA6C0 025:477.387 JLINK_SetBPEx(Addr = 0x00000F60, Type = 0xFFFFFF00)
T82BFA6C0 025:477.397 - 0.013ms returns 0x0000000C
T82BFA6C0 025:477.403 JLINK_SetBPEx(Addr = 0x00000D68, Type = 0xFFFFFF00)
T82BFA6C0 025:477.410 - 0.010ms returns 0x0000000D
T82BFA6C0 025:527.796 JLINK_ReadMem(0x200004F8, 0x2 Bytes, ...)
T82BFA6C0 025:527.843   CPU_ReadMem(64 bytes @ 0x200004C0)
T82BFA6C0 025:542.427    -- Updating C cache (64 bytes @ 0x200004C0)
T82BFA6C0 025:542.495    -- Read from C cache (2 bytes @ 0x200004F8)
T82BFA6C0 025:542.506   Data:  00 00
T82BFA6C0 025:542.515 - 14.724ms returns 0
T82BFA6C0 025:594.023 JLINK_ReadMem(0x2000091C, 0x1 Bytes, ...)
T82BFA6C0 025:594.074   CPU_ReadMem(64 bytes @ 0x20000900)
T82BFA6C0 025:608.549    -- Updating C cache (64 bytes @ 0x20000900)
T82BFA6C0 025:608.579    -- Read from C cache (1 bytes @ 0x2000091C)
T82BFA6C0 025:608.590   Data:  00
T82BFA6C0 025:608.599 - 14.581ms returns 0
T82BFA6C0 025:659.023 JLINK_ReadMem(0x200004F4, 0x4 Bytes, ...)
T82BFA6C0 025:659.809    -- Read from C cache (4 bytes @ 0x200004F4)
T82BFA6C0 025:659.819   Data:  00 00 00 00
T82BFA6C0 025:659.828 - 0.810ms returns 0
T82BFA6C0 025:811.298 JLINK_ReadReg(XPSR)
T82BFA6C0 025:825.754 - 14.482ms returns 0x61000000
T82BFA6C0 025:876.196 JLINK_ReadMem(0x00000FCC, 0x4 Bytes, ...)
T82BFA6C0 025:876.234    -- Read from flash cache (4 bytes @ 0x00000FCC)
T82BFA6C0 025:876.244   Data:  10 B5 FF F7
T82BFA6C0 025:876.254 - 0.061ms returns 0
T82BFA6C0 025:926.671 JLINK_ReadReg(XPSR)
T82BFA6C0 025:926.714 - 0.048ms returns 0x61000000
T82BFA6C0 025:977.525 JLINK_ReadMem(0x200004F8, 0x2 Bytes, ...)
T82BFA6C0 025:977.574    -- Read from C cache (2 bytes @ 0x200004F8)
T82BFA6C0 025:977.585   Data:  00 00
T82BFA6C0 025:977.596 - 0.075ms returns 0
T82BFA6C0 026:028.748 JLINK_ReadMem(0x2000091C, 0x1 Bytes, ...)
T82BFA6C0 026:028.796    -- Read from C cache (1 bytes @ 0x2000091C)
T82BFA6C0 026:028.806   Data:  00
T82BFA6C0 026:028.815 - 0.071ms returns 0
T82BFA6C0 026:029.284 JLINK_ReadMem(0x200004F4, 0x4 Bytes, ...)
T82BFA6C0 026:029.310    -- Read from C cache (4 bytes @ 0x200004F4)
T82BFA6C0 026:029.320   Data:  00 00 00 00
T82BFA6C0 026:029.329 - 0.048ms returns 0
T82BFA6C0 027:235.927 JLINK_IsHalted()
T82BFA6C0 027:305.155 - 69.262ms returns TRUE
T82BFA6C0 027:305.208 JLINK_STRACE_Read(..., NumItems = 0x10000)
T82BFA6C0 027:305.220 - 0.016ms NumItemsRead = 0x00
T82BFA6C0 027:305.230 JLINK_GoEx(MaxEmulInsts = 0, Flags = 0x01)
T82BFA6C0 027:305.255   CPU_WriteMem(4 bytes @ 0xE0002000)
T82BFA6C0 027:373.120   CPU_WriteMem(4 bytes @ 0xE0002000)
T82BFA6C0 027:440.810   CPU_ReadMem(4 bytes @ 0xE0001000)
T82BFA6C0 027:508.673   CPU_WriteMem(4 bytes @ 0xE0001000)
T82BFA6C0 027:523.316   CPU_WriteMem(4 bytes @ 0xE000ED30)
T82BFA6C0 027:537.778   CPU_WriteMem(4 bytes @ 0xE0002010)
T82BFA6C0 027:566.882 - 261.679ms
T82BFA6C0 027:617.522 JLINK_IsHalted()
T82BFA6C0 027:635.145 - 17.650ms returns FALSE
T82BFA6C0 027:686.292 JLINK_IsHalted()
T82BFA6C0 027:701.286 - 15.018ms returns FALSE
T82BFA6C0 027:751.591 JLINK_IsHalted()
T82BFA6C0 027:824.819 - 73.257ms returns FALSE
T82BFA6C0 027:875.144 JLINK_IsHalted()
T82BFA6C0 027:890.002 - 14.884ms returns FALSE
T82BFA6C0 027:940.309 JLINK_IsHalted()
T82BFA6C0 027:955.091 - 14.811ms returns FALSE
T82BFA6C0 028:005.509 JLINK_IsHalted()
T82BFA6C0 028:020.058 - 14.576ms returns FALSE
T82BFA6C0 028:070.366 JLINK_IsHalted()
T82BFA6C0 028:085.479 - 15.138ms returns FALSE
T82BFA6C0 028:135.866 JLINK_IsHalted()
T82BFA6C0 028:150.388 - 14.545ms returns FALSE
T82BFA6C0 028:200.676 JLINK_IsHalted()
T82BFA6C0 028:215.358 - 14.706ms returns FALSE
T823F96C0 028:221.770 JLINK_IsHalted()
T823F96C0 028:236.414 - 14.668ms returns FALSE
T82BFA6C0 028:265.671 JLINK_IsHalted()
T82BFA6C0 028:280.479 - 14.844ms returns FALSE
T82BFA6C0 028:280.712 JLINK_ReadMem(0x200004F8, 0x2 Bytes, ...)
T82BFA6C0 028:280.751   CPU_ReadMem(2 bytes @ 0x200004F8)
T82BFA6C0 028:304.848   Data:  00 00
T82BFA6C0 028:304.895 - 24.189ms returns 0
T82BFA6C0 028:355.299 JLINK_IsHalted()
T82BFA6C0 028:369.517 - 14.243ms returns FALSE
T82BFA6C0 028:369.629 JLINK_ReadMem(0x200004F4, 0x4 Bytes, ...)
T82BFA6C0 028:369.654   CPU_ReadMem(4 bytes @ 0x200004F4)
T82BFA6C0 028:383.676   Data:  00 00 00 00
T82BFA6C0 028:383.706 - 14.081ms returns 0
T82BFA6C0 028:434.384 JLINK_IsHalted()
T82BFA6C0 028:449.986 - 15.629ms returns FALSE
T82BFA6C0 028:500.258 JLINK_IsHalted()
T82BFA6C0 028:530.836 - 30.606ms returns TRUE
T82BFA6C0 028:530.879 JLINK_ReadReg(XPSR)
T82BFA6C0 028:530.894   CPU_ReadMem(4 bytes @ 0xE000EE08)
T82BFA6C0 028:545.248 - 14.394ms returns 0x61000000
T82BFA6C0 028:545.290 JLINK_ReadReg(R15 (PC))
T82BFA6C0 028:545.302 - 0.015ms returns 0x00000D68
T82BFA6C0 028:545.318 JLINK_ReadReg(XPSR)
T82BFA6C0 028:545.325 - 0.010ms returns 0x61000000
T82BFA6C0 028:545.338 JLINK_ReadMem(0x00000D68, 0x1 Bytes, ...)
T82BFA6C0 028:545.350    -- Read from flash cache (1 bytes @ 0x00000D68)
T82BFA6C0 028:545.360   Data:  40
T82BFA6C0 028:545.368 - 0.033ms returns 0
T82BFA6C0 028:545.380 JLINK_IsHalted()
T82BFA6C0 028:545.387 - 0.010ms returns TRUE
T82BFA6C0 028:545.404 JLINK_GetMOEs(...)
T82BFA6C0 028:545.414   CPU_ReadMem(4 bytes @ 0xE000ED30)
T82BFA6C0 028:560.486 - 15.116ms returns 0x01
T82BFA6C0 028:560.839 JLINK_ReadRegs(NumRegs = 22, Indexes: 0, 1, 2, 3, 4, 5, 6, 7, 8, 9, 10, 11, 12, 13, 14, 15, 16, 17, 18, 86, 87, 20)
T82BFA6C0 028:560.885    -- R0=0x00, R1=0x00, R2=0x00, R3=0x00, R4=0x200007D4, R5=0x2000082C, R6=0x2000082C, R7=0x200004F8, R8=0x200004F4, R9=0x1A3EFE86, R10=0xB7083C9F, R11=0xA37C5291, R12=0x241A300, R13 (SP)=0x20000E30, R14=0x20A5, R15 (PC)=0xD68, XPSR=0x61000000, MSP=0x20000E30, PSP=0x1240CDA4, MSPLIM=0x00, PSPLIM=0x00, CFBP=0x00
T82BFA6C0 028:560.894 - 0.058ms returns 0x00
T82BFA6C0 028:611.286 JLINK_ReadReg(XPSR)
T82BFA6C0 028:611.326 - 0.044ms returns 0x61000000
T82BFA6C0 028:661.752 JLINK_ReadMem(0x00000D68, 0x4 Bytes, ...)
T82BFA6C0 028:661.790    -- Read from flash cache (4 bytes @ 0x00000D68)
T82BFA6C0 028:661.799   Data:  40 F6 28 10
T82BFA6C0 028:661.808 - 0.059ms returns 0
T823F96C0 028:664.356 JLINK_IsHalted()
T823F96C0 028:664.386 - 0.035ms returns TRUE
T823F96C0 028:664.399 JLINK_ReadReg(XPSR)
T823F96C0 028:664.418 - 0.022ms returns 0x61000000
T823F96C0 028:664.426 JLINK_ReadReg(R15 (PC))
T823F96C0 028:664.434 - 0.012ms returns 0x00000D68
T823F96C0 028:664.445 JLINK_ReadReg(XPSR)
T823F96C0 028:664.453 - 0.011ms returns 0x61000000
T823F96C0 028:664.463 JLINK_ReadMem(0x00000D68, 0x1 Bytes, ...)
T823F96C0 028:664.475    -- Read from flash cache (1 bytes @ 0x00000D68)
T823F96C0 028:664.486   Data:  40
T823F96C0 028:664.496 - 0.036ms returns 0
T82BFA6C0 028:725.781 JLINK_ReadMem(0x00000D68, 0x4 Bytes, ...)
T82BFA6C0 028:725.816    -- Read from flash cache (4 bytes @ 0x00000D68)
T82BFA6C0 028:725.823   Data:  40 F6 28 10
T82BFA6C0 028:725.830 - 0.052ms returns 0
T82BFA6C0 028:726.095 JLINK_ReadMem(0x20000E40, 0x40 Bytes, ...)
T82BFA6C0 028:726.128   CPU_ReadMem(64 bytes @ 0x20000E40)
T82BFA6C0 028:744.068    -- Updating C cache (64 bytes @ 0x20000E40)
T82BFA6C0 028:744.091    -- Read from C cache (64 bytes @ 0x20000E40)
T82BFA6C0 028:744.104   Data:  F8 04 00 20 D3 0F 00 00 D4 07 00 20 E7 21 00 00 ...
T82BFA6C0 028:744.112 - 18.021ms returns 0
T82BFA6C0 028:744.441 JLINK_ReadMem(0x00000FD2, 0x4 Bytes, ...)
T82BFA6C0 028:744.460    -- Read from flash cache (4 bytes @ 0x00000FD2)
T82BFA6C0 028:744.470   Data:  00 20 10 BD
T82BFA6C0 028:744.480 - 0.043ms returns 0
T82BFA6C0 028:794.861 JLINK_ReadMem(0x200004F8, 0x2 Bytes, ...)
T82BFA6C0 028:794.914   CPU_ReadMem(64 bytes @ 0x200004C0)
T82BFA6C0 028:809.795    -- Updating C cache (64 bytes @ 0x200004C0)
T82BFA6C0 028:809.845    -- Read from C cache (2 bytes @ 0x200004F8)
T82BFA6C0 028:809.855   Data:  00 00
T82BFA6C0 028:809.865 - 15.007ms returns 0
T82BFA6C0 028:811.875 JLINK_ReadMem(0x2000091C, 0x1 Bytes, ...)
T82BFA6C0 028:811.911   CPU_ReadMem(64 bytes @ 0x20000900)
T82BFA6C0 028:881.030    -- Updating C cache (64 bytes @ 0x20000900)
T82BFA6C0 028:881.063    -- Read from C cache (1 bytes @ 0x2000091C)
T82BFA6C0 028:881.073   Data:  00
T82BFA6C0 028:881.083 - 69.212ms returns 0
T82BFA6C0 028:954.550 JLINK_ReadMem(0x200004F4, 0x4 Bytes, ...)
T82BFA6C0 028:954.599    -- Read from C cache (4 bytes @ 0x200004F4)
T82BFA6C0 028:954.608   Data:  00 00 00 00
T82BFA6C0 028:954.617 - 0.071ms returns 0
T82BFA6C0 029:006.036 JLINK_ReadReg(XPSR)
T82BFA6C0 029:021.961 - 15.954ms returns 0x61000000
T82BFA6C0 029:023.084 JLINK_ReadReg(XPSR)
T82BFA6C0 029:023.123 - 0.042ms returns 0x61000000
T82BFA6C0 029:124.011 JLINK_ReadMem(0x200004F8, 0x2 Bytes, ...)
T82BFA6C0 029:124.056    -- Read from C cache (2 bytes @ 0x200004F8)
T82BFA6C0 029:124.067   Data:  00 00
T82BFA6C0 029:124.076 - 0.070ms returns 0
T82BFA6C0 029:175.309 JLINK_ReadMem(0x2000091C, 0x1 Bytes, ...)
T82BFA6C0 029:175.350    -- Read from C cache (1 bytes @ 0x2000091C)
T82BFA6C0 029:175.357   Data:  00
T82BFA6C0 029:175.364 - 0.057ms returns 0
T82BFA6C0 029:175.816 JLINK_ReadMem(0x200004F4, 0x4 Bytes, ...)
T82BFA6C0 029:175.838    -- Read from C cache (4 bytes @ 0x200004F4)
T82BFA6C0 029:175.845   Data:  00 00 00 00
T82BFA6C0 029:175.852 - 0.038ms returns 0
T82BFA6C0 133:279.126 JLINK_ReadReg(XPSR)
T82BFA6C0 133:348.568 - 69.476ms returns 0x61000000
T82BFA6C0 133:348.949 JLINK_ReadReg(XPSR)
T82BFA6C0 133:348.968 - 0.023ms returns 0x61000000
T82BFA6C0 133:349.199 JLINK_ClrBPEx(BPHandle = 0x0000000C)
T82BFA6C0 133:349.212 - 0.016ms returns 0x00
T82BFA6C0 133:349.218 JLINK_ClrBPEx(BPHandle = 0x0000000D)
T82BFA6C0 133:349.224 - 0.009ms returns 0x00
T82BFA6C0 133:349.235 JLINK_SetBPEx(Addr = 0x00000F60, Type = 0xFFFFFF00)
T82BFA6C0 133:349.244 - 0.012ms returns 0x0000000E
T82BFA6C0 133:349.351 JLINK_STRACE_Read(..., NumItems = 0x10000)
T82BFA6C0 133:349.363 - 0.015ms NumItemsRead = 0x00
T82BFA6C0 133:349.373 JLINK_Step()
T82BFA6C0 133:349.384    -- Read from flash cache (2 bytes @ 0x00000D68)
T82BFA6C0 133:349.398   CPU_ReadMem(4 bytes @ 0xE000ED18)
T82BFA6C0 133:420.141   CPU_WriteMem(4 bytes @ 0xE000ED18)
T82BFA6C0 133:488.908   CPU_ReadMem(4 bytes @ 0xE000ED18)
T82BFA6C0 133:561.455   CPU_WriteMem(4 bytes @ 0xE000ED18)
T82BFA6C0 133:632.575   CPU_ReadMem(4 bytes @ 0xE0001004)
T82BFA6C0 133:700.904    -- Read from flash cache (2 bytes @ 0x00000D6A)
T82BFA6C0 133:700.949   -- Simulated
T82BFA6C0 133:700.959 - 351.589ms returns 0
T82BFA6C0 133:754.803 JLINK_IsHalted()
T82BFA6C0 133:754.831 - 0.031ms returns TRUE
T82BFA6C0 133:754.840 JLINK_ReadReg(XPSR)
T82BFA6C0 133:754.856 - 0.018ms returns 0x61000000
T82BFA6C0 133:754.861 JLINK_ReadReg(R15 (PC))
T82BFA6C0 133:754.866 - 0.007ms returns 0x00000D6C
T82BFA6C0 133:754.874 JLINK_ReadReg(XPSR)
T82BFA6C0 133:754.878 - 0.006ms returns 0x61000000
T82BFA6C0 133:754.884 JLINK_ReadMem(0x00000D6C, 0x1 Bytes, ...)
T82BFA6C0 133:754.910    -- Read from flash cache (1 bytes @ 0x00000D6C)
T82BFA6C0 133:754.917   Data:  01
T82BFA6C0 133:754.924 - 0.042ms returns 0
T82BFA6C0 133:754.930 JLINK_IsHalted()
T82BFA6C0 133:754.934 - 0.006ms returns TRUE
T82BFA6C0 133:754.939 JLINK_GetMOEs(...)
T82BFA6C0 133:754.943 - 0.006ms returns 0x01
T82BFA6C0 133:755.282 JLINK_ClrBPEx(BPHandle = 0x0000000E)
T82BFA6C0 133:755.297 - 0.017ms returns 0x00
T82BFA6C0 133:755.306 JLINK_SetBPEx(Addr = 0x00000F60, Type = 0xFFFFFF00)
T82BFA6C0 133:755.313 - 0.009ms returns 0x0000000F
T82BFA6C0 133:755.317 JLINK_SetBPEx(Addr = 0x00000D68, Type = 0xFFFFFF00)
T82BFA6C0 133:755.322 - 0.007ms returns 0x00000010
T82BFA6C0 133:755.793 JLINK_ReadReg(XPSR)
T82BFA6C0 133:755.819 - 0.029ms returns 0x61000000
T82BFA6C0 133:756.052 JLINK_ReadRegs(NumRegs = 22, Indexes: 0, 1, 2, 3, 4, 5, 6, 7, 8, 9, 10, 11, 12, 13, 14, 15, 16, 17, 18, 86, 87, 20)
T82BFA6C0 133:756.109    -- R0=0x928, R1=0x00, R2=0x00, R3=0x00, R4=0x200007D4, R5=0x2000082C, R6=0x2000082C, R7=0x200004F8, R8=0x200004F4, R9=0x1A3EFE86, R10=0xB7083C9F, R11=0xA37C5291, R12=0x241A300, R13 (SP)=0x20000E30, R14=0x20A5, R15 (PC)=0xD6C, XPSR=0x61000000, MSP=0x20000E30, PSP=0x1240CDA4, MSPLIM=0x00, PSPLIM=0x00, CFBP=0x00
T82BFA6C0 133:756.118 - 0.069ms returns 0x00
T82BFA6C0 133:756.364 JLINK_STRACE_Read(..., NumItems = 0x10000)
T82BFA6C0 133:756.389 - 0.028ms NumItemsRead = 0x00
T82BFA6C0 133:756.399 JLINK_Step()
T82BFA6C0 133:756.411    -- Read from flash cache (2 bytes @ 0x00000D6C)
T82BFA6C0 133:756.427   -- Simulated
T82BFA6C0 133:756.435 - 0.038ms returns 0
T82BFA6C0 133:811.754 JLINK_IsHalted()
T82BFA6C0 133:826.343 - 14.627ms returns TRUE
T82BFA6C0 133:826.412 JLINK_ReadReg(XPSR)
T82BFA6C0 133:826.438 - 0.032ms returns 0x21000000
T82BFA6C0 133:826.457 JLINK_ReadReg(R15 (PC))
T82BFA6C0 133:826.470 - 0.018ms returns 0x00000D6E
T82BFA6C0 133:826.535 JLINK_ReadReg(XPSR)
T82BFA6C0 133:826.565 - 0.037ms returns 0x21000000
T82BFA6C0 133:826.584 JLINK_ReadMem(0x00000D6E, 0x1 Bytes, ...)
T82BFA6C0 133:826.603    -- Read from flash cache (1 bytes @ 0x00000D6E)
T82BFA6C0 133:826.618   Data:  40
T82BFA6C0 133:826.632 - 0.053ms returns 0
T82BFA6C0 133:826.646 JLINK_IsHalted()
T82BFA6C0 133:826.656 - 0.016ms returns TRUE
T82BFA6C0 133:826.667 JLINK_GetMOEs(...)
T82BFA6C0 133:826.677 - 0.015ms returns 0x01
T82BFA6C0 133:877.510 JLINK_ReadRegs(NumRegs = 22, Indexes: 0, 1, 2, 3, 4, 5, 6, 7, 8, 9, 10, 11, 12, 13, 14, 15, 16, 17, 18, 86, 87, 20)
T82BFA6C0 133:877.586    -- R0=0x928, R1=0x00, R2=0x01, R3=0x00, R4=0x200007D4, R5=0x2000082C, R6=0x2000082C, R7=0x200004F8, R8=0x200004F4, R9=0x1A3EFE86, R10=0xB7083C9F, R11=0xA37C5291, R12=0x241A300, R13 (SP)=0x20000E30, R14=0x20A5, R15 (PC)=0xD6E, XPSR=0x21000000, MSP=0x20000E30, PSP=0x1240CDA4, MSPLIM=0x00, PSPLIM=0x00, CFBP=0x00
T82BFA6C0 133:877.597 - 0.091ms returns 0x00
T82BFA6C0 133:878.178 JLINK_STRACE_Read(..., NumItems = 0x10000)
T82BFA6C0 133:878.205 - 0.031ms NumItemsRead = 0x00
T82BFA6C0 133:878.216 JLINK_Step()
T82BFA6C0 133:878.231    -- Read from flash cache (2 bytes @ 0x00000D6E)
T82BFA6C0 133:878.244    -- Read from flash cache (2 bytes @ 0x00000D70)
T82BFA6C0 133:878.260   -- Simulated
T82BFA6C0 133:878.269 - 0.056ms returns 0
T82BFA6C0 133:928.616 JLINK_IsHalted()
T82BFA6C0 133:928.666 - 0.057ms returns TRUE
T82BFA6C0 133:928.684 JLINK_ReadReg(XPSR)
T82BFA6C0 133:928.711 - 0.032ms returns 0x21000000
T82BFA6C0 133:928.723 JLINK_ReadReg(R15 (PC))
T82BFA6C0 133:928.734 - 0.016ms returns 0x00000D72
T82BFA6C0 133:928.749 JLINK_ReadReg(XPSR)
T82BFA6C0 133:928.755 - 0.009ms returns 0x21000000
T82BFA6C0 133:928.765 JLINK_ReadMem(0x00000D72, 0x1 Bytes, ...)
T82BFA6C0 133:928.783    -- Read from flash cache (1 bytes @ 0x00000D72)
T82BFA6C0 133:928.809   Data:  C2
T82BFA6C0 133:928.824 - 0.064ms returns 0
T82BFA6C0 133:928.838 JLINK_IsHalted()
T82BFA6C0 133:928.849 - 0.016ms returns TRUE
T82BFA6C0 133:928.860 JLINK_GetMOEs(...)
T82BFA6C0 133:928.871 - 0.016ms returns 0x01
T82BFA6C0 133:929.454 JLINK_ReadRegs(NumRegs = 22, Indexes: 0, 1, 2, 3, 4, 5, 6, 7, 8, 9, 10, 11, 12, 13, 14, 15, 16, 17, 18, 86, 87, 20)
T82BFA6C0 133:929.517    -- R0=0x928, R1=0x207, R2=0x01, R3=0x00, R4=0x200007D4, R5=0x2000082C, R6=0x2000082C, R7=0x200004F8, R8=0x200004F4, R9=0x1A3EFE86, R10=0xB7083C9F, R11=0xA37C5291, R12=0x241A300, R13 (SP)=0x20000E30, R14=0x20A5, R15 (PC)=0xD72, XPSR=0x21000000, MSP=0x20000E30, PSP=0x1240CDA4, MSPLIM=0x00, PSPLIM=0x00, CFBP=0x00
T82BFA6C0 133:929.531 - 0.083ms returns 0x00
T82BFA6C0 133:929.927 JLINK_STRACE_Read(..., NumItems = 0x10000)
T82BFA6C0 133:929.959 - 0.036ms NumItemsRead = 0x00
T82BFA6C0 133:929.973 JLINK_Step()
T82BFA6C0 133:929.991    -- Read from flash cache (2 bytes @ 0x00000D72)
T82BFA6C0 133:930.008    -- Read from flash cache (2 bytes @ 0x00000D74)
T82BFA6C0 133:930.029   -- Simulated
T82BFA6C0 133:930.037 - 0.089ms returns 0
T82BFA6C0 133:980.357 JLINK_IsHalted()
T82BFA6C0 133:980.393 - 0.040ms returns TRUE
T82BFA6C0 133:980.405 JLINK_ReadReg(XPSR)
T82BFA6C0 133:980.423 - 0.021ms returns 0x21000000
T82BFA6C0 133:980.430 JLINK_ReadReg(R15 (PC))
T82BFA6C0 133:980.459 - 0.031ms returns 0x00000D76
T82BFA6C0 133:980.469 JLINK_ReadReg(XPSR)
T82BFA6C0 133:980.475 - 0.009ms returns 0x21000000
T82BFA6C0 133:980.484 JLINK_ReadMem(0x00000D76, 0x1 Bytes, ...)
T82BFA6C0 133:980.495    -- Read from flash cache (1 bytes @ 0x00000D76)
T82BFA6C0 133:980.504   Data:  00
T82BFA6C0 133:980.513 - 0.031ms returns 0
T82BFA6C0 133:980.520 JLINK_IsHalted()
T82BFA6C0 133:980.526 - 0.009ms returns TRUE
T82BFA6C0 133:980.532 JLINK_GetMOEs(...)
T82BFA6C0 133:980.538 - 0.018ms returns 0x01
T82BFA6C0 133:980.859 JLINK_ReadRegs(NumRegs = 22, Indexes: 0, 1, 2, 3, 4, 5, 6, 7, 8, 9, 10, 11, 12, 13, 14, 15, 16, 17, 18, 86, 87, 20)
T82BFA6C0 133:980.905    -- R0=0x20000928, R1=0x207, R2=0x01, R3=0x00, R4=0x200007D4, R5=0x2000082C, R6=0x2000082C, R7=0x200004F8, R8=0x200004F4, R9=0x1A3EFE86, R10=0xB7083C9F, R11=0xA37C5291, R12=0x241A300, R13 (SP)=0x20000E30, R14=0x20A5, R15 (PC)=0xD76, XPSR=0x21000000, MSP=0x20000E30, PSP=0x1240CDA4, MSPLIM=0x00, PSPLIM=0x00, CFBP=0x00
T82BFA6C0 133:980.913 - 0.057ms returns 0x00
T82BFA6C0 133:981.137 JLINK_STRACE_Read(..., NumItems = 0x10000)
T82BFA6C0 133:981.153 - 0.019ms NumItemsRead = 0x00
T82BFA6C0 133:981.163 JLINK_Step()
T82BFA6C0 133:981.174    -- Read from flash cache (2 bytes @ 0x00000D76)
T82BFA6C0 133:981.185    -- Read from flash cache (2 bytes @ 0x00000D78)
T82BFA6C0 133:981.199   -- Simulated
T82BFA6C0 133:981.207 - 0.047ms returns 0
T82BFA6C0 134:031.487 JLINK_IsHalted()
T82BFA6C0 134:031.517 - 0.033ms returns TRUE
T82BFA6C0 134:031.526 JLINK_ReadReg(XPSR)
T82BFA6C0 134:031.541 - 0.017ms returns 0x21000000
T82BFA6C0 134:031.546 JLINK_ReadReg(R15 (PC))
T82BFA6C0 134:031.550 - 0.006ms returns 0x000015FC
T82BFA6C0 134:031.558 JLINK_ReadReg(XPSR)
T82BFA6C0 134:031.563 - 0.007ms returns 0x21000000
T82BFA6C0 134:031.569 JLINK_ReadMem(0x000015FC, 0x1 Bytes, ...)
T82BFA6C0 134:031.579    -- Read from flash cache (1 bytes @ 0x000015FC)
T82BFA6C0 134:031.585   Data:  FF
T82BFA6C0 134:031.591 - 0.024ms returns 0
T82BFA6C0 134:031.597 JLINK_IsHalted()
T82BFA6C0 134:031.601 - 0.006ms returns TRUE
T82BFA6C0 134:031.605 JLINK_GetMOEs(...)
T82BFA6C0 134:031.609 - 0.006ms returns 0x01
T82BFA6C0 134:031.904 JLINK_ReadRegs(NumRegs = 22, Indexes: 0, 1, 2, 3, 4, 5, 6, 7, 8, 9, 10, 11, 12, 13, 14, 15, 16, 17, 18, 86, 87, 20)
T82BFA6C0 134:031.939    -- R0=0x20000928, R1=0x207, R2=0x01, R3=0x00, R4=0x200007D4, R5=0x2000082C, R6=0x2000082C, R7=0x200004F8, R8=0x200004F4, R9=0x1A3EFE86, R10=0xB7083C9F, R11=0xA37C5291, R12=0x241A300, R13 (SP)=0x20000E30, R14=0xD7B, R15 (PC)=0x15FC, XPSR=0x21000000, MSP=0x20000E30, PSP=0x1240CDA4, MSPLIM=0x00, PSPLIM=0x00, CFBP=0x00
T82BFA6C0 134:031.946 - 0.044ms returns 0x00
T82BFA6C0 134:082.311 JLINK_ReadMem(0x000015FC, 0x4 Bytes, ...)
T82BFA6C0 134:082.349    -- Read from flash cache (4 bytes @ 0x000015FC)
T82BFA6C0 134:082.358   Data:  FF 20 01 23
T82BFA6C0 134:082.367 - 0.060ms returns 0
T82BFA6C0 134:132.746 JLINK_ReadMem(0x00000D7A, 0x4 Bytes, ...)
T82BFA6C0 134:132.786    -- Read from flash cache (4 bytes @ 0x00000D7A)
T82BFA6C0 134:132.793   Data:  40 F2 E8 31
T82BFA6C0 134:132.800 - 0.056ms returns 0
T82BFA6C0 134:132.998 JLINK_ReadMem(0x20000E40, 0x40 Bytes, ...)
T82BFA6C0 134:133.017    -- Read from C cache (64 bytes @ 0x20000E40)
T82BFA6C0 134:133.024   Data:  F8 04 00 20 D3 0F 00 00 D4 07 00 20 E7 21 00 00 ...
T82BFA6C0 134:133.030 - 0.034ms returns 0
T82BFA6C0 134:133.157 JLINK_ReadMem(0x00000D7A, 0x2 Bytes, ...)
T82BFA6C0 134:133.168    -- Read from flash cache (2 bytes @ 0x00000D7A)
T82BFA6C0 134:133.174   Data:  40 F2
T82BFA6C0 134:133.179 - 0.024ms returns 0
T82BFA6C0 134:133.295 JLINK_ClrBPEx(BPHandle = 0x0000000F)
T82BFA6C0 134:133.307 - 0.014ms returns 0x00
T82BFA6C0 134:133.312 JLINK_ClrBPEx(BPHandle = 0x00000010)
T82BFA6C0 134:133.328 - 0.018ms returns 0x00
T82BFA6C0 134:133.337 JLINK_SetBPEx(Addr = 0x00000F60, Type = 0xFFFFFF00)
T82BFA6C0 134:133.343 - 0.008ms returns 0x00000011
T82BFA6C0 134:133.347 JLINK_SetBPEx(Addr = 0x00000D68, Type = 0xFFFFFF00)
T82BFA6C0 134:133.351 - 0.006ms returns 0x00000012
T82BFA6C0 134:133.355 JLINK_SetBPEx(Addr = 0x00000D7A, Type = 0xFFFFFF00)
T82BFA6C0 134:133.359 - 0.006ms returns 0x00000013
T82BFA6C0 134:133.603 JLINK_IsHalted()
T82BFA6C0 134:133.622 - 0.022ms returns TRUE
T82BFA6C0 134:133.632 JLINK_STRACE_Read(..., NumItems = 0x10000)
T82BFA6C0 134:133.642 - 0.013ms NumItemsRead = 0x00
T82BFA6C0 134:133.650 JLINK_GoEx(MaxEmulInsts = 0, Flags = 0x01)
T82BFA6C0 134:133.668   CPU_WriteMem(4 bytes @ 0xE0002000)
T82BFA6C0 134:204.367   CPU_WriteMem(4 bytes @ 0xE0002000)
T82BFA6C0 134:272.412   CPU_WriteMem(4 bytes @ 0xE0002000)
T82BFA6C0 134:341.157   CPU_ReadMem(4 bytes @ 0xE0001000)
T82BFA6C0 134:414.000   CPU_WriteMem(4 bytes @ 0xE000ED30)
T82BFA6C0 134:484.813   CPU_WriteMem(4 bytes @ 0xE0002010)
T82BFA6C0 134:556.756   CPU_WriteMem(4 bytes @ 0xE0001004)
T82BFA6C0 134:760.742 - 627.119ms
T823F96C0 134:900.276 JLINK_IsHalted()
T823F96C0 134:985.591 - 85.348ms returns TRUE
T823F96C0 134:985.640 JLINK_ReadReg(XPSR)
T823F96C0 134:985.655   CPU_ReadMem(4 bytes @ 0xE000EE08)
T823F96C0 134:999.838 - 14.220ms returns 0x41000000
T823F96C0 134:999.875 JLINK_ReadReg(R15 (PC))
T823F96C0 134:999.885 - 0.013ms returns 0x00000D7A
T823F96C0 134:999.933 JLINK_ReadReg(XPSR)
T823F96C0 134:999.939 - 0.008ms returns 0x41000000
T823F96C0 134:999.947 JLINK_ReadMem(0x00000D7A, 0x1 Bytes, ...)
T823F96C0 134:999.957    -- Read from flash cache (1 bytes @ 0x00000D7A)
T823F96C0 134:999.965   Data:  40
T823F96C0 134:999.971 - 0.027ms returns 0
T82BFA6C0 134:999.993 JLINK_IsHalted()
T82BFA6C0 135:000.018 - 0.028ms returns TRUE
T82BFA6C0 135:000.028 JLINK_ReadReg(XPSR)
T82BFA6C0 135:000.044 - 0.019ms returns 0x41000000
T82BFA6C0 135:000.051 JLINK_ReadReg(R15 (PC))
T82BFA6C0 135:000.058 - 0.010ms returns 0x00000D7A
T82BFA6C0 135:000.067 JLINK_ReadReg(XPSR)
T82BFA6C0 135:000.074 - 0.010ms returns 0x41000000
T82BFA6C0 135:000.082 JLINK_ReadMem(0x00000D7A, 0x1 Bytes, ...)
T82BFA6C0 135:000.092    -- Read from flash cache (1 bytes @ 0x00000D7A)
T82BFA6C0 135:000.104   Data:  40
T82BFA6C0 135:000.112 - 0.033ms returns 0
T82BFA6C0 135:000.121 JLINK_IsHalted()
T82BFA6C0 135:000.127 - 0.009ms returns TRUE
T82BFA6C0 135:000.133 JLINK_GetMOEs(...)
T82BFA6C0 135:000.142   CPU_ReadMem(4 bytes @ 0xE000ED30)
T82BFA6C0 135:068.928 - 68.821ms returns 0x01
T82BFA6C0 135:069.090 JLINK_ReadMem(0x200004F8, 0x2 Bytes, ...)
T82BFA6C0 135:069.116   CPU_ReadMem(64 bytes @ 0x200004C0)
T82BFA6C0 135:083.362    -- Updating C cache (64 bytes @ 0x200004C0)
T82BFA6C0 135:083.394    -- Read from C cache (2 bytes @ 0x200004F8)
T82BFA6C0 135:083.403   Data:  00 00
T82BFA6C0 135:083.411 - 14.324ms returns 0
T82BFA6C0 135:133.814 JLINK_ReadMem(0x200004F4, 0x4 Bytes, ...)
T82BFA6C0 135:133.853    -- Read from C cache (4 bytes @ 0x200004F4)
T82BFA6C0 135:133.860   Data:  00 00 00 00
T82BFA6C0 135:133.867 - 0.056ms returns 0
T82BFA6C0 135:184.593 JLINK_ReadRegs(NumRegs = 22, Indexes: 0, 1, 2, 3, 4, 5, 6, 7, 8, 9, 10, 11, 12, 13, 14, 15, 16, 17, 18, 86, 87, 20)
T82BFA6C0 135:184.671    -- R0=0x00, R1=0x40040040, R2=0x40040000, R3=0x80, R4=0x200007D4, R5=0x2000082C, R6=0x2000082C, R7=0x200004F8, R8=0x200004F4, R9=0x1A3EFE86, R10=0xB7083C9F, R11=0xA37C5291, R12=0x40040000, R13 (SP)=0x20000E30, R14=0xD7B, R15 (PC)=0xD7A, XPSR=0x41000000, MSP=0x20000E30, PSP=0x1240CDA4, MSPLIM=0x00, PSPLIM=0x00, CFBP=0x00
T82BFA6C0 135:184.683 - 0.095ms returns 0x00
T82BFA6C0 135:184.960 JLINK_ReadMem(0x00000D7A, 0x4 Bytes, ...)
T82BFA6C0 135:184.982    -- Read from flash cache (4 bytes @ 0x00000D7A)
T82BFA6C0 135:184.990   Data:  40 F2 E8 31
T82BFA6C0 135:184.997 - 0.041ms returns 0
T82BFA6C0 135:185.140 JLINK_ReadMem(0x20000E40, 0x40 Bytes, ...)
T82BFA6C0 135:185.165   CPU_ReadMem(64 bytes @ 0x20000E40)
T82BFA6C0 135:199.909    -- Updating C cache (64 bytes @ 0x20000E40)
T82BFA6C0 135:199.931    -- Read from C cache (64 bytes @ 0x20000E40)
T82BFA6C0 135:199.939   Data:  F8 04 00 20 D3 0F 00 00 D4 07 00 20 E7 21 00 00 ...
T82BFA6C0 135:199.945 - 14.808ms returns 0
T82BFA6C0 135:200.176 JLINK_ClrBPEx(BPHandle = 0x00000011)
T82BFA6C0 135:200.189 - 0.015ms returns 0x00
T82BFA6C0 135:200.193 JLINK_ClrBPEx(BPHandle = 0x00000012)
T82BFA6C0 135:200.198 - 0.007ms returns 0x00
T82BFA6C0 135:200.202 JLINK_ClrBPEx(BPHandle = 0x00000013)
T82BFA6C0 135:200.206 - 0.006ms returns 0x00
T82BFA6C0 135:200.214 JLINK_SetBPEx(Addr = 0x00000F60, Type = 0xFFFFFF00)
T82BFA6C0 135:200.221 - 0.008ms returns 0x00000014
T82BFA6C0 135:200.225 JLINK_SetBPEx(Addr = 0x00000D68, Type = 0xFFFFFF00)
T82BFA6C0 135:200.229 - 0.006ms returns 0x00000015
T82BFA6C0 135:200.360 JLINK_ReadReg(XPSR)
T82BFA6C0 135:200.374 - 0.016ms returns 0x41000000
T823F96C0 135:202.699 JLINK_IsHalted()
T823F96C0 135:202.720 - 0.025ms returns TRUE
T823F96C0 135:202.731 JLINK_ReadReg(XPSR)
T823F96C0 135:202.742 - 0.014ms returns 0x41000000
T823F96C0 135:202.749 JLINK_ReadReg(R15 (PC))
T823F96C0 135:202.755 - 0.009ms returns 0x00000D7A
T823F96C0 135:202.765 JLINK_ReadReg(XPSR)
T823F96C0 135:202.772 - 0.009ms returns 0x41000000
T823F96C0 135:202.780 JLINK_ReadMem(0x00000D7A, 0x1 Bytes, ...)
T823F96C0 135:202.790    -- Read from flash cache (1 bytes @ 0x00000D7A)
T823F96C0 135:202.798   Data:  40
T823F96C0 135:202.806 - 0.029ms returns 0
T82BFA6C0 135:250.741 JLINK_ReadMem(0x00000D7A, 0x4 Bytes, ...)
T82BFA6C0 135:250.779    -- Read from flash cache (4 bytes @ 0x00000D7A)
T82BFA6C0 135:250.788   Data:  40 F2 E8 31
T82BFA6C0 135:250.798 - 0.060ms returns 0
T82BFA6C0 135:251.007 JLINK_ReadMem(0x20000E40, 0x40 Bytes, ...)
T82BFA6C0 135:251.027    -- Read from C cache (64 bytes @ 0x20000E40)
T82BFA6C0 135:251.036   Data:  F8 04 00 20 D3 0F 00 00 D4 07 00 20 E7 21 00 00 ...
T82BFA6C0 135:251.044 - 0.040ms returns 0
T82BFA6C0 135:251.209 JLINK_ReadMem(0x00000FD2, 0x4 Bytes, ...)
T82BFA6C0 135:251.221    -- Read from flash cache (4 bytes @ 0x00000FD2)
T82BFA6C0 135:251.229   Data:  00 20 10 BD
T82BFA6C0 135:251.238 - 0.032ms returns 0
T82BFA6C0 135:301.826 JLINK_ReadMem(0x200004F8, 0x2 Bytes, ...)
T82BFA6C0 135:301.873    -- Read from C cache (2 bytes @ 0x200004F8)
T82BFA6C0 135:301.883   Data:  00 00
T82BFA6C0 135:301.892 - 0.134ms returns 0
T82BFA6C0 135:302.387 JLINK_ReadMem(0x2000091C, 0x1 Bytes, ...)
T82BFA6C0 135:302.422   CPU_ReadMem(64 bytes @ 0x20000900)
T82BFA6C0 135:372.569    -- Updating C cache (64 bytes @ 0x20000900)
T82BFA6C0 135:372.609    -- Read from C cache (1 bytes @ 0x2000091C)
T82BFA6C0 135:372.620   Data:  00
T82BFA6C0 135:372.630 - 70.247ms returns 0
T82BFA6C0 135:423.159 JLINK_ReadMem(0x200004F4, 0x4 Bytes, ...)
T82BFA6C0 135:423.220    -- Read from C cache (4 bytes @ 0x200004F4)
T82BFA6C0 135:423.235   Data:  00 00 00 00
T82BFA6C0 135:423.251 - 0.098ms returns 0
T82BFA6C0 135:473.670 JLINK_ReadReg(XPSR)
T82BFA6C0 135:544.466 - 70.823ms returns 0x41000000
T82BFA6C0 135:594.930 JLINK_ReadReg(XPSR)
T82BFA6C0 135:594.977 - 0.051ms returns 0x41000000
T82BFA6C0 135:645.656 JLINK_ReadMem(0x200004F8, 0x2 Bytes, ...)
T82BFA6C0 135:645.700    -- Read from C cache (2 bytes @ 0x200004F8)
T82BFA6C0 135:645.710   Data:  00 00
T82BFA6C0 135:645.720 - 0.070ms returns 0
T82BFA6C0 135:646.166 JLINK_ReadMem(0x2000091C, 0x1 Bytes, ...)
T82BFA6C0 135:646.196    -- Read from C cache (1 bytes @ 0x2000091C)
T82BFA6C0 135:646.205   Data:  00
T82BFA6C0 135:646.217 - 0.054ms returns 0
T82BFA6C0 135:646.516 JLINK_ReadMem(0x200004F4, 0x4 Bytes, ...)
T82BFA6C0 135:646.535    -- Read from C cache (4 bytes @ 0x200004F4)
T82BFA6C0 135:646.546   Data:  00 00 00 00
T82BFA6C0 135:646.556 - 0.045ms returns 0
T82BFA6C0 136:159.538 JLINK_STRACE_Read(..., NumItems = 0x10000)
T82BFA6C0 136:159.576 - 0.042ms NumItemsRead = 0x00
T82BFA6C0 136:159.589 JLINK_Step()
T82BFA6C0 136:232.158    -- Read from flash cache (2 bytes @ 0x00000D7A)
T82BFA6C0 136:232.217   CPU_ReadMem(4 bytes @ 0xE0001004)
T82BFA6C0 136:300.649    -- Read from flash cache (2 bytes @ 0x00000D7C)
T82BFA6C0 136:300.696   -- Simulated
T82BFA6C0 136:300.705 - 141.121ms returns 0
T82BFA6C0 136:351.030 JLINK_IsHalted()
T82BFA6C0 136:351.072 - 0.047ms returns TRUE
T82BFA6C0 136:351.085 JLINK_ReadReg(XPSR)
T82BFA6C0 136:351.106 - 0.023ms returns 0x41000000
T82BFA6C0 136:351.112 JLINK_ReadReg(R15 (PC))
T82BFA6C0 136:351.119 - 0.010ms returns 0x00000D7E
T82BFA6C0 136:351.131 JLINK_ReadReg(XPSR)
T82BFA6C0 136:351.138 - 0.010ms returns 0x41000000
T82BFA6C0 136:351.146 JLINK_ReadMem(0x00000D7E, 0x1 Bytes, ...)
T82BFA6C0 136:351.159    -- Read from flash cache (1 bytes @ 0x00000D7E)
T82BFA6C0 136:351.169   Data:  40
T82BFA6C0 136:351.178 - 0.034ms returns 0
T82BFA6C0 136:351.192 JLINK_IsHalted()
T82BFA6C0 136:351.199 - 0.010ms returns TRUE
T82BFA6C0 136:351.209 JLINK_GetMOEs(...)
T82BFA6C0 136:351.215 - 0.009ms returns 0x01
T82BFA6C0 136:351.532 JLINK_ReadRegs(NumRegs = 22, Indexes: 0, 1, 2, 3, 4, 5, 6, 7, 8, 9, 10, 11, 12, 13, 14, 15, 16, 17, 18, 86, 87, 20)
T82BFA6C0 136:351.575    -- R0=0x00, R1=0x3E8, R2=0x40040000, R3=0x80, R4=0x200007D4, R5=0x2000082C, R6=0x2000082C, R7=0x200004F8, R8=0x200004F4, R9=0x1A3EFE86, R10=0xB7083C9F, R11=0xA37C5291, R12=0x40040000, R13 (SP)=0x20000E30, R14=0xD7B, R15 (PC)=0xD7E, XPSR=0x41000000, MSP=0x20000E30, PSP=0x1240CDA4, MSPLIM=0x00, PSPLIM=0x00, CFBP=0x00
T82BFA6C0 136:351.584 - 0.056ms returns 0x00
T82BFA6C0 136:351.796 JLINK_STRACE_Read(..., NumItems = 0x10000)
T82BFA6C0 136:351.810 - 0.041ms NumItemsRead = 0x00
T82BFA6C0 136:351.842 JLINK_Step()
T82BFA6C0 136:351.854    -- Read from flash cache (2 bytes @ 0x00000D7E)
T82BFA6C0 136:351.865    -- Read from flash cache (2 bytes @ 0x00000D80)
T82BFA6C0 136:351.879   -- Simulated
T82BFA6C0 136:351.887 - 0.048ms returns 0
T82BFA6C0 136:402.165 JLINK_IsHalted()
T82BFA6C0 136:402.201 - 0.040ms returns TRUE
T82BFA6C0 136:402.212 JLINK_ReadReg(XPSR)
T82BFA6C0 136:402.230 - 0.021ms returns 0x41000000
T82BFA6C0 136:402.237 JLINK_ReadReg(R15 (PC))
T82BFA6C0 136:402.244 - 0.010ms returns 0x00000D82
T82BFA6C0 136:402.255 JLINK_ReadReg(XPSR)
T82BFA6C0 136:402.262 - 0.009ms returns 0x41000000
T82BFA6C0 136:402.270 JLINK_ReadMem(0x00000D82, 0x1 Bytes, ...)
T82BFA6C0 136:402.282    -- Read from flash cache (1 bytes @ 0x00000D82)
T82BFA6C0 136:402.291   Data:  01
T82BFA6C0 136:402.299 - 0.032ms returns 0
T82BFA6C0 136:402.307 JLINK_IsHalted()
T82BFA6C0 136:402.312 - 0.008ms returns TRUE
T82BFA6C0 136:402.319 JLINK_GetMOEs(...)
T82BFA6C0 136:402.324 - 0.008ms returns 0x01
T82BFA6C0 136:402.738 JLINK_ReadRegs(NumRegs = 22, Indexes: 0, 1, 2, 3, 4, 5, 6, 7, 8, 9, 10, 11, 12, 13, 14, 15, 16, 17, 18, 86, 87, 20)
T82BFA6C0 136:402.795    -- R0=0x2EE, R1=0x3E8, R2=0x40040000, R3=0x80, R4=0x200007D4, R5=0x2000082C, R6=0x2000082C, R7=0x200004F8, R8=0x200004F4, R9=0x1A3EFE86, R10=0xB7083C9F, R11=0xA37C5291, R12=0x40040000, R13 (SP)=0x20000E30, R14=0xD7B, R15 (PC)=0xD82, XPSR=0x41000000, MSP=0x20000E30, PSP=0x1240CDA4, MSPLIM=0x00, PSPLIM=0x00, CFBP=0x00
T82BFA6C0 136:402.804 - 0.069ms returns 0x00
T82BFA6C0 136:403.038 JLINK_STRACE_Read(..., NumItems = 0x10000)
T82BFA6C0 136:403.053 - 0.018ms NumItemsRead = 0x00
T82BFA6C0 136:403.063 JLINK_Step()
T82BFA6C0 136:403.074    -- Read from flash cache (2 bytes @ 0x00000D82)
T82BFA6C0 136:403.085    -- Read from flash cache (2 bytes @ 0x00000D84)
T82BFA6C0 136:403.098   -- Simulated
T82BFA6C0 136:403.106 - 0.046ms returns 0
T82BFA6C0 136:453.418 JLINK_IsHalted()
T82BFA6C0 136:453.550 - 0.139ms returns TRUE
T82BFA6C0 136:453.569 JLINK_ReadReg(XPSR)
T82BFA6C0 136:453.597 - 0.034ms returns 0x41000000
T82BFA6C0 136:453.609 JLINK_ReadReg(R15 (PC))
T82BFA6C0 136:453.621 - 0.017ms returns 0x0000206C
T82BFA6C0 136:453.637 JLINK_ReadReg(XPSR)
T82BFA6C0 136:453.649 - 0.017ms returns 0x41000000
T82BFA6C0 136:453.663 JLINK_ReadMem(0x0000206C, 0x1 Bytes, ...)
T82BFA6C0 136:453.681    -- Read from flash cache (1 bytes @ 0x0000206C)
T82BFA6C0 136:453.696   Data:  40
T82BFA6C0 136:453.794 - 0.137ms returns 0
T82BFA6C0 136:453.811 JLINK_IsHalted()
T82BFA6C0 136:453.823 - 0.017ms returns TRUE
T82BFA6C0 136:453.833 JLINK_GetMOEs(...)
T82BFA6C0 136:453.844 - 0.016ms returns 0x01
T82BFA6C0 136:454.408 JLINK_ReadRegs(NumRegs = 22, Indexes: 0, 1, 2, 3, 4, 5, 6, 7, 8, 9, 10, 11, 12, 13, 14, 15, 16, 17, 18, 86, 87, 20)
T82BFA6C0 136:454.472    -- R0=0x2EE, R1=0x3E8, R2=0x40040000, R3=0x80, R4=0x200007D4, R5=0x2000082C, R6=0x2000082C, R7=0x200004F8, R8=0x200004F4, R9=0x1A3EFE86, R10=0xB7083C9F, R11=0xA37C5291, R12=0x40040000, R13 (SP)=0x20000E30, R14=0xD87, R15 (PC)=0x206C, XPSR=0x41000000, MSP=0x20000E30, PSP=0x1240CDA4, MSPLIM=0x00, PSPLIM=0x00, CFBP=0x00
T82BFA6C0 136:454.487 - 0.085ms returns 0x00
T82BFA6C0 136:504.933 JLINK_ReadMem(0x0000206C, 0x4 Bytes, ...)
T82BFA6C0 136:504.974    -- Read from flash cache (4 bytes @ 0x0000206C)
T82BFA6C0 136:504.984   Data:  40 F6 50 22
T82BFA6C0 136:504.993 - 0.063ms returns 0
T82BFA6C0 136:555.368 JLINK_ReadMem(0x00000D86, 0x4 Bytes, ...)
T82BFA6C0 136:555.410    -- Read from flash cache (4 bytes @ 0x00000D86)
T82BFA6C0 136:555.419   Data:  40 F6 28 10
T82BFA6C0 136:555.429 - 0.065ms returns 0
T82BFA6C0 136:555.643 JLINK_ReadMem(0x20000E40, 0x40 Bytes, ...)
T82BFA6C0 136:555.659    -- Read from C cache (64 bytes @ 0x20000E40)
T82BFA6C0 136:555.668   Data:  F8 04 00 20 D3 0F 00 00 D4 07 00 20 E7 21 00 00 ...
T82BFA6C0 136:555.676 - 0.037ms returns 0
T82BFA6C0 136:555.789 JLINK_ReadMem(0x00000D86, 0x2 Bytes, ...)
T82BFA6C0 136:555.799    -- Read from flash cache (2 bytes @ 0x00000D86)
T82BFA6C0 136:555.807   Data:  40 F6
T82BFA6C0 136:555.815 - 0.028ms returns 0
T82BFA6C0 136:555.924 JLINK_ClrBPEx(BPHandle = 0x00000014)
T82BFA6C0 136:555.935 - 0.014ms returns 0x00
T82BFA6C0 136:555.941 JLINK_ClrBPEx(BPHandle = 0x00000015)
T82BFA6C0 136:555.947 - 0.009ms returns 0x00
T82BFA6C0 136:555.958 JLINK_SetBPEx(Addr = 0x00000F60, Type = 0xFFFFFF00)
T82BFA6C0 136:555.968 - 0.013ms returns 0x00000016
T82BFA6C0 136:555.974 JLINK_SetBPEx(Addr = 0x00000D68, Type = 0xFFFFFF00)
T82BFA6C0 136:555.980 - 0.009ms returns 0x00000017
T82BFA6C0 136:555.986 JLINK_SetBPEx(Addr = 0x00000D86, Type = 0xFFFFFF00)
T82BFA6C0 136:555.993 - 0.009ms returns 0x00000018
T82BFA6C0 136:606.435 JLINK_IsHalted()
T82BFA6C0 136:606.479 - 0.049ms returns TRUE
T82BFA6C0 136:606.494 JLINK_STRACE_Read(..., NumItems = 0x10000)
T82BFA6C0 136:606.507 - 0.016ms NumItemsRead = 0x00
T82BFA6C0 136:606.519 JLINK_GoEx(MaxEmulInsts = 0, Flags = 0x01)
T82BFA6C0 136:606.547   CPU_WriteMem(4 bytes @ 0xE0002000)
T82BFA6C0 136:676.566   CPU_WriteMem(4 bytes @ 0xE0002000)
T82BFA6C0 136:691.542   CPU_WriteMem(4 bytes @ 0xE0002000)
T82BFA6C0 136:760.450   CPU_ReadMem(4 bytes @ 0xE0001000)
T82BFA6C0 136:828.253   CPU_WriteMem(4 bytes @ 0xE000ED30)
T82BFA6C0 136:896.465   CPU_WriteMem(4 bytes @ 0xE0002010)
T82BFA6C0 136:964.423   CPU_WriteMem(4 bytes @ 0xE0001004)
T82BFA6C0 137:176.533 - 570.043ms
T823F96C0 137:251.398 JLINK_IsHalted()
T823F96C0 137:320.730 - 69.369ms returns FALSE
T82BFA6C0 137:320.819 JLINK_IsHalted()
T82BFA6C0 137:392.784 - 71.994ms returns FALSE
T82BFA6C0 137:443.946 JLINK_IsHalted()
T82BFA6C0 137:458.630 - 14.719ms returns FALSE
T82BFA6C0 137:458.758 JLINK_ReadMem(0x200004F8, 0x2 Bytes, ...)
T82BFA6C0 137:458.793   CPU_ReadMem(2 bytes @ 0x200004F8)
T82BFA6C0 137:528.590   Data:  00 00
T82BFA6C0 137:528.625 - 69.870ms returns 0
T82BFA6C0 137:529.099 JLINK_ReadMem(0x200004F4, 0x4 Bytes, ...)
T82BFA6C0 137:529.132   CPU_ReadMem(4 bytes @ 0x200004F4)
T82BFA6C0 137:603.080   Data:  00 00 00 00
T82BFA6C0 137:603.128 - 74.036ms returns 0
T82BFA6C0 137:653.504 JLINK_IsHalted()
T82BFA6C0 137:667.859 - 14.400ms returns FALSE
T82BFA6C0 137:718.204 JLINK_IsHalted()
T82BFA6C0 137:788.255 - 70.075ms returns FALSE
T82BFA6C0 137:856.697 JLINK_IsHalted()
T82BFA6C0 137:871.444 - 14.771ms returns FALSE
T82BFA6C0 137:921.740 JLINK_IsHalted()
T82BFA6C0 137:936.182 - 14.466ms returns FALSE
T82BFA6C0 137:986.498 JLINK_IsHalted()
T82BFA6C0 138:001.166 - 14.688ms returns FALSE
T82BFA6C0 138:051.459 JLINK_IsHalted()
T82BFA6C0 138:066.426 - 14.995ms returns FALSE
T82BFA6C0 138:116.744 JLINK_IsHalted()
T82BFA6C0 138:131.774 - 15.058ms returns FALSE
T82BFA6C0 138:182.095 JLINK_IsHalted()
T82BFA6C0 138:196.792 - 14.726ms returns FALSE
T82BFA6C0 138:196.929 JLINK_ReadMem(0x200004F8, 0x2 Bytes, ...)
T82BFA6C0 138:196.953   CPU_ReadMem(2 bytes @ 0x200004F8)
T82BFA6C0 138:268.601   Data:  00 00
T82BFA6C0 138:268.636 - 71.711ms returns 0
T82BFA6C0 138:318.976 JLINK_IsHalted()
T82BFA6C0 138:334.818 - 15.869ms returns FALSE
T82BFA6C0 138:334.954 JLINK_ReadMem(0x200004F4, 0x4 Bytes, ...)
T82BFA6C0 138:334.978   CPU_ReadMem(4 bytes @ 0x200004F4)
T82BFA6C0 138:416.649   Data:  00 00 00 00
T82BFA6C0 138:416.679 - 81.727ms returns 0
T823F96C0 138:416.706 JLINK_IsHalted()
T823F96C0 138:448.990 - 32.317ms returns TRUE
T823F96C0 138:449.052 JLINK_ReadReg(XPSR)
T823F96C0 138:449.073   CPU_ReadMem(4 bytes @ 0xE000EE08)
T823F96C0 138:519.938 - 70.912ms returns 0x61000000
T823F96C0 138:519.981 JLINK_ReadReg(R15 (PC))
T823F96C0 138:519.992 - 0.015ms returns 0x00000D86
T823F96C0 138:520.006 JLINK_ReadReg(XPSR)
T823F96C0 138:520.012 - 0.009ms returns 0x61000000
T823F96C0 138:520.021 JLINK_ReadMem(0x00000D86, 0x1 Bytes, ...)
T823F96C0 138:520.033    -- Read from flash cache (1 bytes @ 0x00000D86)
T823F96C0 138:520.043   Data:  40
T823F96C0 138:520.051 - 0.033ms returns 0
T82BFA6C0 138:588.915 JLINK_IsHalted()
T82BFA6C0 138:588.954 - 0.043ms returns TRUE
T82BFA6C0 138:588.969 JLINK_ReadReg(XPSR)
T82BFA6C0 138:588.988 - 0.022ms returns 0x61000000
T82BFA6C0 138:588.994 JLINK_ReadReg(R15 (PC))
T82BFA6C0 138:589.001 - 0.010ms returns 0x00000D86
T82BFA6C0 138:589.013 JLINK_ReadReg(XPSR)
T82BFA6C0 138:589.020 - 0.010ms returns 0x61000000
T82BFA6C0 138:589.029 JLINK_ReadMem(0x00000D86, 0x1 Bytes, ...)
T82BFA6C0 138:589.041    -- Read from flash cache (1 bytes @ 0x00000D86)
T82BFA6C0 138:589.049   Data:  40
T82BFA6C0 138:589.058 - 0.032ms returns 0
T82BFA6C0 138:589.069 JLINK_IsHalted()
T82BFA6C0 138:589.076 - 0.010ms returns TRUE
T82BFA6C0 138:589.085 JLINK_GetMOEs(...)
T82BFA6C0 138:589.094   CPU_ReadMem(4 bytes @ 0xE000ED30)
T82BFA6C0 138:603.569 - 14.511ms returns 0x01
T82BFA6C0 138:603.938 JLINK_ReadRegs(NumRegs = 22, Indexes: 0, 1, 2, 3, 4, 5, 6, 7, 8, 9, 10, 11, 12, 13, 14, 15, 16, 17, 18, 86, 87, 20)
T82BFA6C0 138:603.988    -- R0=0x00, R1=0x00, R2=0x00, R3=0x00, R4=0x200007D4, R5=0x2000082C, R6=0x2000082C, R7=0x200004F8, R8=0x200004F4, R9=0x1A3EFE86, R10=0xB7083C9F, R11=0xA37C5291, R12=0x1BC1780, R13 (SP)=0x20000E30, R14=0x20A5, R15 (PC)=0xD86, XPSR=0x61000000, MSP=0x20000E30, PSP=0x1240CDA4, MSPLIM=0x00, PSPLIM=0x00, CFBP=0x00
T82BFA6C0 138:603.997 - 0.062ms returns 0x00
T82BFA6C0 138:604.235 JLINK_ReadMem(0x00000D86, 0x4 Bytes, ...)
T82BFA6C0 138:604.256    -- Read from flash cache (4 bytes @ 0x00000D86)
T82BFA6C0 138:604.265   Data:  40 F6 28 10
T82BFA6C0 138:604.274 - 0.042ms returns 0
T82BFA6C0 138:604.392 JLINK_ReadMem(0x20000E40, 0x40 Bytes, ...)
T82BFA6C0 138:604.412   CPU_ReadMem(64 bytes @ 0x20000E40)
T82BFA6C0 138:672.779    -- Updating C cache (64 bytes @ 0x20000E40)
T82BFA6C0 138:672.813    -- Read from C cache (64 bytes @ 0x20000E40)
T82BFA6C0 138:672.825   Data:  F8 04 00 20 D3 0F 00 00 D4 07 00 20 E7 21 00 00 ...
T82BFA6C0 138:672.834 - 68.445ms returns 0
T82BFA6C0 138:673.123 JLINK_ClrBPEx(BPHandle = 0x00000016)
T82BFA6C0 138:673.139 - 0.020ms returns 0x00
T82BFA6C0 138:673.147 JLINK_ClrBPEx(BPHandle = 0x00000017)
T82BFA6C0 138:673.153 - 0.009ms returns 0x00
T82BFA6C0 138:673.159 JLINK_ClrBPEx(BPHandle = 0x00000018)
T82BFA6C0 138:673.165 - 0.009ms returns 0x00
T82BFA6C0 138:673.176 JLINK_SetBPEx(Addr = 0x00000F60, Type = 0xFFFFFF00)
T82BFA6C0 138:673.186 - 0.013ms returns 0x00000019
T82BFA6C0 138:673.192 JLINK_SetBPEx(Addr = 0x00000D68, Type = 0xFFFFFF00)
T82BFA6C0 138:673.199 - 0.009ms returns 0x0000001A
T82BFA6C0 138:673.338 JLINK_ReadReg(XPSR)
T82BFA6C0 138:673.355 - 0.020ms returns 0x61000000
T823F96C0 138:675.519 JLINK_IsHalted()
T823F96C0 138:675.546 - 0.032ms returns TRUE
T823F96C0 138:675.557 JLINK_ReadReg(XPSR)
T823F96C0 138:675.570 - 0.017ms returns 0x61000000
T823F96C0 138:675.579 JLINK_ReadReg(R15 (PC))
T823F96C0 138:675.586 - 0.011ms returns 0x00000D86
T823F96C0 138:675.596 JLINK_ReadReg(XPSR)
T823F96C0 138:675.603 - 0.011ms returns 0x61000000
T823F96C0 138:675.612 JLINK_ReadMem(0x00000D86, 0x1 Bytes, ...)
T823F96C0 138:675.624    -- Read from flash cache (1 bytes @ 0x00000D86)
T823F96C0 138:675.634   Data:  40
T823F96C0 138:675.644 - 0.035ms returns 0
T82BFA6C0 138:724.639 JLINK_ReadMem(0x00000D86, 0x4 Bytes, ...)
T82BFA6C0 138:724.687    -- Read from flash cache (4 bytes @ 0x00000D86)
T82BFA6C0 138:724.700   Data:  40 F6 28 10
T82BFA6C0 138:724.734 - 0.100ms returns 0
T82BFA6C0 138:725.040 JLINK_ReadMem(0x20000E40, 0x40 Bytes, ...)
T82BFA6C0 138:725.066    -- Read from C cache (64 bytes @ 0x20000E40)
T82BFA6C0 138:725.076   Data:  F8 04 00 20 D3 0F 00 00 D4 07 00 20 E7 21 00 00 ...
T82BFA6C0 138:725.085 - 0.047ms returns 0
T82BFA6C0 138:725.264 JLINK_ReadMem(0x00000FD2, 0x4 Bytes, ...)
T82BFA6C0 138:725.276    -- Read from flash cache (4 bytes @ 0x00000FD2)
T82BFA6C0 138:725.284   Data:  00 20 10 BD
T82BFA6C0 138:725.293 - 0.032ms returns 0
T82BFA6C0 138:775.938 JLINK_ReadMem(0x200004F8, 0x2 Bytes, ...)
T82BFA6C0 138:775.979   CPU_ReadMem(64 bytes @ 0x200004C0)
T82BFA6C0 138:844.926    -- Updating C cache (64 bytes @ 0x200004C0)
T82BFA6C0 138:844.962    -- Read from C cache (2 bytes @ 0x200004F8)
T82BFA6C0 138:844.974   Data:  00 00
T82BFA6C0 138:844.984 - 69.049ms returns 0
T82BFA6C0 138:845.451 JLINK_ReadMem(0x2000091C, 0x1 Bytes, ...)
T82BFA6C0 138:845.486   CPU_ReadMem(64 bytes @ 0x20000900)
T82BFA6C0 138:859.887    -- Updating C cache (64 bytes @ 0x20000900)
T82BFA6C0 138:859.916    -- Read from C cache (1 bytes @ 0x2000091C)
T82BFA6C0 138:859.927   Data:  00
T82BFA6C0 138:859.936 - 14.489ms returns 0
T82BFA6C0 138:860.359 JLINK_ReadMem(0x200004F4, 0x4 Bytes, ...)
T82BFA6C0 138:860.381    -- Read from C cache (4 bytes @ 0x200004F4)
T82BFA6C0 138:860.391   Data:  00 00 00 00
T82BFA6C0 138:860.400 - 0.045ms returns 0
T82BFA6C0 138:911.195 JLINK_ReadReg(XPSR)
T82BFA6C0 138:911.236 - 0.045ms returns 0x61000000
T82BFA6C0 138:911.696 JLINK_ReadReg(XPSR)
T82BFA6C0 138:911.719 - 0.027ms returns 0x61000000
T82BFA6C0 139:063.765 JLINK_ReadMem(0x200004F8, 0x2 Bytes, ...)
T82BFA6C0 139:063.808    -- Read from C cache (2 bytes @ 0x200004F8)
T82BFA6C0 139:063.818   Data:  00 00
T82BFA6C0 139:063.827 - 0.066ms returns 0
T82BFA6C0 139:064.230 JLINK_ReadMem(0x2000091C, 0x1 Bytes, ...)
T82BFA6C0 139:064.251    -- Read from C cache (1 bytes @ 0x2000091C)
T82BFA6C0 139:064.260   Data:  00
T82BFA6C0 139:064.269 - 0.043ms returns 0
T82BFA6C0 139:064.480 JLINK_ReadMem(0x200004F4, 0x4 Bytes, ...)
T82BFA6C0 139:064.497    -- Read from C cache (4 bytes @ 0x200004F4)
T82BFA6C0 139:064.506   Data:  00 00 00 00
T82BFA6C0 139:064.515 - 0.038ms returns 0
T82BFA6C0 18931:007.414 JLINK_ReadReg(XPSR)
T82BFA6C0 18931:024.546   CPU is running
T82BFA6C0 18931:024.584   
  ***** Error: 
T82BFA6C0 18931:024.592   Cannot read register 16 (XPSR) while CPU is running
T82BFA6C0 18931:024.602 - 17.192ms returns 0x00000000
T82BFA6C0 18931:078.531 JLINK_ReadReg(XPSR)
T82BFA6C0 18931:153.458   CPU is running
T82BFA6C0 18931:153.495   
  ***** Error: 
T82BFA6C0 18931:153.503   Cannot read register 16 (XPSR) while CPU is running
T82BFA6C0 18931:153.512 - 74.985ms returns 0x00000000
T82BFA6C0 18931:203.911 JLINK_ReadReg(XPSR)
T82BFA6C0 18931:220.676   CPU is running
T82BFA6C0 18931:220.713   
  ***** Error: 
T82BFA6C0 18931:220.721   Cannot read register 16 (XPSR) while CPU is running
T82BFA6C0 18931:220.731 - 16.823ms returns 0x00000000
T8DBB3740 18931:482.332 JLINK_ClrBPEx(BPHandle = 0x00000019)
T8DBB3740 18931:553.629   CPU is running
T8DBB3740 18931:553.682   CPU is running
T8DBB3740 18931:553.699   CPU_WriteMem(4 bytes @ 0xE0002000)
T8DBB3740 18931:623.817   CPU is running
T8DBB3740 18931:623.873   CPU is running
T8DBB3740 18931:623.882   CPU is running
T8DBB3740 18931:623.891   CPU is running
T8DBB3740 18931:623.899   CPU is running
T8DBB3740 18931:623.907   CPU is running
T8DBB3740 18931:623.916 - 141.588ms returns 0x00
T8DBB3740 18931:623.935 JLINK_ClrBPEx(BPHandle = 0x0000001A)
T8DBB3740 18931:696.920   CPU is running
T8DBB3740 18931:696.961   CPU is running
T8DBB3740 18931:696.974   CPU is running
T8DBB3740 18931:696.982   CPU is running
T8DBB3740 18931:696.990   CPU is running
T8DBB3740 18931:697.000 - 73.069ms returns 0x00
T8DBB3740 18931:697.033 JLINK_Halt()
T8DBB3740 18931:776.660   CPU could not be halted
T8DBB3740 18931:776.705 - 79.677ms returns 0x01
T8DBB3740 18931:776.727 JLINK_ReadReg(XPSR)
T8DBB3740 18931:849.670   CPU is running
T8DBB3740 18931:849.709   
  ***** Error: 
T8DBB3740 18931:849.717   Cannot read register 16 (XPSR) while CPU is running
T8DBB3740 18931:849.726 - 73.002ms returns 0x00000000
T8DBB3740 18931:860.123 JLINK_Close()
T8DBB3740 18931:931.202   CPU is running
T8DBB3740 18931:931.250   CPU is running
T8DBB3740 18931:931.260   CPU is running
T8DBB3740 18931:931.270   CPU is running
T8DBB3740 18932:004.610   CPU could not be halted
T8DBB3740 18932:004.650   CPU_WriteMem(4 bytes @ 0xE0002008)
T8DBB3740 18932:004.659   CPU_WriteMem(4 bytes @ 0xE000200C)
T8DBB3740 18932:004.667   CPU_WriteMem(4 bytes @ 0xE0002010)
T8DBB3740 18932:709.725 - 849.624ms
T8DBB3740 18932:709.749   
T8DBB3740 18932:709.753   Closed
